@I [LIC-101] Checked out feature [HLS]
@I [HLS-10] Running 'D:/Xilinx/Vivado_HLS/2014.4/bin/unwrapped/win64.o/vivado_hls.exe'
            for user 'E150003' on host 'edell34' (Windows NT_amd64 version 6.1) on Tue Feb 28 17:30:58 +0800 2017
            in directory 'D:/Dropbox/DangKhoa/CEE_Cache/StarTrackingProject'
@I [HLS-10] Opening project 'D:/Dropbox/DangKhoa/CEE_Cache/StarTrackingProject/ConnectedComponentLabeling_HLS'.
@I [HLS-10] Opening solution 'D:/Dropbox/DangKhoa/CEE_Cache/StarTrackingProject/ConnectedComponentLabeling_HLS/solution1'.
@I [SYN-201] Setting up clock 'default' with a period of 10ns.
@I [LIC-101] Checked out feature [HLS]
@I [HLS-10] Setting target device to 'xc7z020clg484-1'
   Compiling ../../../core.cpp in debug mode
   Generating csim.exe
0 0 0 0 0 0 0 0 
0 111 111 111 111 0 0 0 
0 111 0 0 111 0 111 0 
0 0 0 0 111 111 111 0 
0 0 111 111 111 0 0 0 
0 0 0 111 0 0 0 222 
0 0 0 0 0 0 0 0 
0 0 0 0 0 0 0 0 


Star[1]: root = 1, x = 2.571429, y = 3.428571
Star[2]: root = 4, x = 5.000000, y = 7.000000
@I [SIM-1] CSim done with 0 errors.
@I [LIC-101] Checked in feature [HLS]
