

================================================================
== Vivado HLS Report for 'CCLabel_calCentroid'
================================================================
* Date:           Tue Feb 28 17:30:22 2017

* Version:        2014.4 (Build 1071461 on Tue Nov 18 16:42:57 PM 2014)
* Project:        ConnectedComponentLabeling_HLS
* Solution:       solution1
* Product family: zynq
* Target device:  xc7z020clg484-1


================================================================
== Performance Estimates
================================================================
+ Timing (ns): 
    * Summary: 
    +---------+-------+----------+------------+
    |  Clock  | Target| Estimated| Uncertainty|
    +---------+-------+----------+------------+
    |default  |  10.00|      8.46|        1.25|
    +---------+-------+----------+------------+

+ Latency (clock cycles): 
    * Summary: 
    +-----+-----+-----+-----+---------+
    |  Latency  |  Interval | Pipeline|
    | min | max | min | max |   Type  |
    +-----+-----+-----+-----+---------+
    |    ?|    ?|    ?|    ?|   none  |
    +-----+-----+-----+-----+---------+

    + Detail: 
        * Instance: 
        N/A

        * Loop: 
        +-------------+-----+-----+----------+-----------+-----------+------+----------+
        |             |  Latency  | Iteration|  Initiation Interval  | Trip |          |
        |  Loop Name  | min | max |  Latency |  achieved |   target  | Count| Pipelined|
        +-------------+-----+-----+----------+-----------+-----------+------+----------+
        |- Loop 1     |    ?|    ?|         ?|          -|          -|     ?|    no    |
        | + Loop 1.1  |    ?|    ?|         2|          -|          -|     ?|    no    |
        |- Loop 2     |    ?|    ?|        25|          1|          1|     ?|    yes   |
        +-------------+-----+-----+----------+-----------+-----------+------+----------+



================================================================
== Utilization Estimates
================================================================
* Summary: 
+-----------------+---------+-------+--------+-------+
|       Name      | BRAM_18K| DSP48E|   FF   |  LUT  |
+-----------------+---------+-------+--------+-------+
|Expression       |        -|      -|       -|      -|
|FIFO             |        -|      -|       -|      -|
|Instance         |        -|      -|       -|      -|
|Memory           |        -|      -|       -|      -|
|Multiplexer      |        -|      -|       -|      -|
|Register         |        -|      -|       -|      -|
+-----------------+---------+-------+--------+-------+
|Total            |        0|      0|       0|      0|
+-----------------+---------+-------+--------+-------+
|Available        |      280|    220|  106400|  53200|
+-----------------+---------+-------+--------+-------+
|Utilization (%)  |        0|      0|       0|      0|
+-----------------+---------+-------+--------+-------+

+ Detail: 
    * Instance: 
    N/A

    * Memory: 
    N/A

    * FIFO: 
    N/A

    * Expression: 
    N/A

    * Multiplexer: 
    N/A

    * Register: 
    N/A



================================================================
== Interface
================================================================
* Summary: 
N/A

============================================================
+ Verbose Summary: Synthesis Manager
============================================================
InlineROM: 1
ExposeGlobal: 0
============================================================
+ Verbose Summary: CDFG Model
============================================================
IsTopModel: 0
ResetActiveHigh: 1
IsCombinational: 0
IsDatapathOnly: 0
HasWiredReturn: 1
HasMFsm: 0
HasVarLatency: 1
IsPipeline: 0
IsRtlPipelined: 0
IsInstanceOverlapped: 0
IsDontTouch: 0
HasImplIP: 0
IsGatedGlobalClock: 0

+ Individual pipeline summary: 
  * Pipeline-0: initiation interval (II) = 1, depth = 25


============================================================
+ Verbose Summary: Schedule
============================================================
* Number of FSM states: 32
* Pipeline: 1
  Pipeline-0: II = 1, D = 25, States = { 7 8 9 10 11 12 13 14 15 16 17 18 19 20 21 22 23 24 25 26 27 28 29 30 31 }
* Dataflow Pipeline: 0

* FSM state transitions: 
1 --> 
	2  / true
2 --> 
	3  / (tmp)
	7  / (!tmp)
3 --> 
	4  / (!tmp_2)
	6  / (tmp_2)
4 --> 
	5  / true
5 --> 
	4  / (!tmp_1_i)
	6  / (tmp_1_i)
6 --> 
	2  / true
7 --> 
	32  / (!tmp_3)
	8  / (tmp_3)
8 --> 
	9  / true
9 --> 
	10  / true
10 --> 
	11  / true
11 --> 
	12  / true
12 --> 
	13  / true
13 --> 
	14  / true
14 --> 
	15  / true
15 --> 
	16  / true
16 --> 
	17  / true
17 --> 
	18  / true
18 --> 
	19  / true
19 --> 
	20  / true
20 --> 
	21  / true
21 --> 
	22  / true
22 --> 
	23  / true
23 --> 
	24  / true
24 --> 
	25  / true
25 --> 
	26  / true
26 --> 
	27  / true
27 --> 
	28  / true
28 --> 
	29  / true
29 --> 
	30  / true
30 --> 
	31  / true
31 --> 
	7  / true
32 --> 
* FSM state operations: 

 <State 1>: 1.57ns
ST_1: setCount_read [1/1] 0.00ns
:0  %setCount_read = call i32 @_ssdm_op_Read.ap_auto.i32(i32 %setCount)

ST_1: stg_34 [1/1] 1.57ns
:1  br label %1


 <State 2>: 2.52ns
ST_2: temp_1 [1/1] 0.00ns
:0  %temp_1 = phi i32 [ 1, %0 ], [ %i_1, %._crit_edge ]

ST_2: tmp [1/1] 2.52ns
:1  %tmp = icmp ult i32 %temp_1, %setCount_read

ST_2: stg_37 [1/1] 0.00ns
:2  br i1 %tmp, label %2, label %.preheader.preheader

ST_2: tmp_s [1/1] 0.00ns
:2  %tmp_s = zext i32 %temp_1 to i64

ST_2: set_addr [1/1] 0.00ns
:3  %set_addr = getelementptr [30 x i32]* %set, i64 0, i64 %tmp_s

ST_2: set_load [2/2] 2.39ns
:4  %set_load = load i32* %set_addr, align 4

ST_2: centroidDataCount [1/1] 0.00ns
.preheader.preheader:0  %centroidDataCount = alloca i32, align 4

ST_2: stg_42 [1/1] 1.57ns
.preheader.preheader:1  store i32 0, i32* %centroidDataCount, align 4

ST_2: stg_43 [1/1] 1.57ns
.preheader.preheader:2  br label %.preheader


 <State 3>: 6.48ns
ST_3: tmp_1 [1/1] 0.00ns
:0  %tmp_1 = call i32 (...)* @_ssdm_op_SpecRegionBegin([12 x i8]* @p_str2)

ST_3: stg_45 [1/1] 0.00ns
:1  call void (...)* @_ssdm_op_SpecPipeline(i32 1, i32 1, i32 1, i32 0, [1 x i8]* @p_str) nounwind

ST_3: set_load [1/2] 2.39ns
:4  %set_load = load i32* %set_addr, align 4

ST_3: tmp_2 [1/1] 2.52ns
:5  %tmp_2 = icmp eq i32 %set_load, %temp_1

ST_3: stg_48 [1/1] 1.57ns
:6  br i1 %tmp_2, label %._crit_edge, label %.preheader37


 <State 4>: 2.39ns
ST_4: root [1/1] 0.00ns
.preheader37:0  %root = phi i32 [ %temp, %.preheader37 ], [ %temp_1, %2 ]

ST_4: tmp_i [1/1] 0.00ns
.preheader37:1  %tmp_i = zext i32 %root to i64

ST_4: set_addr_1 [1/1] 0.00ns
.preheader37:2  %set_addr_1 = getelementptr [30 x i32]* %set, i64 0, i64 %tmp_i

ST_4: temp [2/2] 2.39ns
.preheader37:3  %temp = load i32* %set_addr_1, align 4


 <State 5>: 4.91ns
ST_5: temp [1/2] 2.39ns
.preheader37:3  %temp = load i32* %set_addr_1, align 4

ST_5: tmp_1_i [1/1] 2.52ns
.preheader37:4  %tmp_1_i = icmp eq i32 %root, %temp

ST_5: stg_55 [1/1] 0.00ns
.preheader37:5  br i1 %tmp_1_i, label %find.exit, label %.preheader37

ST_5: starData_totalIntensity_addr [1/1] 0.00ns
find.exit:0  %starData_totalIntensity_addr = getelementptr [30 x i32]* %starData_totalIntensity, i64 0, i64 %tmp_s

ST_5: starData_totalIntensity_load [2/2] 2.39ns
find.exit:1  %starData_totalIntensity_load = load i32* %starData_totalIntensity_addr, align 4

ST_5: starData_totalIntensity_addr_1 [1/1] 0.00ns
find.exit:2  %starData_totalIntensity_addr_1 = getelementptr [30 x i32]* %starData_totalIntensity, i64 0, i64 %tmp_i

ST_5: starData_totalIntensity_load_1 [2/2] 2.39ns
find.exit:3  %starData_totalIntensity_load_1 = load i32* %starData_totalIntensity_addr_1, align 4

ST_5: starData_x_addr [1/1] 0.00ns
find.exit:6  %starData_x_addr = getelementptr [30 x i32]* %starData_x, i64 0, i64 %tmp_s

ST_5: starData_x_load [2/2] 2.39ns
find.exit:7  %starData_x_load = load i32* %starData_x_addr, align 4

ST_5: starData_x_addr_1 [1/1] 0.00ns
find.exit:8  %starData_x_addr_1 = getelementptr [30 x i32]* %starData_x, i64 0, i64 %tmp_i

ST_5: starData_x_load_1 [2/2] 2.39ns
find.exit:9  %starData_x_load_1 = load i32* %starData_x_addr_1, align 4

ST_5: starData_y_addr [1/1] 0.00ns
find.exit:12  %starData_y_addr = getelementptr [30 x i32]* %starData_y, i64 0, i64 %tmp_s

ST_5: starData_y_load [2/2] 2.39ns
find.exit:13  %starData_y_load = load i32* %starData_y_addr, align 4

ST_5: starData_y_addr_1 [1/1] 0.00ns
find.exit:14  %starData_y_addr_1 = getelementptr [30 x i32]* %starData_y, i64 0, i64 %tmp_i

ST_5: starData_y_load_1 [2/2] 2.39ns
find.exit:15  %starData_y_load_1 = load i32* %starData_y_addr_1, align 4

ST_5: starData_status_addr [1/1] 0.00ns
find.exit:18  %starData_status_addr = getelementptr [30 x i1]* %starData_status, i64 0, i64 %tmp_s

ST_5: stg_69 [1/1] 2.39ns
find.exit:19  store i1 false, i1* %starData_status_addr, align 1


 <State 6>: 7.22ns
ST_6: starData_totalIntensity_load [1/2] 2.39ns
find.exit:1  %starData_totalIntensity_load = load i32* %starData_totalIntensity_addr, align 4

ST_6: starData_totalIntensity_load_1 [1/2] 2.39ns
find.exit:3  %starData_totalIntensity_load_1 = load i32* %starData_totalIntensity_addr_1, align 4

ST_6: tmp_5 [1/1] 2.44ns
find.exit:4  %tmp_5 = add i32 %starData_totalIntensity_load_1, %starData_totalIntensity_load

ST_6: stg_73 [1/1] 2.39ns
find.exit:5  store i32 %tmp_5, i32* %starData_totalIntensity_addr_1, align 4

ST_6: starData_x_load [1/2] 2.39ns
find.exit:7  %starData_x_load = load i32* %starData_x_addr, align 4

ST_6: starData_x_load_1 [1/2] 2.39ns
find.exit:9  %starData_x_load_1 = load i32* %starData_x_addr_1, align 4

ST_6: tmp_6 [1/1] 2.44ns
find.exit:10  %tmp_6 = add i32 %starData_x_load_1, %starData_x_load

ST_6: stg_77 [1/1] 2.39ns
find.exit:11  store i32 %tmp_6, i32* %starData_x_addr_1, align 4

ST_6: starData_y_load [1/2] 2.39ns
find.exit:13  %starData_y_load = load i32* %starData_y_addr, align 4

ST_6: starData_y_load_1 [1/2] 2.39ns
find.exit:15  %starData_y_load_1 = load i32* %starData_y_addr_1, align 4

ST_6: tmp_7 [1/1] 2.44ns
find.exit:16  %tmp_7 = add i32 %starData_y_load_1, %starData_y_load

ST_6: stg_81 [1/1] 2.39ns
find.exit:17  store i32 %tmp_7, i32* %starData_y_addr_1, align 4

ST_6: stg_82 [1/1] 0.00ns
find.exit:20  br label %._crit_edge

ST_6: empty [1/1] 0.00ns
._crit_edge:0  %empty = call i32 (...)* @_ssdm_op_SpecRegionEnd([12 x i8]* @p_str2, i32 %tmp_1)

ST_6: i_1 [1/1] 2.44ns
._crit_edge:1  %i_1 = add i32 %temp_1, 1

ST_6: stg_85 [1/1] 0.00ns
._crit_edge:2  br label %1


 <State 7>: 2.52ns
ST_7: temp_root [1/1] 0.00ns
.preheader:0  %temp_root = phi i32 [ %i, %._crit_edge1 ], [ 1, %.preheader.preheader ]

ST_7: tmp_3 [1/1] 2.52ns
.preheader:1  %tmp_3 = icmp ult i32 %temp_root, %setCount_read

ST_7: stg_88 [1/1] 0.00ns
.preheader:2  br i1 %tmp_3, label %3, label %5

ST_7: tmp_9 [1/1] 0.00ns
:2  %tmp_9 = zext i32 %temp_root to i64

ST_7: starData_status_addr_1 [1/1] 0.00ns
:3  %starData_status_addr_1 = getelementptr [30 x i1]* %starData_status, i64 0, i64 %tmp_9

ST_7: starData_status_load [2/2] 2.39ns
:4  %starData_status_load = load i1* %starData_status_addr_1, align 1

ST_7: i [1/1] 2.44ns
._crit_edge1:1  %i = add i32 %temp_root, 1


 <State 8>: 4.01ns
ST_8: starData_status_load [1/2] 2.39ns
:4  %starData_status_load = load i1* %starData_status_addr_1, align 1

ST_8: stg_94 [1/1] 0.00ns
:5  br i1 %starData_status_load, label %4, label %._crit_edge1

ST_8: centroidDataCount_load [1/1] 0.00ns
:0  %centroidDataCount_load = load i32* %centroidDataCount, align 4

ST_8: starData_x_addr_2 [1/1] 0.00ns
:1  %starData_x_addr_2 = getelementptr [30 x i32]* %starData_x, i64 0, i64 %tmp_9

ST_8: starData_x_load_2 [2/2] 2.39ns
:2  %starData_x_load_2 = load i32* %starData_x_addr_2, align 4

ST_8: starData_totalIntensity_addr_2 [1/1] 0.00ns
:4  %starData_totalIntensity_addr_2 = getelementptr [30 x i32]* %starData_totalIntensity, i64 0, i64 %tmp_9

ST_8: starData_totalIntensity_load_2 [2/2] 2.39ns
:5  %starData_totalIntensity_load_2 = load i32* %starData_totalIntensity_addr_2, align 4

ST_8: starData_y_addr_2 [1/1] 0.00ns
:8  %starData_y_addr_2 = getelementptr [30 x i32]* %starData_y, i64 0, i64 %tmp_9

ST_8: starData_y_load_2 [2/2] 2.39ns
:9  %starData_y_load_2 = load i32* %starData_y_addr_2, align 4

ST_8: tmp_12 [1/1] 0.00ns
:12  %tmp_12 = zext i32 %centroidDataCount_load to i64

ST_8: centroidData_root_addr [1/1] 0.00ns
:13  %centroidData_root_addr = getelementptr [30 x i32]* %centroidData_root, i64 0, i64 %tmp_12

ST_8: stg_104 [1/1] 2.39ns
:14  store i32 %temp_root, i32* %centroidData_root_addr, align 4

ST_8: centroidDataCount_1 [1/1] 2.44ns
:19  %centroidDataCount_1 = add i32 %centroidDataCount_load, 1

ST_8: stg_106 [1/1] 1.57ns
:20  store i32 %centroidDataCount_1, i32* %centroidDataCount, align 4


 <State 9>: 2.39ns
ST_9: starData_x_load_2 [1/2] 2.39ns
:2  %starData_x_load_2 = load i32* %starData_x_addr_2, align 4

ST_9: starData_totalIntensity_load_2 [1/2] 2.39ns
:5  %starData_totalIntensity_load_2 = load i32* %starData_totalIntensity_addr_2, align 4

ST_9: starData_y_load_2 [1/2] 2.39ns
:9  %starData_y_load_2 = load i32* %starData_y_addr_2, align 4


 <State 10>: 6.41ns
ST_10: tmp_4 [6/6] 6.41ns
:3  %tmp_4 = uitofp i32 %starData_x_load_2 to float

ST_10: tmp_10 [6/6] 6.41ns
:6  %tmp_10 = uitofp i32 %starData_totalIntensity_load_2 to float

ST_10: tmp_11 [6/6] 6.41ns
:10  %tmp_11 = uitofp i32 %starData_y_load_2 to float


 <State 11>: 6.41ns
ST_11: tmp_4 [5/6] 6.41ns
:3  %tmp_4 = uitofp i32 %starData_x_load_2 to float

ST_11: tmp_10 [5/6] 6.41ns
:6  %tmp_10 = uitofp i32 %starData_totalIntensity_load_2 to float

ST_11: tmp_11 [5/6] 6.41ns
:10  %tmp_11 = uitofp i32 %starData_y_load_2 to float


 <State 12>: 6.41ns
ST_12: tmp_4 [4/6] 6.41ns
:3  %tmp_4 = uitofp i32 %starData_x_load_2 to float

ST_12: tmp_10 [4/6] 6.41ns
:6  %tmp_10 = uitofp i32 %starData_totalIntensity_load_2 to float

ST_12: tmp_11 [4/6] 6.41ns
:10  %tmp_11 = uitofp i32 %starData_y_load_2 to float


 <State 13>: 6.41ns
ST_13: tmp_4 [3/6] 6.41ns
:3  %tmp_4 = uitofp i32 %starData_x_load_2 to float

ST_13: tmp_10 [3/6] 6.41ns
:6  %tmp_10 = uitofp i32 %starData_totalIntensity_load_2 to float

ST_13: tmp_11 [3/6] 6.41ns
:10  %tmp_11 = uitofp i32 %starData_y_load_2 to float


 <State 14>: 6.41ns
ST_14: tmp_4 [2/6] 6.41ns
:3  %tmp_4 = uitofp i32 %starData_x_load_2 to float

ST_14: tmp_10 [2/6] 6.41ns
:6  %tmp_10 = uitofp i32 %starData_totalIntensity_load_2 to float

ST_14: tmp_11 [2/6] 6.41ns
:10  %tmp_11 = uitofp i32 %starData_y_load_2 to float


 <State 15>: 6.41ns
ST_15: tmp_4 [1/6] 6.41ns
:3  %tmp_4 = uitofp i32 %starData_x_load_2 to float

ST_15: tmp_10 [1/6] 6.41ns
:6  %tmp_10 = uitofp i32 %starData_totalIntensity_load_2 to float

ST_15: tmp_11 [1/6] 6.41ns
:10  %tmp_11 = uitofp i32 %starData_y_load_2 to float


 <State 16>: 6.08ns
ST_16: temp_x [16/16] 6.08ns
:7  %temp_x = fdiv float %tmp_4, %tmp_10

ST_16: temp_y [16/16] 6.08ns
:11  %temp_y = fdiv float %tmp_11, %tmp_10


 <State 17>: 6.08ns
ST_17: temp_x [15/16] 6.08ns
:7  %temp_x = fdiv float %tmp_4, %tmp_10

ST_17: temp_y [15/16] 6.08ns
:11  %temp_y = fdiv float %tmp_11, %tmp_10


 <State 18>: 6.08ns
ST_18: temp_x [14/16] 6.08ns
:7  %temp_x = fdiv float %tmp_4, %tmp_10

ST_18: temp_y [14/16] 6.08ns
:11  %temp_y = fdiv float %tmp_11, %tmp_10


 <State 19>: 6.08ns
ST_19: temp_x [13/16] 6.08ns
:7  %temp_x = fdiv float %tmp_4, %tmp_10

ST_19: temp_y [13/16] 6.08ns
:11  %temp_y = fdiv float %tmp_11, %tmp_10


 <State 20>: 6.08ns
ST_20: temp_x [12/16] 6.08ns
:7  %temp_x = fdiv float %tmp_4, %tmp_10

ST_20: temp_y [12/16] 6.08ns
:11  %temp_y = fdiv float %tmp_11, %tmp_10


 <State 21>: 6.08ns
ST_21: temp_x [11/16] 6.08ns
:7  %temp_x = fdiv float %tmp_4, %tmp_10

ST_21: temp_y [11/16] 6.08ns
:11  %temp_y = fdiv float %tmp_11, %tmp_10


 <State 22>: 6.08ns
ST_22: temp_x [10/16] 6.08ns
:7  %temp_x = fdiv float %tmp_4, %tmp_10

ST_22: temp_y [10/16] 6.08ns
:11  %temp_y = fdiv float %tmp_11, %tmp_10


 <State 23>: 6.08ns
ST_23: temp_x [9/16] 6.08ns
:7  %temp_x = fdiv float %tmp_4, %tmp_10

ST_23: temp_y [9/16] 6.08ns
:11  %temp_y = fdiv float %tmp_11, %tmp_10


 <State 24>: 6.08ns
ST_24: temp_x [8/16] 6.08ns
:7  %temp_x = fdiv float %tmp_4, %tmp_10

ST_24: temp_y [8/16] 6.08ns
:11  %temp_y = fdiv float %tmp_11, %tmp_10


 <State 25>: 6.08ns
ST_25: temp_x [7/16] 6.08ns
:7  %temp_x = fdiv float %tmp_4, %tmp_10

ST_25: temp_y [7/16] 6.08ns
:11  %temp_y = fdiv float %tmp_11, %tmp_10


 <State 26>: 6.08ns
ST_26: temp_x [6/16] 6.08ns
:7  %temp_x = fdiv float %tmp_4, %tmp_10

ST_26: temp_y [6/16] 6.08ns
:11  %temp_y = fdiv float %tmp_11, %tmp_10


 <State 27>: 6.08ns
ST_27: temp_x [5/16] 6.08ns
:7  %temp_x = fdiv float %tmp_4, %tmp_10

ST_27: temp_y [5/16] 6.08ns
:11  %temp_y = fdiv float %tmp_11, %tmp_10


 <State 28>: 6.08ns
ST_28: temp_x [4/16] 6.08ns
:7  %temp_x = fdiv float %tmp_4, %tmp_10

ST_28: temp_y [4/16] 6.08ns
:11  %temp_y = fdiv float %tmp_11, %tmp_10


 <State 29>: 6.08ns
ST_29: temp_x [3/16] 6.08ns
:7  %temp_x = fdiv float %tmp_4, %tmp_10

ST_29: temp_y [3/16] 6.08ns
:11  %temp_y = fdiv float %tmp_11, %tmp_10


 <State 30>: 6.08ns
ST_30: temp_x [2/16] 6.08ns
:7  %temp_x = fdiv float %tmp_4, %tmp_10

ST_30: temp_y [2/16] 6.08ns
:11  %temp_y = fdiv float %tmp_11, %tmp_10


 <State 31>: 8.46ns
ST_31: tmp_8 [1/1] 0.00ns
:0  %tmp_8 = call i32 (...)* @_ssdm_op_SpecRegionBegin([12 x i8]* @p_str3)

ST_31: stg_159 [1/1] 0.00ns
:1  call void (...)* @_ssdm_op_SpecPipeline(i32 1, i32 1, i32 1, i32 0, [1 x i8]* @p_str) nounwind

ST_31: temp_x [1/16] 6.08ns
:7  %temp_x = fdiv float %tmp_4, %tmp_10

ST_31: temp_y [1/16] 6.08ns
:11  %temp_y = fdiv float %tmp_11, %tmp_10

ST_31: centroidData_x_addr [1/1] 0.00ns
:15  %centroidData_x_addr = getelementptr [30 x float]* %centroidData_x, i64 0, i64 %tmp_12

ST_31: stg_163 [1/1] 2.39ns
:16  store float %temp_x, float* %centroidData_x_addr, align 4

ST_31: centroidData_y_addr [1/1] 0.00ns
:17  %centroidData_y_addr = getelementptr [30 x float]* %centroidData_y, i64 0, i64 %tmp_12

ST_31: stg_165 [1/1] 2.39ns
:18  store float %temp_y, float* %centroidData_y_addr, align 4

ST_31: stg_166 [1/1] 0.00ns
:21  br label %._crit_edge1

ST_31: empty_2 [1/1] 0.00ns
._crit_edge1:0  %empty_2 = call i32 (...)* @_ssdm_op_SpecRegionEnd([12 x i8]* @p_str3, i32 %tmp_8)

ST_31: stg_168 [1/1] 0.00ns
._crit_edge1:2  br label %.preheader


 <State 32>: 0.00ns
ST_32: centroidDataCount_load_1 [1/1] 0.00ns
:0  %centroidDataCount_load_1 = load i32* %centroidDataCount, align 4

ST_32: stg_170 [1/1] 0.00ns
:1  ret i32 %centroidDataCount_load_1



============================================================
+ Verbose Summary: Binding
============================================================
STG Binding: 
---------------- STG Properties BEGIN ----------------
- Is combinational: 0
- Is one-state seq: 0
- Is datapath-only: 0
- Is clock enabled: 0
- Is pipelined: 0
- Is top level: 0
Port [ Return ] is wired: 1; IO mode=ap_ctrl_hs:ce=0
Port [ set]:  wired=1; compound=1; hidden=0; nouse=0; global=0; static=0; extern=0; dir=0; type=1; mode=0x7b5dad0; pingpong=0; private_global=0; MemPort=[13]; IO mode=ap_memory:ce=0
Port [ starData_status]:  wired=1; compound=1; hidden=0; nouse=0; global=0; static=0; extern=0; dir=2; type=1; mode=0x7b5db60; pingpong=0; private_global=0; MemPort=[23]; IO mode=ap_memory:ce=0
Port [ starData_totalIntensity]:  wired=1; compound=1; hidden=0; nouse=0; global=0; static=0; extern=0; dir=2; type=1; mode=0x7b5dbf0; pingpong=0; private_global=0; MemPort=[21]; IO mode=ap_memory:ce=0
Port [ starData_x]:  wired=1; compound=1; hidden=0; nouse=0; global=0; static=0; extern=0; dir=2; type=1; mode=0x7b5dc80; pingpong=0; private_global=0; MemPort=[21]; IO mode=ap_memory:ce=0
Port [ starData_y]:  wired=1; compound=1; hidden=0; nouse=0; global=0; static=0; extern=0; dir=2; type=1; mode=0x7cc8db0; pingpong=0; private_global=0; MemPort=[21]; IO mode=ap_memory:ce=0
Port [ centroidData_root]:  wired=1; compound=1; hidden=0; nouse=0; global=0; static=0; extern=0; dir=1; type=1; mode=0x7cc88a0; pingpong=0; private_global=0; MemPort=[03]; IO mode=ap_memory:ce=0
Port [ centroidData_x]:  wired=1; compound=1; hidden=0; nouse=0; global=0; static=0; extern=0; dir=1; type=1; mode=0x7cc8930; pingpong=0; private_global=0; MemPort=[03]; IO mode=ap_memory:ce=0
Port [ centroidData_y]:  wired=1; compound=1; hidden=0; nouse=0; global=0; static=0; extern=0; dir=1; type=1; mode=0x7cc8780; pingpong=0; private_global=0; MemPort=[03]; IO mode=ap_memory:ce=0
Port [ setCount]:  wired=1; compound=0; hidden=0; nouse=0; global=0; static=0; extern=0; dir=0; type=0; mode=0x7cc8810; pingpong=0; private_global=0; IO mode=ap_none:ce=0
---------------- STG Properties END ------------------

---------------- Datapath Model BEGIN ----------------

<LifeTime>
<method=bitvector/>
setCount_read                  (read           ) [ 001111111111111111111111111111110]
stg_34                         (br             ) [ 011111100000000000000000000000000]
temp_1                         (phi            ) [ 001111100000000000000000000000000]
tmp                            (icmp           ) [ 001111111111111111111111111111110]
stg_37                         (br             ) [ 000000000000000000000000000000000]
tmp_s                          (zext           ) [ 000111000000000000000000000000000]
set_addr                       (getelementptr  ) [ 000100000000000000000000000000000]
centroidDataCount              (alloca         ) [ 001111111111111111111111111111111]
stg_42                         (store          ) [ 000000000000000000000000000000000]
stg_43                         (br             ) [ 001111111111111111111111111111110]
tmp_1                          (specregionbegin) [ 000011100000000000000000000000000]
stg_45                         (specpipeline   ) [ 000000000000000000000000000000000]
set_load                       (load           ) [ 000000000000000000000000000000000]
tmp_2                          (icmp           ) [ 001111100000000000000000000000000]
stg_48                         (br             ) [ 001111100000000000000000000000000]
root                           (phi            ) [ 000011000000000000000000000000000]
tmp_i                          (zext           ) [ 000001000000000000000000000000000]
set_addr_1                     (getelementptr  ) [ 000001000000000000000000000000000]
temp                           (load           ) [ 001111100000000000000000000000000]
tmp_1_i                        (icmp           ) [ 001111100000000000000000000000000]
stg_55                         (br             ) [ 001111100000000000000000000000000]
starData_totalIntensity_addr   (getelementptr  ) [ 001100100000000000000000000000000]
starData_totalIntensity_addr_1 (getelementptr  ) [ 001100100000000000000000000000000]
starData_x_addr                (getelementptr  ) [ 001100100000000000000000000000000]
starData_x_addr_1              (getelementptr  ) [ 001100100000000000000000000000000]
starData_y_addr                (getelementptr  ) [ 001100100000000000000000000000000]
starData_y_addr_1              (getelementptr  ) [ 001100100000000000000000000000000]
starData_status_addr           (getelementptr  ) [ 000000000000000000000000000000000]
stg_69                         (store          ) [ 000000000000000000000000000000000]
starData_totalIntensity_load   (load           ) [ 000000000000000000000000000000000]
starData_totalIntensity_load_1 (load           ) [ 000000000000000000000000000000000]
tmp_5                          (add            ) [ 000000000000000000000000000000000]
stg_73                         (store          ) [ 000000000000000000000000000000000]
starData_x_load                (load           ) [ 000000000000000000000000000000000]
starData_x_load_1              (load           ) [ 000000000000000000000000000000000]
tmp_6                          (add            ) [ 000000000000000000000000000000000]
stg_77                         (store          ) [ 000000000000000000000000000000000]
starData_y_load                (load           ) [ 000000000000000000000000000000000]
starData_y_load_1              (load           ) [ 000000000000000000000000000000000]
tmp_7                          (add            ) [ 000000000000000000000000000000000]
stg_81                         (store          ) [ 000000000000000000000000000000000]
stg_82                         (br             ) [ 000000000000000000000000000000000]
empty                          (specregionend  ) [ 000000000000000000000000000000000]
i_1                            (add            ) [ 011111100000000000000000000000000]
stg_85                         (br             ) [ 011111100000000000000000000000000]
temp_root                      (phi            ) [ 000000011000000000000000000000000]
tmp_3                          (icmp           ) [ 000000011111111111111111111111110]
stg_88                         (br             ) [ 000000000000000000000000000000000]
tmp_9                          (zext           ) [ 000000011000000000000000000000000]
starData_status_addr_1         (getelementptr  ) [ 000000011000000000000000000000000]
i                              (add            ) [ 001000011111111111111111111111110]
starData_status_load           (load           ) [ 000000011111111111111111111111110]
stg_94                         (br             ) [ 000000000000000000000000000000000]
centroidDataCount_load         (load           ) [ 000000000000000000000000000000000]
starData_x_addr_2              (getelementptr  ) [ 000000010100000000000000000000000]
starData_totalIntensity_addr_2 (getelementptr  ) [ 000000010100000000000000000000000]
starData_y_addr_2              (getelementptr  ) [ 000000010100000000000000000000000]
tmp_12                         (zext           ) [ 000000010111111111111111111111110]
centroidData_root_addr         (getelementptr  ) [ 000000000000000000000000000000000]
stg_104                        (store          ) [ 000000000000000000000000000000000]
centroidDataCount_1            (add            ) [ 000000000000000000000000000000000]
stg_106                        (store          ) [ 000000000000000000000000000000000]
starData_x_load_2              (load           ) [ 000000010011111100000000000000000]
starData_totalIntensity_load_2 (load           ) [ 000000010011111100000000000000000]
starData_y_load_2              (load           ) [ 000000010011111100000000000000000]
tmp_4                          (uitofp         ) [ 000000010000000011111111111111110]
tmp_10                         (uitofp         ) [ 000000010000000011111111111111110]
tmp_11                         (uitofp         ) [ 000000010000000011111111111111110]
tmp_8                          (specregionbegin) [ 000000000000000000000000000000000]
stg_159                        (specpipeline   ) [ 000000000000000000000000000000000]
temp_x                         (fdiv           ) [ 000000000000000000000000000000000]
temp_y                         (fdiv           ) [ 000000000000000000000000000000000]
centroidData_x_addr            (getelementptr  ) [ 000000000000000000000000000000000]
stg_163                        (store          ) [ 000000000000000000000000000000000]
centroidData_y_addr            (getelementptr  ) [ 000000000000000000000000000000000]
stg_165                        (store          ) [ 000000000000000000000000000000000]
stg_166                        (br             ) [ 000000000000000000000000000000000]
empty_2                        (specregionend  ) [ 000000000000000000000000000000000]
stg_168                        (br             ) [ 001000011111111111111111111111110]
centroidDataCount_load_1       (load           ) [ 000000000000000000000000000000000]
stg_170                        (ret            ) [ 000000000000000000000000000000000]
</LifeTime>

<model>

<comp_list>
<comp id="0" class="1000" name="set">
<pin_list>
<pin id="1" dir="1" index="0" bw="1" slack="0"/>
</pin_list>
<bind>
<StgValue><ssdm name="set"/><MemPortTyVec>1 3 </MemPortTyVec>
</StgValue>
</bind>
</comp>

<comp id="2" class="1000" name="starData_status">
<pin_list>
<pin id="3" dir="1" index="0" bw="1" slack="0"/>
</pin_list>
<bind>
<StgValue><ssdm name="starData_status"/><MemPortTyVec>2 3 </MemPortTyVec>
</StgValue>
</bind>
</comp>

<comp id="4" class="1000" name="starData_totalIntensity">
<pin_list>
<pin id="5" dir="1" index="0" bw="1" slack="0"/>
</pin_list>
<bind>
<StgValue><ssdm name="starData_totalIntensity"/><MemPortTyVec>2 1 </MemPortTyVec>
</StgValue>
</bind>
</comp>

<comp id="6" class="1000" name="starData_x">
<pin_list>
<pin id="7" dir="1" index="0" bw="1" slack="0"/>
</pin_list>
<bind>
<StgValue><ssdm name="starData_x"/><MemPortTyVec>2 1 </MemPortTyVec>
</StgValue>
</bind>
</comp>

<comp id="8" class="1000" name="starData_y">
<pin_list>
<pin id="9" dir="1" index="0" bw="1" slack="0"/>
</pin_list>
<bind>
<StgValue><ssdm name="starData_y"/><MemPortTyVec>2 1 </MemPortTyVec>
</StgValue>
</bind>
</comp>

<comp id="10" class="1000" name="centroidData_root">
<pin_list>
<pin id="11" dir="1" index="0" bw="1" slack="0"/>
</pin_list>
<bind>
<StgValue><ssdm name="centroidData_root"/><MemPortTyVec>0 3 </MemPortTyVec>
</StgValue>
</bind>
</comp>

<comp id="12" class="1000" name="centroidData_x">
<pin_list>
<pin id="13" dir="1" index="0" bw="1" slack="0"/>
</pin_list>
<bind>
<StgValue><ssdm name="centroidData_x"/><MemPortTyVec>0 3 </MemPortTyVec>
</StgValue>
</bind>
</comp>

<comp id="14" class="1000" name="centroidData_y">
<pin_list>
<pin id="15" dir="1" index="0" bw="1" slack="0"/>
</pin_list>
<bind>
<StgValue><ssdm name="centroidData_y"/><MemPortTyVec>0 3 </MemPortTyVec>
</StgValue>
</bind>
</comp>

<comp id="16" class="1000" name="setCount">
<pin_list>
<pin id="17" dir="1" index="0" bw="1" slack="0"/>
</pin_list>
<bind>
<StgValue><ssdm name="setCount"/></StgValue>
</bind>
</comp>

<comp id="18" class="1001" name="const_18">
<pin_list>
<pin id="19" dir="1" index="0" bw="1" slack="0"/>
</pin_list>
<bind>
<StgValue><ssdm name="_ssdm_op_Read.ap_auto.i32"/></StgValue>
</bind>
</comp>

<comp id="20" class="1001" name="const_20">
<pin_list>
<pin id="21" dir="1" index="0" bw="1" slack="0"/>
</pin_list>
<bind>
<StgValue><ssdm name=""/></StgValue>
</bind>
</comp>

<comp id="22" class="1001" name="const_22">
<pin_list>
<pin id="23" dir="1" index="0" bw="1" slack="0"/>
</pin_list>
<bind>
<StgValue><ssdm name=""/></StgValue>
</bind>
</comp>

<comp id="24" class="1001" name="const_24">
<pin_list>
<pin id="25" dir="1" index="0" bw="1" slack="0"/>
</pin_list>
<bind>
<StgValue><ssdm name=""/></StgValue>
</bind>
</comp>

<comp id="26" class="1001" name="const_26">
<pin_list>
<pin id="27" dir="1" index="0" bw="1" slack="0"/>
</pin_list>
<bind>
<StgValue><ssdm name=""/></StgValue>
</bind>
</comp>

<comp id="28" class="1001" name="const_28">
<pin_list>
<pin id="29" dir="1" index="0" bw="1" slack="2147483647"/>
</pin_list>
<bind>
<StgValue><ssdm name="_ssdm_op_SpecRegionBegin"/></StgValue>
</bind>
</comp>

<comp id="30" class="1001" name="const_30">
<pin_list>
<pin id="31" dir="1" index="0" bw="1" slack="2147483647"/>
</pin_list>
<bind>
<StgValue><ssdm name="p_str2"/></StgValue>
</bind>
</comp>

<comp id="32" class="1001" name="const_32">
<pin_list>
<pin id="33" dir="1" index="0" bw="1" slack="2147483647"/>
</pin_list>
<bind>
<StgValue><ssdm name="_ssdm_op_SpecPipeline"/></StgValue>
</bind>
</comp>

<comp id="34" class="1001" name="const_34">
<pin_list>
<pin id="35" dir="1" index="0" bw="1" slack="2147483647"/>
</pin_list>
<bind>
<StgValue><ssdm name="p_str"/></StgValue>
</bind>
</comp>

<comp id="36" class="1001" name="const_36">
<pin_list>
<pin id="37" dir="1" index="0" bw="1" slack="0"/>
</pin_list>
<bind>
<StgValue><ssdm name=""/></StgValue>
</bind>
</comp>

<comp id="38" class="1001" name="const_38">
<pin_list>
<pin id="39" dir="1" index="0" bw="1" slack="2147483647"/>
</pin_list>
<bind>
<StgValue><ssdm name="_ssdm_op_SpecRegionEnd"/></StgValue>
</bind>
</comp>

<comp id="40" class="1001" name="const_40">
<pin_list>
<pin id="41" dir="1" index="0" bw="1" slack="2147483647"/>
</pin_list>
<bind>
<StgValue><ssdm name="p_str3"/></StgValue>
</bind>
</comp>

<comp id="42" class="1004" name="centroidDataCount_fu_42">
<pin_list>
<pin id="43" dir="0" index="0" bw="1" slack="0"/>
<pin id="44" dir="1" index="1" bw="32" slack="0"/>
</pin_list>
<bind>
<opcode="alloca(26) " fcode="alloca"/>
<opset="centroidDataCount/2 "/>
</bind>
</comp>

<comp id="46" class="1004" name="setCount_read_read_fu_46">
<pin_list>
<pin id="47" dir="0" index="0" bw="32" slack="0"/>
<pin id="48" dir="0" index="1" bw="32" slack="0"/>
<pin id="49" dir="1" index="2" bw="32" slack="1"/>
</pin_list>
<bind>
<opcode="read(1150) " fcode="read"/>
<opset="setCount_read/1 "/>
</bind>
</comp>

<comp id="52" class="1004" name="set_addr_gep_fu_52">
<pin_list>
<pin id="53" dir="0" index="0" bw="32" slack="0"/>
<pin id="54" dir="0" index="1" bw="1" slack="0"/>
<pin id="55" dir="0" index="2" bw="32" slack="0"/>
<pin id="56" dir="1" index="3" bw="5" slack="0"/>
</pin_list>
<bind>
<opcode="getelementptr(29) " fcode="getelementptr"/>
<opset="set_addr/2 "/>
</bind>
</comp>

<comp id="59" class="1004" name="grp_access_fu_59">
<pin_list>
<pin id="60" dir="0" index="0" bw="5" slack="0"/>
<pin id="61" dir="0" index="1" bw="32" slack="2147483647"/>
<pin id="62" dir="1" index="2" bw="32" slack="0"/>
</pin_list>
<bind>
<opcode="load(27) " fcode="load"/>
<opset="set_load/2 temp/4 "/>
</bind>
</comp>

<comp id="64" class="1004" name="set_addr_1_gep_fu_64">
<pin_list>
<pin id="65" dir="0" index="0" bw="32" slack="0"/>
<pin id="66" dir="0" index="1" bw="1" slack="0"/>
<pin id="67" dir="0" index="2" bw="32" slack="0"/>
<pin id="68" dir="1" index="3" bw="5" slack="0"/>
</pin_list>
<bind>
<opcode="getelementptr(29) " fcode="getelementptr"/>
<opset="set_addr_1/4 "/>
</bind>
</comp>

<comp id="72" class="1004" name="starData_totalIntensity_addr_gep_fu_72">
<pin_list>
<pin id="73" dir="0" index="0" bw="32" slack="0"/>
<pin id="74" dir="0" index="1" bw="1" slack="0"/>
<pin id="75" dir="0" index="2" bw="32" slack="3"/>
<pin id="76" dir="1" index="3" bw="5" slack="0"/>
</pin_list>
<bind>
<opcode="getelementptr(29) " fcode="getelementptr"/>
<opset="starData_totalIntensity_addr/5 "/>
</bind>
</comp>

<comp id="79" class="1004" name="grp_access_fu_79">
<pin_list>
<pin id="80" dir="0" index="0" bw="5" slack="0"/>
<pin id="81" dir="0" index="1" bw="32" slack="0"/>
<pin id="91" dir="0" index="3" bw="5" slack="0"/>
<pin id="92" dir="0" index="4" bw="32" slack="2147483647"/>
<pin id="82" dir="1" index="2" bw="32" slack="0"/>
<pin id="93" dir="1" index="5" bw="32" slack="0"/>
</pin_list>
<bind>
<opcode="load(27) store(28) " fcode="load"/>
<opset="starData_totalIntensity_load/5 starData_totalIntensity_load_1/5 stg_73/6 starData_totalIntensity_load_2/8 "/>
</bind>
</comp>

<comp id="84" class="1004" name="starData_totalIntensity_addr_1_gep_fu_84">
<pin_list>
<pin id="85" dir="0" index="0" bw="32" slack="0"/>
<pin id="86" dir="0" index="1" bw="1" slack="0"/>
<pin id="87" dir="0" index="2" bw="32" slack="1"/>
<pin id="88" dir="1" index="3" bw="5" slack="0"/>
</pin_list>
<bind>
<opcode="getelementptr(29) " fcode="getelementptr"/>
<opset="starData_totalIntensity_addr_1/5 "/>
</bind>
</comp>

<comp id="95" class="1004" name="starData_x_addr_gep_fu_95">
<pin_list>
<pin id="96" dir="0" index="0" bw="32" slack="0"/>
<pin id="97" dir="0" index="1" bw="1" slack="0"/>
<pin id="98" dir="0" index="2" bw="32" slack="3"/>
<pin id="99" dir="1" index="3" bw="5" slack="0"/>
</pin_list>
<bind>
<opcode="getelementptr(29) " fcode="getelementptr"/>
<opset="starData_x_addr/5 "/>
</bind>
</comp>

<comp id="102" class="1004" name="grp_access_fu_102">
<pin_list>
<pin id="103" dir="0" index="0" bw="5" slack="0"/>
<pin id="104" dir="0" index="1" bw="32" slack="0"/>
<pin id="114" dir="0" index="3" bw="5" slack="0"/>
<pin id="115" dir="0" index="4" bw="32" slack="2147483647"/>
<pin id="105" dir="1" index="2" bw="32" slack="0"/>
<pin id="116" dir="1" index="5" bw="32" slack="0"/>
</pin_list>
<bind>
<opcode="load(27) store(28) " fcode="load"/>
<opset="starData_x_load/5 starData_x_load_1/5 stg_77/6 starData_x_load_2/8 "/>
</bind>
</comp>

<comp id="107" class="1004" name="starData_x_addr_1_gep_fu_107">
<pin_list>
<pin id="108" dir="0" index="0" bw="32" slack="0"/>
<pin id="109" dir="0" index="1" bw="1" slack="0"/>
<pin id="110" dir="0" index="2" bw="32" slack="1"/>
<pin id="111" dir="1" index="3" bw="5" slack="0"/>
</pin_list>
<bind>
<opcode="getelementptr(29) " fcode="getelementptr"/>
<opset="starData_x_addr_1/5 "/>
</bind>
</comp>

<comp id="118" class="1004" name="starData_y_addr_gep_fu_118">
<pin_list>
<pin id="119" dir="0" index="0" bw="32" slack="0"/>
<pin id="120" dir="0" index="1" bw="1" slack="0"/>
<pin id="121" dir="0" index="2" bw="32" slack="3"/>
<pin id="122" dir="1" index="3" bw="5" slack="0"/>
</pin_list>
<bind>
<opcode="getelementptr(29) " fcode="getelementptr"/>
<opset="starData_y_addr/5 "/>
</bind>
</comp>

<comp id="125" class="1004" name="grp_access_fu_125">
<pin_list>
<pin id="126" dir="0" index="0" bw="5" slack="0"/>
<pin id="127" dir="0" index="1" bw="32" slack="0"/>
<pin id="137" dir="0" index="3" bw="5" slack="0"/>
<pin id="138" dir="0" index="4" bw="32" slack="2147483647"/>
<pin id="128" dir="1" index="2" bw="32" slack="0"/>
<pin id="139" dir="1" index="5" bw="32" slack="0"/>
</pin_list>
<bind>
<opcode="load(27) store(28) " fcode="load"/>
<opset="starData_y_load/5 starData_y_load_1/5 stg_81/6 starData_y_load_2/8 "/>
</bind>
</comp>

<comp id="130" class="1004" name="starData_y_addr_1_gep_fu_130">
<pin_list>
<pin id="131" dir="0" index="0" bw="32" slack="0"/>
<pin id="132" dir="0" index="1" bw="1" slack="0"/>
<pin id="133" dir="0" index="2" bw="32" slack="1"/>
<pin id="134" dir="1" index="3" bw="5" slack="0"/>
</pin_list>
<bind>
<opcode="getelementptr(29) " fcode="getelementptr"/>
<opset="starData_y_addr_1/5 "/>
</bind>
</comp>

<comp id="141" class="1004" name="starData_status_addr_gep_fu_141">
<pin_list>
<pin id="142" dir="0" index="0" bw="1" slack="0"/>
<pin id="143" dir="0" index="1" bw="1" slack="0"/>
<pin id="144" dir="0" index="2" bw="32" slack="3"/>
<pin id="145" dir="1" index="3" bw="5" slack="0"/>
</pin_list>
<bind>
<opcode="getelementptr(29) " fcode="getelementptr"/>
<opset="starData_status_addr/5 "/>
</bind>
</comp>

<comp id="148" class="1004" name="grp_access_fu_148">
<pin_list>
<pin id="149" dir="0" index="0" bw="5" slack="0"/>
<pin id="150" dir="0" index="1" bw="1" slack="0"/>
<pin id="151" dir="1" index="2" bw="1" slack="1"/>
</pin_list>
<bind>
<opcode="load(27) store(28) " fcode="load"/>
<opset="stg_69/5 starData_status_load/7 "/>
</bind>
</comp>

<comp id="154" class="1004" name="starData_status_addr_1_gep_fu_154">
<pin_list>
<pin id="155" dir="0" index="0" bw="1" slack="0"/>
<pin id="156" dir="0" index="1" bw="1" slack="0"/>
<pin id="157" dir="0" index="2" bw="32" slack="0"/>
<pin id="158" dir="1" index="3" bw="5" slack="0"/>
</pin_list>
<bind>
<opcode="getelementptr(29) " fcode="getelementptr"/>
<opset="starData_status_addr_1/7 "/>
</bind>
</comp>

<comp id="162" class="1004" name="starData_x_addr_2_gep_fu_162">
<pin_list>
<pin id="163" dir="0" index="0" bw="32" slack="0"/>
<pin id="164" dir="0" index="1" bw="1" slack="0"/>
<pin id="165" dir="0" index="2" bw="32" slack="1"/>
<pin id="166" dir="1" index="3" bw="5" slack="0"/>
</pin_list>
<bind>
<opcode="getelementptr(29) " fcode="getelementptr"/>
<opset="starData_x_addr_2/8 "/>
</bind>
</comp>

<comp id="170" class="1004" name="starData_totalIntensity_addr_2_gep_fu_170">
<pin_list>
<pin id="171" dir="0" index="0" bw="32" slack="0"/>
<pin id="172" dir="0" index="1" bw="1" slack="0"/>
<pin id="173" dir="0" index="2" bw="32" slack="1"/>
<pin id="174" dir="1" index="3" bw="5" slack="0"/>
</pin_list>
<bind>
<opcode="getelementptr(29) " fcode="getelementptr"/>
<opset="starData_totalIntensity_addr_2/8 "/>
</bind>
</comp>

<comp id="178" class="1004" name="starData_y_addr_2_gep_fu_178">
<pin_list>
<pin id="179" dir="0" index="0" bw="32" slack="0"/>
<pin id="180" dir="0" index="1" bw="1" slack="0"/>
<pin id="181" dir="0" index="2" bw="32" slack="1"/>
<pin id="182" dir="1" index="3" bw="5" slack="0"/>
</pin_list>
<bind>
<opcode="getelementptr(29) " fcode="getelementptr"/>
<opset="starData_y_addr_2/8 "/>
</bind>
</comp>

<comp id="186" class="1004" name="centroidData_root_addr_gep_fu_186">
<pin_list>
<pin id="187" dir="0" index="0" bw="32" slack="0"/>
<pin id="188" dir="0" index="1" bw="1" slack="0"/>
<pin id="189" dir="0" index="2" bw="32" slack="0"/>
<pin id="190" dir="1" index="3" bw="5" slack="0"/>
</pin_list>
<bind>
<opcode="getelementptr(29) " fcode="getelementptr"/>
<opset="centroidData_root_addr/8 "/>
</bind>
</comp>

<comp id="193" class="1004" name="stg_104_access_fu_193">
<pin_list>
<pin id="194" dir="0" index="0" bw="5" slack="0"/>
<pin id="195" dir="0" index="1" bw="32" slack="1"/>
<pin id="196" dir="1" index="2" bw="32" slack="2147483647"/>
</pin_list>
<bind>
<opcode="store(28) " fcode="store"/>
<opset="stg_104/8 "/>
</bind>
</comp>

<comp id="198" class="1004" name="centroidData_x_addr_gep_fu_198">
<pin_list>
<pin id="199" dir="0" index="0" bw="32" slack="0"/>
<pin id="200" dir="0" index="1" bw="1" slack="0"/>
<pin id="201" dir="0" index="2" bw="32" slack="23"/>
<pin id="202" dir="1" index="3" bw="5" slack="0"/>
</pin_list>
<bind>
<opcode="getelementptr(29) " fcode="getelementptr"/>
<opset="centroidData_x_addr/31 "/>
</bind>
</comp>

<comp id="205" class="1004" name="stg_163_access_fu_205">
<pin_list>
<pin id="206" dir="0" index="0" bw="5" slack="0"/>
<pin id="207" dir="0" index="1" bw="32" slack="0"/>
<pin id="208" dir="1" index="2" bw="32" slack="2147483647"/>
</pin_list>
<bind>
<opcode="store(28) " fcode="store"/>
<opset="stg_163/31 "/>
</bind>
</comp>

<comp id="210" class="1004" name="centroidData_y_addr_gep_fu_210">
<pin_list>
<pin id="211" dir="0" index="0" bw="32" slack="0"/>
<pin id="212" dir="0" index="1" bw="1" slack="0"/>
<pin id="213" dir="0" index="2" bw="32" slack="23"/>
<pin id="214" dir="1" index="3" bw="5" slack="0"/>
</pin_list>
<bind>
<opcode="getelementptr(29) " fcode="getelementptr"/>
<opset="centroidData_y_addr/31 "/>
</bind>
</comp>

<comp id="217" class="1004" name="stg_165_access_fu_217">
<pin_list>
<pin id="218" dir="0" index="0" bw="5" slack="0"/>
<pin id="219" dir="0" index="1" bw="32" slack="0"/>
<pin id="220" dir="1" index="2" bw="32" slack="2147483647"/>
</pin_list>
<bind>
<opcode="store(28) " fcode="store"/>
<opset="stg_165/31 "/>
</bind>
</comp>

<comp id="222" class="1005" name="temp_1_reg_222">
<pin_list>
<pin id="223" dir="0" index="0" bw="32" slack="1"/>
<pin id="224" dir="1" index="1" bw="32" slack="1"/>
</pin_list>
<bind>
<opset="temp_1 (phireg) "/>
</bind>
</comp>

<comp id="226" class="1004" name="temp_1_phi_fu_226">
<pin_list>
<pin id="227" dir="0" index="0" bw="1" slack="1"/>
<pin id="228" dir="0" index="1" bw="0" slack="2147483647"/>
<pin id="229" dir="0" index="2" bw="32" slack="1"/>
<pin id="230" dir="0" index="3" bw="0" slack="2147483647"/>
<pin id="231" dir="1" index="4" bw="32" slack="0"/>
</pin_list>
<bind>
<opcode="phi(47) " fcode="phi"/>
<opset="temp_1/2 "/>
</bind>
</comp>

<comp id="234" class="1005" name="root_reg_234">
<pin_list>
<pin id="235" dir="0" index="0" bw="32" slack="1"/>
<pin id="236" dir="1" index="1" bw="32" slack="1"/>
</pin_list>
<bind>
<opset="root (phireg) "/>
</bind>
</comp>

<comp id="237" class="1004" name="root_phi_fu_237">
<pin_list>
<pin id="238" dir="0" index="0" bw="32" slack="1"/>
<pin id="239" dir="0" index="1" bw="0" slack="2147483647"/>
<pin id="240" dir="0" index="2" bw="32" slack="2"/>
<pin id="241" dir="0" index="3" bw="0" slack="2147483647"/>
<pin id="242" dir="1" index="4" bw="32" slack="0"/>
</pin_list>
<bind>
<opcode="phi(47) " fcode="phi"/>
<opset="root/4 "/>
</bind>
</comp>

<comp id="245" class="1005" name="temp_root_reg_245">
<pin_list>
<pin id="246" dir="0" index="0" bw="32" slack="1"/>
<pin id="247" dir="1" index="1" bw="32" slack="1"/>
</pin_list>
<bind>
<opset="temp_root (phireg) "/>
</bind>
</comp>

<comp id="250" class="1004" name="temp_root_phi_fu_250">
<pin_list>
<pin id="251" dir="0" index="0" bw="32" slack="0"/>
<pin id="252" dir="0" index="1" bw="0" slack="2147483647"/>
<pin id="253" dir="0" index="2" bw="1" slack="1"/>
<pin id="254" dir="0" index="3" bw="0" slack="2147483647"/>
<pin id="255" dir="1" index="4" bw="32" slack="0"/>
</pin_list>
<bind>
<opcode="phi(47) " fcode="phi"/>
<opset="temp_root/7 "/>
</bind>
</comp>

<comp id="259" class="1004" name="grp_fu_259">
<pin_list>
<pin id="260" dir="0" index="0" bw="32" slack="1"/>
<pin id="261" dir="0" index="1" bw="32" slack="1"/>
<pin id="262" dir="1" index="2" bw="32" slack="0"/>
</pin_list>
<bind>
<opcode="fdiv(16) " fcode="fdiv"/>
<opset="temp_x/16 "/>
</bind>
</comp>

<comp id="264" class="1004" name="grp_fu_264">
<pin_list>
<pin id="265" dir="0" index="0" bw="32" slack="1"/>
<pin id="266" dir="0" index="1" bw="32" slack="1"/>
<pin id="267" dir="1" index="2" bw="32" slack="0"/>
</pin_list>
<bind>
<opcode="fdiv(16) " fcode="fdiv"/>
<opset="temp_y/16 "/>
</bind>
</comp>

<comp id="269" class="1004" name="grp_fu_269">
<pin_list>
<pin id="270" dir="0" index="0" bw="32" slack="1"/>
<pin id="271" dir="1" index="1" bw="32" slack="1"/>
</pin_list>
<bind>
<opcode="uitofp(38) " fcode="uitofp"/>
<opset="tmp_4/10 "/>
</bind>
</comp>

<comp id="272" class="1004" name="grp_fu_272">
<pin_list>
<pin id="273" dir="0" index="0" bw="32" slack="1"/>
<pin id="274" dir="1" index="1" bw="32" slack="1"/>
</pin_list>
<bind>
<opcode="uitofp(38) " fcode="uitofp"/>
<opset="tmp_10/10 "/>
</bind>
</comp>

<comp id="275" class="1004" name="grp_fu_275">
<pin_list>
<pin id="276" dir="0" index="0" bw="32" slack="1"/>
<pin id="277" dir="1" index="1" bw="32" slack="1"/>
</pin_list>
<bind>
<opcode="uitofp(38) " fcode="uitofp"/>
<opset="tmp_11/10 "/>
</bind>
</comp>

<comp id="278" class="1004" name="grp_load_fu_278">
<pin_list>
<pin id="279" dir="0" index="0" bw="32" slack="2"/>
<pin id="280" dir="1" index="1" bw="32" slack="0"/>
</pin_list>
<bind>
<opcode="load(27) " fcode="load"/>
<opset="centroidDataCount_load/8 centroidDataCount_load_1/32 "/>
</bind>
</comp>

<comp id="281" class="1004" name="tmp_fu_281">
<pin_list>
<pin id="282" dir="0" index="0" bw="32" slack="0"/>
<pin id="283" dir="0" index="1" bw="32" slack="1"/>
<pin id="284" dir="1" index="2" bw="1" slack="1"/>
</pin_list>
<bind>
<opcode="icmp(45) " fcode="icmp"/>
<opset="tmp/2 "/>
</bind>
</comp>

<comp id="286" class="1004" name="tmp_s_fu_286">
<pin_list>
<pin id="287" dir="0" index="0" bw="32" slack="0"/>
<pin id="288" dir="1" index="1" bw="64" slack="0"/>
</pin_list>
<bind>
<opcode="zext(34) " fcode="zext"/>
<opset="tmp_s/2 "/>
</bind>
</comp>

<comp id="291" class="1004" name="stg_42_store_fu_291">
<pin_list>
<pin id="292" dir="0" index="0" bw="1" slack="0"/>
<pin id="293" dir="0" index="1" bw="32" slack="0"/>
<pin id="294" dir="1" index="2" bw="0" slack="2147483647"/>
</pin_list>
<bind>
<opcode="store(28) " fcode="store"/>
<opset="stg_42/2 "/>
</bind>
</comp>

<comp id="296" class="1004" name="tmp_2_fu_296">
<pin_list>
<pin id="297" dir="0" index="0" bw="32" slack="0"/>
<pin id="298" dir="0" index="1" bw="32" slack="1"/>
<pin id="299" dir="1" index="2" bw="1" slack="3"/>
</pin_list>
<bind>
<opcode="icmp(45) " fcode="icmp"/>
<opset="tmp_2/3 "/>
</bind>
</comp>

<comp id="302" class="1004" name="tmp_i_fu_302">
<pin_list>
<pin id="303" dir="0" index="0" bw="32" slack="0"/>
<pin id="304" dir="1" index="1" bw="64" slack="0"/>
</pin_list>
<bind>
<opcode="zext(34) " fcode="zext"/>
<opset="tmp_i/4 "/>
</bind>
</comp>

<comp id="307" class="1004" name="tmp_1_i_fu_307">
<pin_list>
<pin id="308" dir="0" index="0" bw="32" slack="1"/>
<pin id="309" dir="0" index="1" bw="32" slack="0"/>
<pin id="310" dir="1" index="2" bw="1" slack="2147483647"/>
</pin_list>
<bind>
<opcode="icmp(45) " fcode="icmp"/>
<opset="tmp_1_i/5 "/>
</bind>
</comp>

<comp id="313" class="1004" name="tmp_5_fu_313">
<pin_list>
<pin id="314" dir="0" index="0" bw="32" slack="0"/>
<pin id="315" dir="0" index="1" bw="32" slack="0"/>
<pin id="316" dir="1" index="2" bw="32" slack="0"/>
</pin_list>
<bind>
<opcode="add(8) " fcode="add"/>
<opset="tmp_5/6 "/>
</bind>
</comp>

<comp id="320" class="1004" name="tmp_6_fu_320">
<pin_list>
<pin id="321" dir="0" index="0" bw="32" slack="0"/>
<pin id="322" dir="0" index="1" bw="32" slack="0"/>
<pin id="323" dir="1" index="2" bw="32" slack="0"/>
</pin_list>
<bind>
<opcode="add(8) " fcode="add"/>
<opset="tmp_6/6 "/>
</bind>
</comp>

<comp id="327" class="1004" name="tmp_7_fu_327">
<pin_list>
<pin id="328" dir="0" index="0" bw="32" slack="0"/>
<pin id="329" dir="0" index="1" bw="32" slack="0"/>
<pin id="330" dir="1" index="2" bw="32" slack="0"/>
</pin_list>
<bind>
<opcode="add(8) " fcode="add"/>
<opset="tmp_7/6 "/>
</bind>
</comp>

<comp id="334" class="1004" name="i_1_fu_334">
<pin_list>
<pin id="335" dir="0" index="0" bw="32" slack="4"/>
<pin id="336" dir="0" index="1" bw="1" slack="0"/>
<pin id="337" dir="1" index="2" bw="32" slack="1"/>
</pin_list>
<bind>
<opcode="add(8) " fcode="add"/>
<opset="i_1/6 "/>
</bind>
</comp>

<comp id="340" class="1004" name="tmp_3_fu_340">
<pin_list>
<pin id="341" dir="0" index="0" bw="32" slack="0"/>
<pin id="342" dir="0" index="1" bw="32" slack="2"/>
<pin id="343" dir="1" index="2" bw="1" slack="24"/>
</pin_list>
<bind>
<opcode="icmp(45) " fcode="icmp"/>
<opset="tmp_3/7 "/>
</bind>
</comp>

<comp id="345" class="1004" name="tmp_9_fu_345">
<pin_list>
<pin id="346" dir="0" index="0" bw="32" slack="0"/>
<pin id="347" dir="1" index="1" bw="64" slack="0"/>
</pin_list>
<bind>
<opcode="zext(34) " fcode="zext"/>
<opset="tmp_9/7 "/>
</bind>
</comp>

<comp id="350" class="1004" name="i_fu_350">
<pin_list>
<pin id="351" dir="0" index="0" bw="32" slack="0"/>
<pin id="352" dir="0" index="1" bw="1" slack="0"/>
<pin id="353" dir="1" index="2" bw="32" slack="0"/>
</pin_list>
<bind>
<opcode="add(8) " fcode="add"/>
<opset="i/7 "/>
</bind>
</comp>

<comp id="356" class="1004" name="tmp_12_fu_356">
<pin_list>
<pin id="357" dir="0" index="0" bw="32" slack="0"/>
<pin id="358" dir="1" index="1" bw="64" slack="0"/>
</pin_list>
<bind>
<opcode="zext(34) " fcode="zext"/>
<opset="tmp_12/8 "/>
</bind>
</comp>

<comp id="361" class="1004" name="centroidDataCount_1_fu_361">
<pin_list>
<pin id="362" dir="0" index="0" bw="32" slack="0"/>
<pin id="363" dir="0" index="1" bw="1" slack="0"/>
<pin id="364" dir="1" index="2" bw="32" slack="0"/>
</pin_list>
<bind>
<opcode="add(8) " fcode="add"/>
<opset="centroidDataCount_1/8 "/>
</bind>
</comp>

<comp id="367" class="1004" name="stg_106_store_fu_367">
<pin_list>
<pin id="368" dir="0" index="0" bw="32" slack="0"/>
<pin id="369" dir="0" index="1" bw="32" slack="2"/>
<pin id="370" dir="1" index="2" bw="0" slack="2147483647"/>
</pin_list>
<bind>
<opcode="store(28) " fcode="store"/>
<opset="stg_106/8 "/>
</bind>
</comp>

<comp id="372" class="1005" name="setCount_read_reg_372">
<pin_list>
<pin id="373" dir="0" index="0" bw="32" slack="1"/>
<pin id="374" dir="1" index="1" bw="32" slack="1"/>
</pin_list>
<bind>
<opset="setCount_read "/>
</bind>
</comp>

<comp id="378" class="1005" name="tmp_reg_378">
<pin_list>
<pin id="379" dir="0" index="0" bw="1" slack="1"/>
<pin id="380" dir="1" index="1" bw="1" slack="2147483647"/>
</pin_list>
<bind>
<opset="tmp "/>
</bind>
</comp>

<comp id="382" class="1005" name="tmp_s_reg_382">
<pin_list>
<pin id="383" dir="0" index="0" bw="64" slack="3"/>
<pin id="384" dir="1" index="1" bw="64" slack="3"/>
</pin_list>
<bind>
<opset="tmp_s "/>
</bind>
</comp>

<comp id="390" class="1005" name="set_addr_reg_390">
<pin_list>
<pin id="391" dir="0" index="0" bw="5" slack="1"/>
<pin id="392" dir="1" index="1" bw="5" slack="1"/>
</pin_list>
<bind>
<opset="set_addr "/>
</bind>
</comp>

<comp id="395" class="1005" name="centroidDataCount_reg_395">
<pin_list>
<pin id="396" dir="0" index="0" bw="32" slack="0"/>
<pin id="397" dir="1" index="1" bw="32" slack="0"/>
</pin_list>
<bind>
<opset="centroidDataCount "/>
</bind>
</comp>

<comp id="402" class="1005" name="tmp_2_reg_402">
<pin_list>
<pin id="403" dir="0" index="0" bw="1" slack="3"/>
<pin id="404" dir="1" index="1" bw="1" slack="2147483647"/>
</pin_list>
<bind>
<opset="tmp_2 "/>
</bind>
</comp>

<comp id="406" class="1005" name="tmp_i_reg_406">
<pin_list>
<pin id="407" dir="0" index="0" bw="64" slack="1"/>
<pin id="408" dir="1" index="1" bw="64" slack="1"/>
</pin_list>
<bind>
<opset="tmp_i "/>
</bind>
</comp>

<comp id="413" class="1005" name="set_addr_1_reg_413">
<pin_list>
<pin id="414" dir="0" index="0" bw="5" slack="1"/>
<pin id="415" dir="1" index="1" bw="5" slack="1"/>
</pin_list>
<bind>
<opset="set_addr_1 "/>
</bind>
</comp>

<comp id="418" class="1005" name="temp_reg_418">
<pin_list>
<pin id="419" dir="0" index="0" bw="32" slack="1"/>
<pin id="420" dir="1" index="1" bw="32" slack="1"/>
</pin_list>
<bind>
<opset="temp "/>
</bind>
</comp>

<comp id="426" class="1005" name="starData_totalIntensity_addr_reg_426">
<pin_list>
<pin id="427" dir="0" index="0" bw="5" slack="1"/>
<pin id="428" dir="1" index="1" bw="5" slack="1"/>
</pin_list>
<bind>
<opset="starData_totalIntensity_addr "/>
</bind>
</comp>

<comp id="431" class="1005" name="starData_totalIntensity_addr_1_reg_431">
<pin_list>
<pin id="432" dir="0" index="0" bw="5" slack="1"/>
<pin id="433" dir="1" index="1" bw="5" slack="1"/>
</pin_list>
<bind>
<opset="starData_totalIntensity_addr_1 "/>
</bind>
</comp>

<comp id="437" class="1005" name="starData_x_addr_reg_437">
<pin_list>
<pin id="438" dir="0" index="0" bw="5" slack="1"/>
<pin id="439" dir="1" index="1" bw="5" slack="1"/>
</pin_list>
<bind>
<opset="starData_x_addr "/>
</bind>
</comp>

<comp id="442" class="1005" name="starData_x_addr_1_reg_442">
<pin_list>
<pin id="443" dir="0" index="0" bw="5" slack="1"/>
<pin id="444" dir="1" index="1" bw="5" slack="1"/>
</pin_list>
<bind>
<opset="starData_x_addr_1 "/>
</bind>
</comp>

<comp id="448" class="1005" name="starData_y_addr_reg_448">
<pin_list>
<pin id="449" dir="0" index="0" bw="5" slack="1"/>
<pin id="450" dir="1" index="1" bw="5" slack="1"/>
</pin_list>
<bind>
<opset="starData_y_addr "/>
</bind>
</comp>

<comp id="453" class="1005" name="starData_y_addr_1_reg_453">
<pin_list>
<pin id="454" dir="0" index="0" bw="5" slack="1"/>
<pin id="455" dir="1" index="1" bw="5" slack="1"/>
</pin_list>
<bind>
<opset="starData_y_addr_1 "/>
</bind>
</comp>

<comp id="459" class="1005" name="i_1_reg_459">
<pin_list>
<pin id="460" dir="0" index="0" bw="32" slack="1"/>
<pin id="461" dir="1" index="1" bw="32" slack="1"/>
</pin_list>
<bind>
<opset="i_1 "/>
</bind>
</comp>

<comp id="464" class="1005" name="tmp_3_reg_464">
<pin_list>
<pin id="465" dir="0" index="0" bw="1" slack="24"/>
<pin id="466" dir="1" index="1" bw="1" slack="2147483647"/>
</pin_list>
<bind>
<opset="tmp_3 "/>
</bind>
</comp>

<comp id="468" class="1005" name="tmp_9_reg_468">
<pin_list>
<pin id="469" dir="0" index="0" bw="64" slack="1"/>
<pin id="470" dir="1" index="1" bw="64" slack="1"/>
</pin_list>
<bind>
<opset="tmp_9 "/>
</bind>
</comp>

<comp id="475" class="1005" name="starData_status_addr_1_reg_475">
<pin_list>
<pin id="476" dir="0" index="0" bw="5" slack="1"/>
<pin id="477" dir="1" index="1" bw="5" slack="1"/>
</pin_list>
<bind>
<opset="starData_status_addr_1 "/>
</bind>
</comp>

<comp id="480" class="1005" name="i_reg_480">
<pin_list>
<pin id="481" dir="0" index="0" bw="32" slack="0"/>
<pin id="482" dir="1" index="1" bw="32" slack="0"/>
</pin_list>
<bind>
<opset="i "/>
</bind>
</comp>

<comp id="485" class="1005" name="starData_status_load_reg_485">
<pin_list>
<pin id="486" dir="0" index="0" bw="1" slack="1"/>
<pin id="487" dir="1" index="1" bw="1" slack="2147483647"/>
</pin_list>
<bind>
<opset="starData_status_load "/>
</bind>
</comp>

<comp id="489" class="1005" name="starData_x_addr_2_reg_489">
<pin_list>
<pin id="490" dir="0" index="0" bw="5" slack="1"/>
<pin id="491" dir="1" index="1" bw="5" slack="1"/>
</pin_list>
<bind>
<opset="starData_x_addr_2 "/>
</bind>
</comp>

<comp id="494" class="1005" name="starData_totalIntensity_addr_2_reg_494">
<pin_list>
<pin id="495" dir="0" index="0" bw="5" slack="1"/>
<pin id="496" dir="1" index="1" bw="5" slack="1"/>
</pin_list>
<bind>
<opset="starData_totalIntensity_addr_2 "/>
</bind>
</comp>

<comp id="499" class="1005" name="starData_y_addr_2_reg_499">
<pin_list>
<pin id="500" dir="0" index="0" bw="5" slack="1"/>
<pin id="501" dir="1" index="1" bw="5" slack="1"/>
</pin_list>
<bind>
<opset="starData_y_addr_2 "/>
</bind>
</comp>

<comp id="504" class="1005" name="tmp_12_reg_504">
<pin_list>
<pin id="505" dir="0" index="0" bw="64" slack="23"/>
<pin id="506" dir="1" index="1" bw="64" slack="23"/>
</pin_list>
<bind>
<opset="tmp_12 "/>
</bind>
</comp>

<comp id="510" class="1005" name="starData_x_load_2_reg_510">
<pin_list>
<pin id="511" dir="0" index="0" bw="32" slack="1"/>
<pin id="512" dir="1" index="1" bw="32" slack="1"/>
</pin_list>
<bind>
<opset="starData_x_load_2 "/>
</bind>
</comp>

<comp id="515" class="1005" name="starData_totalIntensity_load_2_reg_515">
<pin_list>
<pin id="516" dir="0" index="0" bw="32" slack="1"/>
<pin id="517" dir="1" index="1" bw="32" slack="1"/>
</pin_list>
<bind>
<opset="starData_totalIntensity_load_2 "/>
</bind>
</comp>

<comp id="520" class="1005" name="starData_y_load_2_reg_520">
<pin_list>
<pin id="521" dir="0" index="0" bw="32" slack="1"/>
<pin id="522" dir="1" index="1" bw="32" slack="1"/>
</pin_list>
<bind>
<opset="starData_y_load_2 "/>
</bind>
</comp>

<comp id="525" class="1005" name="tmp_4_reg_525">
<pin_list>
<pin id="526" dir="0" index="0" bw="32" slack="1"/>
<pin id="527" dir="1" index="1" bw="32" slack="1"/>
</pin_list>
<bind>
<opset="tmp_4 "/>
</bind>
</comp>

<comp id="530" class="1005" name="tmp_10_reg_530">
<pin_list>
<pin id="531" dir="0" index="0" bw="32" slack="1"/>
<pin id="532" dir="1" index="1" bw="32" slack="1"/>
</pin_list>
<bind>
<opset="tmp_10 "/>
</bind>
</comp>

<comp id="536" class="1005" name="tmp_11_reg_536">
<pin_list>
<pin id="537" dir="0" index="0" bw="32" slack="1"/>
<pin id="538" dir="1" index="1" bw="32" slack="1"/>
</pin_list>
<bind>
<opset="tmp_11 "/>
</bind>
</comp>

</comp_list>

<net_list>
<net id="45"><net_src comp="24" pin="0"/><net_sink comp="42" pin=0"/></net>

<net id="50"><net_src comp="18" pin="0"/><net_sink comp="46" pin=0"/></net>

<net id="51"><net_src comp="16" pin="0"/><net_sink comp="46" pin=1"/></net>

<net id="57"><net_src comp="0" pin="0"/><net_sink comp="52" pin=0"/></net>

<net id="58"><net_src comp="22" pin="0"/><net_sink comp="52" pin=1"/></net>

<net id="63"><net_src comp="52" pin="3"/><net_sink comp="59" pin=0"/></net>

<net id="69"><net_src comp="0" pin="0"/><net_sink comp="64" pin=0"/></net>

<net id="70"><net_src comp="22" pin="0"/><net_sink comp="64" pin=1"/></net>

<net id="71"><net_src comp="64" pin="3"/><net_sink comp="59" pin=0"/></net>

<net id="77"><net_src comp="4" pin="0"/><net_sink comp="72" pin=0"/></net>

<net id="78"><net_src comp="22" pin="0"/><net_sink comp="72" pin=1"/></net>

<net id="83"><net_src comp="72" pin="3"/><net_sink comp="79" pin=0"/></net>

<net id="89"><net_src comp="4" pin="0"/><net_sink comp="84" pin=0"/></net>

<net id="90"><net_src comp="22" pin="0"/><net_sink comp="84" pin=1"/></net>

<net id="94"><net_src comp="84" pin="3"/><net_sink comp="79" pin=3"/></net>

<net id="100"><net_src comp="6" pin="0"/><net_sink comp="95" pin=0"/></net>

<net id="101"><net_src comp="22" pin="0"/><net_sink comp="95" pin=1"/></net>

<net id="106"><net_src comp="95" pin="3"/><net_sink comp="102" pin=0"/></net>

<net id="112"><net_src comp="6" pin="0"/><net_sink comp="107" pin=0"/></net>

<net id="113"><net_src comp="22" pin="0"/><net_sink comp="107" pin=1"/></net>

<net id="117"><net_src comp="107" pin="3"/><net_sink comp="102" pin=3"/></net>

<net id="123"><net_src comp="8" pin="0"/><net_sink comp="118" pin=0"/></net>

<net id="124"><net_src comp="22" pin="0"/><net_sink comp="118" pin=1"/></net>

<net id="129"><net_src comp="118" pin="3"/><net_sink comp="125" pin=0"/></net>

<net id="135"><net_src comp="8" pin="0"/><net_sink comp="130" pin=0"/></net>

<net id="136"><net_src comp="22" pin="0"/><net_sink comp="130" pin=1"/></net>

<net id="140"><net_src comp="130" pin="3"/><net_sink comp="125" pin=3"/></net>

<net id="146"><net_src comp="2" pin="0"/><net_sink comp="141" pin=0"/></net>

<net id="147"><net_src comp="22" pin="0"/><net_sink comp="141" pin=1"/></net>

<net id="152"><net_src comp="36" pin="0"/><net_sink comp="148" pin=1"/></net>

<net id="153"><net_src comp="141" pin="3"/><net_sink comp="148" pin=0"/></net>

<net id="159"><net_src comp="2" pin="0"/><net_sink comp="154" pin=0"/></net>

<net id="160"><net_src comp="22" pin="0"/><net_sink comp="154" pin=1"/></net>

<net id="161"><net_src comp="154" pin="3"/><net_sink comp="148" pin=0"/></net>

<net id="167"><net_src comp="6" pin="0"/><net_sink comp="162" pin=0"/></net>

<net id="168"><net_src comp="22" pin="0"/><net_sink comp="162" pin=1"/></net>

<net id="169"><net_src comp="162" pin="3"/><net_sink comp="102" pin=3"/></net>

<net id="175"><net_src comp="4" pin="0"/><net_sink comp="170" pin=0"/></net>

<net id="176"><net_src comp="22" pin="0"/><net_sink comp="170" pin=1"/></net>

<net id="177"><net_src comp="170" pin="3"/><net_sink comp="79" pin=3"/></net>

<net id="183"><net_src comp="8" pin="0"/><net_sink comp="178" pin=0"/></net>

<net id="184"><net_src comp="22" pin="0"/><net_sink comp="178" pin=1"/></net>

<net id="185"><net_src comp="178" pin="3"/><net_sink comp="125" pin=3"/></net>

<net id="191"><net_src comp="10" pin="0"/><net_sink comp="186" pin=0"/></net>

<net id="192"><net_src comp="22" pin="0"/><net_sink comp="186" pin=1"/></net>

<net id="197"><net_src comp="186" pin="3"/><net_sink comp="193" pin=0"/></net>

<net id="203"><net_src comp="12" pin="0"/><net_sink comp="198" pin=0"/></net>

<net id="204"><net_src comp="22" pin="0"/><net_sink comp="198" pin=1"/></net>

<net id="209"><net_src comp="198" pin="3"/><net_sink comp="205" pin=0"/></net>

<net id="215"><net_src comp="14" pin="0"/><net_sink comp="210" pin=0"/></net>

<net id="216"><net_src comp="22" pin="0"/><net_sink comp="210" pin=1"/></net>

<net id="221"><net_src comp="210" pin="3"/><net_sink comp="217" pin=0"/></net>

<net id="225"><net_src comp="20" pin="0"/><net_sink comp="222" pin=0"/></net>

<net id="232"><net_src comp="222" pin="1"/><net_sink comp="226" pin=0"/></net>

<net id="233"><net_src comp="226" pin="4"/><net_sink comp="222" pin=0"/></net>

<net id="243"><net_src comp="222" pin="1"/><net_sink comp="237" pin=2"/></net>

<net id="244"><net_src comp="237" pin="4"/><net_sink comp="234" pin=0"/></net>

<net id="248"><net_src comp="20" pin="0"/><net_sink comp="245" pin=0"/></net>

<net id="249"><net_src comp="245" pin="1"/><net_sink comp="193" pin=1"/></net>

<net id="256"><net_src comp="245" pin="1"/><net_sink comp="250" pin=2"/></net>

<net id="257"><net_src comp="250" pin="4"/><net_sink comp="245" pin=0"/></net>

<net id="263"><net_src comp="259" pin="2"/><net_sink comp="205" pin=1"/></net>

<net id="268"><net_src comp="264" pin="2"/><net_sink comp="217" pin=1"/></net>

<net id="285"><net_src comp="226" pin="4"/><net_sink comp="281" pin=0"/></net>

<net id="289"><net_src comp="226" pin="4"/><net_sink comp="286" pin=0"/></net>

<net id="290"><net_src comp="286" pin="1"/><net_sink comp="52" pin=2"/></net>

<net id="295"><net_src comp="26" pin="0"/><net_sink comp="291" pin=0"/></net>

<net id="300"><net_src comp="59" pin="2"/><net_sink comp="296" pin=0"/></net>

<net id="301"><net_src comp="222" pin="1"/><net_sink comp="296" pin=1"/></net>

<net id="305"><net_src comp="237" pin="4"/><net_sink comp="302" pin=0"/></net>

<net id="306"><net_src comp="302" pin="1"/><net_sink comp="64" pin=2"/></net>

<net id="311"><net_src comp="234" pin="1"/><net_sink comp="307" pin=0"/></net>

<net id="312"><net_src comp="59" pin="2"/><net_sink comp="307" pin=1"/></net>

<net id="317"><net_src comp="79" pin="5"/><net_sink comp="313" pin=0"/></net>

<net id="318"><net_src comp="79" pin="2"/><net_sink comp="313" pin=1"/></net>

<net id="319"><net_src comp="313" pin="2"/><net_sink comp="79" pin=1"/></net>

<net id="324"><net_src comp="102" pin="5"/><net_sink comp="320" pin=0"/></net>

<net id="325"><net_src comp="102" pin="2"/><net_sink comp="320" pin=1"/></net>

<net id="326"><net_src comp="320" pin="2"/><net_sink comp="102" pin=1"/></net>

<net id="331"><net_src comp="125" pin="5"/><net_sink comp="327" pin=0"/></net>

<net id="332"><net_src comp="125" pin="2"/><net_sink comp="327" pin=1"/></net>

<net id="333"><net_src comp="327" pin="2"/><net_sink comp="125" pin=1"/></net>

<net id="338"><net_src comp="222" pin="1"/><net_sink comp="334" pin=0"/></net>

<net id="339"><net_src comp="20" pin="0"/><net_sink comp="334" pin=1"/></net>

<net id="344"><net_src comp="250" pin="4"/><net_sink comp="340" pin=0"/></net>

<net id="348"><net_src comp="250" pin="4"/><net_sink comp="345" pin=0"/></net>

<net id="349"><net_src comp="345" pin="1"/><net_sink comp="154" pin=2"/></net>

<net id="354"><net_src comp="250" pin="4"/><net_sink comp="350" pin=0"/></net>

<net id="355"><net_src comp="20" pin="0"/><net_sink comp="350" pin=1"/></net>

<net id="359"><net_src comp="278" pin="1"/><net_sink comp="356" pin=0"/></net>

<net id="360"><net_src comp="356" pin="1"/><net_sink comp="186" pin=2"/></net>

<net id="365"><net_src comp="278" pin="1"/><net_sink comp="361" pin=0"/></net>

<net id="366"><net_src comp="20" pin="0"/><net_sink comp="361" pin=1"/></net>

<net id="371"><net_src comp="361" pin="2"/><net_sink comp="367" pin=0"/></net>

<net id="375"><net_src comp="46" pin="2"/><net_sink comp="372" pin=0"/></net>

<net id="376"><net_src comp="372" pin="1"/><net_sink comp="281" pin=1"/></net>

<net id="377"><net_src comp="372" pin="1"/><net_sink comp="340" pin=1"/></net>

<net id="381"><net_src comp="281" pin="2"/><net_sink comp="378" pin=0"/></net>

<net id="385"><net_src comp="286" pin="1"/><net_sink comp="382" pin=0"/></net>

<net id="386"><net_src comp="382" pin="1"/><net_sink comp="72" pin=2"/></net>

<net id="387"><net_src comp="382" pin="1"/><net_sink comp="95" pin=2"/></net>

<net id="388"><net_src comp="382" pin="1"/><net_sink comp="118" pin=2"/></net>

<net id="389"><net_src comp="382" pin="1"/><net_sink comp="141" pin=2"/></net>

<net id="393"><net_src comp="52" pin="3"/><net_sink comp="390" pin=0"/></net>

<net id="394"><net_src comp="390" pin="1"/><net_sink comp="59" pin=0"/></net>

<net id="398"><net_src comp="42" pin="1"/><net_sink comp="395" pin=0"/></net>

<net id="399"><net_src comp="395" pin="1"/><net_sink comp="291" pin=1"/></net>

<net id="400"><net_src comp="395" pin="1"/><net_sink comp="278" pin=0"/></net>

<net id="401"><net_src comp="395" pin="1"/><net_sink comp="367" pin=1"/></net>

<net id="405"><net_src comp="296" pin="2"/><net_sink comp="402" pin=0"/></net>

<net id="409"><net_src comp="302" pin="1"/><net_sink comp="406" pin=0"/></net>

<net id="410"><net_src comp="406" pin="1"/><net_sink comp="84" pin=2"/></net>

<net id="411"><net_src comp="406" pin="1"/><net_sink comp="107" pin=2"/></net>

<net id="412"><net_src comp="406" pin="1"/><net_sink comp="130" pin=2"/></net>

<net id="416"><net_src comp="64" pin="3"/><net_sink comp="413" pin=0"/></net>

<net id="417"><net_src comp="413" pin="1"/><net_sink comp="59" pin=0"/></net>

<net id="421"><net_src comp="59" pin="2"/><net_sink comp="418" pin=0"/></net>

<net id="422"><net_src comp="418" pin="1"/><net_sink comp="237" pin=0"/></net>

<net id="429"><net_src comp="72" pin="3"/><net_sink comp="426" pin=0"/></net>

<net id="430"><net_src comp="426" pin="1"/><net_sink comp="79" pin=0"/></net>

<net id="434"><net_src comp="84" pin="3"/><net_sink comp="431" pin=0"/></net>

<net id="435"><net_src comp="431" pin="1"/><net_sink comp="79" pin=3"/></net>

<net id="436"><net_src comp="431" pin="1"/><net_sink comp="79" pin=0"/></net>

<net id="440"><net_src comp="95" pin="3"/><net_sink comp="437" pin=0"/></net>

<net id="441"><net_src comp="437" pin="1"/><net_sink comp="102" pin=0"/></net>

<net id="445"><net_src comp="107" pin="3"/><net_sink comp="442" pin=0"/></net>

<net id="446"><net_src comp="442" pin="1"/><net_sink comp="102" pin=3"/></net>

<net id="447"><net_src comp="442" pin="1"/><net_sink comp="102" pin=0"/></net>

<net id="451"><net_src comp="118" pin="3"/><net_sink comp="448" pin=0"/></net>

<net id="452"><net_src comp="448" pin="1"/><net_sink comp="125" pin=0"/></net>

<net id="456"><net_src comp="130" pin="3"/><net_sink comp="453" pin=0"/></net>

<net id="457"><net_src comp="453" pin="1"/><net_sink comp="125" pin=3"/></net>

<net id="458"><net_src comp="453" pin="1"/><net_sink comp="125" pin=0"/></net>

<net id="462"><net_src comp="334" pin="2"/><net_sink comp="459" pin=0"/></net>

<net id="463"><net_src comp="459" pin="1"/><net_sink comp="226" pin=2"/></net>

<net id="467"><net_src comp="340" pin="2"/><net_sink comp="464" pin=0"/></net>

<net id="471"><net_src comp="345" pin="1"/><net_sink comp="468" pin=0"/></net>

<net id="472"><net_src comp="468" pin="1"/><net_sink comp="162" pin=2"/></net>

<net id="473"><net_src comp="468" pin="1"/><net_sink comp="170" pin=2"/></net>

<net id="474"><net_src comp="468" pin="1"/><net_sink comp="178" pin=2"/></net>

<net id="478"><net_src comp="154" pin="3"/><net_sink comp="475" pin=0"/></net>

<net id="479"><net_src comp="475" pin="1"/><net_sink comp="148" pin=0"/></net>

<net id="483"><net_src comp="350" pin="2"/><net_sink comp="480" pin=0"/></net>

<net id="484"><net_src comp="480" pin="1"/><net_sink comp="250" pin=0"/></net>

<net id="488"><net_src comp="148" pin="2"/><net_sink comp="485" pin=0"/></net>

<net id="492"><net_src comp="162" pin="3"/><net_sink comp="489" pin=0"/></net>

<net id="493"><net_src comp="489" pin="1"/><net_sink comp="102" pin=3"/></net>

<net id="497"><net_src comp="170" pin="3"/><net_sink comp="494" pin=0"/></net>

<net id="498"><net_src comp="494" pin="1"/><net_sink comp="79" pin=3"/></net>

<net id="502"><net_src comp="178" pin="3"/><net_sink comp="499" pin=0"/></net>

<net id="503"><net_src comp="499" pin="1"/><net_sink comp="125" pin=3"/></net>

<net id="507"><net_src comp="356" pin="1"/><net_sink comp="504" pin=0"/></net>

<net id="508"><net_src comp="504" pin="1"/><net_sink comp="198" pin=2"/></net>

<net id="509"><net_src comp="504" pin="1"/><net_sink comp="210" pin=2"/></net>

<net id="513"><net_src comp="102" pin="5"/><net_sink comp="510" pin=0"/></net>

<net id="514"><net_src comp="510" pin="1"/><net_sink comp="269" pin=0"/></net>

<net id="518"><net_src comp="79" pin="5"/><net_sink comp="515" pin=0"/></net>

<net id="519"><net_src comp="515" pin="1"/><net_sink comp="272" pin=0"/></net>

<net id="523"><net_src comp="125" pin="5"/><net_sink comp="520" pin=0"/></net>

<net id="524"><net_src comp="520" pin="1"/><net_sink comp="275" pin=0"/></net>

<net id="528"><net_src comp="269" pin="1"/><net_sink comp="525" pin=0"/></net>

<net id="529"><net_src comp="525" pin="1"/><net_sink comp="259" pin=0"/></net>

<net id="533"><net_src comp="272" pin="1"/><net_sink comp="530" pin=0"/></net>

<net id="534"><net_src comp="530" pin="1"/><net_sink comp="259" pin=1"/></net>

<net id="535"><net_src comp="530" pin="1"/><net_sink comp="264" pin=1"/></net>

<net id="539"><net_src comp="275" pin="1"/><net_sink comp="536" pin=0"/></net>

<net id="540"><net_src comp="536" pin="1"/><net_sink comp="264" pin=0"/></net>

</net_list>

</model> 
---------------- Datapath Model END ------------------

* FSMD analyzer results:
  - Output states:
  - Chain level:
	State 1
	State 2
		tmp : 1
		stg_37 : 2
		tmp_s : 1
		set_addr : 2
		set_load : 3
		stg_42 : 1
	State 3
		tmp_2 : 1
		stg_48 : 2
	State 4
		tmp_i : 1
		set_addr_1 : 2
		temp : 3
	State 5
		tmp_1_i : 1
		stg_55 : 2
		starData_totalIntensity_load : 1
		starData_totalIntensity_load_1 : 1
		starData_x_load : 1
		starData_x_load_1 : 1
		starData_y_load : 1
		starData_y_load_1 : 1
		stg_69 : 1
	State 6
		tmp_5 : 1
		stg_73 : 2
		tmp_6 : 1
		stg_77 : 2
		tmp_7 : 1
		stg_81 : 2
	State 7
		tmp_3 : 1
		stg_88 : 2
		tmp_9 : 1
		starData_status_addr_1 : 2
		starData_status_load : 3
		i : 1
	State 8
		stg_94 : 1
		starData_x_load_2 : 1
		starData_totalIntensity_load_2 : 1
		starData_y_load_2 : 1
		tmp_12 : 1
		centroidData_root_addr : 2
		stg_104 : 3
		centroidDataCount_1 : 1
		stg_106 : 2
	State 9
	State 10
	State 11
	State 12
	State 13
	State 14
	State 15
	State 16
	State 17
	State 18
	State 19
	State 20
	State 21
	State 22
	State 23
	State 24
	State 25
	State 26
	State 27
	State 28
	State 29
	State 30
	State 31
		stg_163 : 1
		stg_165 : 1
		empty_2 : 1
	State 32
		stg_170 : 1


============================================================
+ Verbose Summary: Datapath Resource usage 
============================================================

* Functional unit list:
|----------|----------------------------|---------|---------|---------|
| Operation|       Functional Unit      |  DSP48E |    FF   |   LUT   |
|----------|----------------------------|---------|---------|---------|
|   fdiv   |         grp_fu_259         |    0    |   761   |   994   |
|          |         grp_fu_264         |    0    |   761   |   994   |
|----------|----------------------------|---------|---------|---------|
|          |         grp_fu_269         |    0    |   340   |   554   |
|  uitofp  |         grp_fu_272         |    0    |   340   |   554   |
|          |         grp_fu_275         |    0    |   340   |   554   |
|----------|----------------------------|---------|---------|---------|
|          |        tmp_5_fu_313        |    0    |    0    |    32   |
|          |        tmp_6_fu_320        |    0    |    0    |    32   |
|    add   |        tmp_7_fu_327        |    0    |    0    |    32   |
|          |         i_1_fu_334         |    0    |    0    |    32   |
|          |          i_fu_350          |    0    |    0    |    32   |
|          | centroidDataCount_1_fu_361 |    0    |    0    |    32   |
|----------|----------------------------|---------|---------|---------|
|          |         tmp_fu_281         |    0    |    0    |    40   |
|   icmp   |        tmp_2_fu_296        |    0    |    0    |    40   |
|          |       tmp_1_i_fu_307       |    0    |    0    |    40   |
|          |        tmp_3_fu_340        |    0    |    0    |    40   |
|----------|----------------------------|---------|---------|---------|
|   read   |  setCount_read_read_fu_46  |    0    |    0    |    0    |
|----------|----------------------------|---------|---------|---------|
|          |        tmp_s_fu_286        |    0    |    0    |    0    |
|   zext   |        tmp_i_fu_302        |    0    |    0    |    0    |
|          |        tmp_9_fu_345        |    0    |    0    |    0    |
|          |        tmp_12_fu_356       |    0    |    0    |    0    |
|----------|----------------------------|---------|---------|---------|
|   Total  |                            |    0    |   2542  |   4002  |
|----------|----------------------------|---------|---------|---------|

Memories:
N/A

* Register list:
+--------------------------------------+--------+
|                                      |   FF   |
+--------------------------------------+--------+
|       centroidDataCount_reg_395      |   32   |
|              i_1_reg_459             |   32   |
|               i_reg_480              |   32   |
|             root_reg_234             |   32   |
|         setCount_read_reg_372        |   32   |
|          set_addr_1_reg_413          |    5   |
|           set_addr_reg_390           |    5   |
|    starData_status_addr_1_reg_475    |    5   |
|     starData_status_load_reg_485     |    1   |
|starData_totalIntensity_addr_1_reg_431|    5   |
|starData_totalIntensity_addr_2_reg_494|    5   |
| starData_totalIntensity_addr_reg_426 |    5   |
|starData_totalIntensity_load_2_reg_515|   32   |
|       starData_x_addr_1_reg_442      |    5   |
|       starData_x_addr_2_reg_489      |    5   |
|        starData_x_addr_reg_437       |    5   |
|       starData_x_load_2_reg_510      |   32   |
|       starData_y_addr_1_reg_453      |    5   |
|       starData_y_addr_2_reg_499      |    5   |
|        starData_y_addr_reg_448       |    5   |
|       starData_y_load_2_reg_520      |   32   |
|            temp_1_reg_222            |   32   |
|             temp_reg_418             |   32   |
|           temp_root_reg_245          |   32   |
|            tmp_10_reg_530            |   32   |
|            tmp_11_reg_536            |   32   |
|            tmp_12_reg_504            |   64   |
|             tmp_2_reg_402            |    1   |
|             tmp_3_reg_464            |    1   |
|             tmp_4_reg_525            |   32   |
|             tmp_9_reg_468            |   64   |
|             tmp_i_reg_406            |   64   |
|              tmp_reg_378             |    1   |
|             tmp_s_reg_382            |   64   |
+--------------------------------------+--------+
|                 Total                |   768  |
+--------------------------------------+--------+

* Multiplexer (MUX) list: 
|-------------------|------|------|------|--------||---------||---------|
|        Comp       |  Pin | Size |  BW  | S x BW ||  Delay  ||   LUT   |
|-------------------|------|------|------|--------||---------||---------|
|  grp_access_fu_59 |  p0  |   4  |   5  |   20   ||    5    |
|  grp_access_fu_79 |  p0  |   3  |   5  |   15   ||    5    |
|  grp_access_fu_79 |  p3  |   4  |   5  |   20   ||    5    |
| grp_access_fu_102 |  p0  |   3  |   5  |   15   ||    5    |
| grp_access_fu_102 |  p3  |   4  |   5  |   20   ||    5    |
| grp_access_fu_125 |  p0  |   3  |   5  |   15   ||    5    |
| grp_access_fu_125 |  p3  |   4  |   5  |   20   ||    5    |
| grp_access_fu_148 |  p0  |   3  |   5  |   15   ||    5    |
|   temp_1_reg_222  |  p0  |   2  |  32  |   64   ||    32   |
| temp_root_reg_245 |  p0  |   2  |  32  |   64   ||    32   |
|-------------------|------|------|------|--------||---------||---------|
|       Total       |      |      |      |   268  ||  15.71  ||   104   |
|-------------------|------|------|------|--------||---------||---------|



* Summary:
+-----------+--------+--------+--------+--------+
|           | DSP48E |  Delay |   FF   |   LUT  |
+-----------+--------+--------+--------+--------+
|  Function |    0   |    -   |  2542  |  4002  |
|   Memory  |    -   |    -   |    -   |    -   |
|Multiplexer|    -   |   15   |    -   |   104  |
|  Register |    -   |    -   |   768  |    -   |
+-----------+--------+--------+--------+--------+
|   Total   |    0   |   15   |  3310  |  4106  |
+-----------+--------+--------+--------+--------+
