17:52:41 INFO  : Processing command line option -hwspec D:/zedboard_projects/CCLabelling_bigDataSet/CCLabelling_bigDataSet.sdk/design_1_wrapper.hdf.
17:52:47 INFO  : Launching XSDB server: xsdb.bat -s D:/Xilinx/SDK/2014.4/scripts/xsdb/xsdb/xsdb-server.tcl 2450
18:29:01 INFO  : FPGA configured successfully with bitstream "D:/zedboard_projects/CCLabelling_bigDataSet/CCLabelling_bigDataSet.sdk/design_1_wrapper_hw_platform_0/design_1_wrapper.bit"
18:30:03 INFO  : ps7_init is completed.
18:30:03 INFO  : ps7_post_config is completed.
18:30:04 INFO  : Processor reset is completed for ps7_cortexa9_0
18:32:03 INFO  : Processor reset is completed for ps7_cortexa9_0
18:34:26 INFO  : Processor reset is completed for ps7_cortexa9_0
18:36:44 ERROR : Unexpected error while parsing XMD response ?: com.google.gson.JsonSyntaxException: com.google.gson.stream.MalformedJsonException: invalid number or unquoted string near 
11:10:55 INFO  : Processing command line option -hwspec D:/zedboard_projects/CCLabelling_bigDataSet/CCLabelling_bigDataSet.sdk/design_1_wrapper.hdf.
11:10:59 INFO  : Checking for hwspec changes in the project design_1_wrapper_hw_platform_0.
11:10:59 INFO  : Launching XSDB server: xsdb.bat -s D:/Xilinx/SDK/2014.4/scripts/xsdb/xsdb/xsdb-server.tcl 2450
11:26:55 INFO  : FPGA configured successfully with bitstream "D:/zedboard_projects/CCLabelling_bigDataSet/CCLabelling_bigDataSet.sdk/design_1_wrapper_hw_platform_0/design_1_wrapper.bit"
11:27:39 INFO  : ps7_init is completed.
11:27:40 INFO  : ps7_post_config is completed.
11:27:40 INFO  : Processor reset is completed for ps7_cortexa9_0
11:52:14 INFO  : Processor reset is completed for ps7_cortexa9_0
12:47:28 INFO  : Processor reset is completed for ps7_cortexa9_0
12:48:35 INFO  : Processor reset is completed for ps7_cortexa9_0
12:49:18 INFO  : Processor reset is completed for ps7_cortexa9_0
12:52:07 INFO  : Processor reset is completed for ps7_cortexa9_0
12:53:05 INFO  : Processor reset is completed for ps7_cortexa9_0
13:20:45 INFO  : Processor reset is completed for ps7_cortexa9_0
13:21:57 INFO  : Processor reset is completed for ps7_cortexa9_0
13:25:23 INFO  : Processor reset is completed for ps7_cortexa9_0
13:30:55 INFO  : Processor reset is completed for ps7_cortexa9_0
13:32:30 INFO  : Processor reset is completed for ps7_cortexa9_0
17:50:42 ERROR : Unexpected error while parsing XMD response ?: com.google.gson.JsonSyntaxException: com.google.gson.stream.MalformedJsonException: invalid number or unquoted string near 
11:09:33 INFO  : Processing command line option -hwspec D:/zedboard_projects/CCLabelling_bigDataSet/CCLabelling_bigDataSet.sdk/design_1_wrapper.hdf.
11:09:36 INFO  : Checking for hwspec changes in the project design_1_wrapper_hw_platform_0.
11:09:37 INFO  : Launching XSDB server: xsdb.bat -s D:/Xilinx/SDK/2014.4/scripts/xsdb/xsdb/xsdb-server.tcl 2450
12:09:34 INFO  : FPGA configured successfully with bitstream "D:/zedboard_projects/CCLabelling_bigDataSet/CCLabelling_bigDataSet.sdk/design_1_wrapper_hw_platform_0/design_1_wrapper.bit"
12:10:03 INFO  : ps7_init is completed.
12:10:03 INFO  : ps7_post_config is completed.
12:10:03 INFO  : Processor reset is completed for ps7_cortexa9_0
12:10:29 INFO  : ps7_cortexa9_0 Processor is in use. Please stop existing Run or Debug sessions before launching.
12:10:36 INFO  : Processor reset is completed for ps7_cortexa9_0
12:11:46 INFO  : ps7_cortexa9_0 Processor is in use. Please stop existing Run or Debug sessions before launching.
12:11:48 INFO  : Processor reset is completed for ps7_cortexa9_0
12:12:11 INFO  : FPGA configured successfully with bitstream "D:/zedboard_projects/CCLabelling_bigDataSet/CCLabelling_bigDataSet.sdk/design_1_wrapper_hw_platform_0/design_1_wrapper.bit"
12:12:17 INFO  : ps7_init is completed.
12:12:17 INFO  : ps7_post_config is completed.
12:12:18 INFO  : Processor reset is completed for ps7_cortexa9_0
12:13:07 INFO  : ps7_cortexa9_0 Processor is in use. Please stop existing Run or Debug sessions before launching.
12:13:09 INFO  : Processor reset is completed for ps7_cortexa9_0
12:14:33 INFO  : ps7_cortexa9_0 Processor is in use. Please stop existing Run or Debug sessions before launching.
12:14:36 INFO  : Processor reset is completed for ps7_cortexa9_0
12:15:05 INFO  : ps7_cortexa9_0 Processor is in use. Please stop existing Run or Debug sessions before launching.
12:15:07 INFO  : Processor reset is completed for ps7_cortexa9_0
12:15:42 INFO  : ps7_cortexa9_0 Processor is in use. Please stop existing Run or Debug sessions before launching.
12:15:43 INFO  : Processor reset is completed for ps7_cortexa9_0
12:18:51 INFO  : ps7_cortexa9_0 Processor is in use. Please stop existing Run or Debug sessions before launching.
12:18:53 INFO  : Processor reset is completed for ps7_cortexa9_0
12:19:23 INFO  : ps7_cortexa9_0 Processor is in use. Please stop existing Run or Debug sessions before launching.
12:19:24 INFO  : Processor reset is completed for ps7_cortexa9_0
12:20:00 INFO  : ps7_cortexa9_0 Processor is in use. Please stop existing Run or Debug sessions before launching.
12:20:01 INFO  : Processor reset is completed for ps7_cortexa9_0
12:24:16 INFO  : FPGA configured successfully with bitstream "D:/zedboard_projects/CCLabelling_bigDataSet/CCLabelling_bigDataSet.sdk/design_1_wrapper_hw_platform_0/design_1_wrapper.bit"
12:25:27 INFO  : ps7_init is completed.
12:25:28 INFO  : ps7_post_config is completed.
12:25:28 INFO  : Processor reset is completed for ps7_cortexa9_0
12:26:30 INFO  : ps7_cortexa9_0 Processor is in use. Please stop existing Run or Debug sessions before launching.
12:26:32 INFO  : Processor reset is completed for ps7_cortexa9_0
12:27:21 INFO  : ps7_cortexa9_0 Processor is in use. Please stop existing Run or Debug sessions before launching.
12:27:23 INFO  : Processor reset is completed for ps7_cortexa9_0
12:28:58 INFO  : ps7_cortexa9_0 Processor is in use. Please stop existing Run or Debug sessions before launching.
12:29:43 INFO  : Processor reset is completed for ps7_cortexa9_0
12:30:38 INFO  : ps7_cortexa9_0 Processor is in use. Please stop existing Run or Debug sessions before launching.
12:30:40 INFO  : Processor reset is completed for ps7_cortexa9_0
12:31:04 INFO  : Processor reset is completed for ps7_cortexa9_0
12:34:18 INFO  : ps7_cortexa9_0 Processor is in use. Please stop existing Run or Debug sessions before launching.
12:34:20 INFO  : Processor reset is completed for ps7_cortexa9_0
12:34:42 INFO  : ps7_cortexa9_0 Processor is in use. Please stop existing Run or Debug sessions before launching.
12:34:43 INFO  : Processor reset is completed for ps7_cortexa9_0
12:39:14 INFO  : Processor reset is completed for ps7_cortexa9_0
12:43:08 INFO  : Processor reset is completed for ps7_cortexa9_0
12:43:58 INFO  : ps7_cortexa9_0 Processor is in use. Please stop existing Run or Debug sessions before launching.
12:44:00 INFO  : Processor reset is completed for ps7_cortexa9_0
12:44:57 INFO  : ps7_cortexa9_0 Processor is in use. Please stop existing Run or Debug sessions before launching.
12:44:59 INFO  : Processor reset is completed for ps7_cortexa9_0
12:45:48 INFO  : Processor reset is completed for ps7_cortexa9_0
12:46:25 INFO  : ps7_cortexa9_0 Processor is in use. Please stop existing Run or Debug sessions before launching.
12:46:27 INFO  : Processor reset is completed for ps7_cortexa9_0
12:47:35 INFO  : ps7_cortexa9_0 Processor is in use. Please stop existing Run or Debug sessions before launching.
12:47:37 INFO  : Processor reset is completed for ps7_cortexa9_0
12:48:01 INFO  : Processor reset is completed for ps7_cortexa9_0
12:48:29 INFO  : Processor reset is completed for ps7_cortexa9_0
12:49:12 INFO  : Processor reset is completed for ps7_cortexa9_0
12:49:40 INFO  : Processor reset is completed for ps7_cortexa9_0
12:51:21 INFO  : Processor reset is completed for ps7_cortexa9_0
12:54:39 INFO  : ps7_cortexa9_0 Processor is in use. Please stop existing Run or Debug sessions before launching.
12:54:41 INFO  : Processor reset is completed for ps7_cortexa9_0
12:55:55 INFO  : ps7_cortexa9_0 Processor is in use. Please stop existing Run or Debug sessions before launching.
12:55:57 INFO  : Processor reset is completed for ps7_cortexa9_0
12:56:21 INFO  : ps7_cortexa9_0 Processor is in use. Please stop existing Run or Debug sessions before launching.
12:56:23 INFO  : Processor reset is completed for ps7_cortexa9_0
12:56:37 INFO  : Processor reset is completed for ps7_cortexa9_0
12:56:59 INFO  : Processor reset is completed for ps7_cortexa9_0
12:58:39 INFO  : ps7_cortexa9_0 Processor is in use. Please stop existing Run or Debug sessions before launching.
12:58:40 INFO  : Processor reset is completed for ps7_cortexa9_0
12:59:29 INFO  : Processor reset is completed for ps7_cortexa9_0
13:00:33 INFO  : Processor reset is completed for ps7_cortexa9_0
13:03:14 INFO  : Processor reset is completed for ps7_cortexa9_0
14:03:20 INFO  : ps7_cortexa9_0 Processor is in use. Please stop existing Run or Debug sessions before launching.
14:03:22 INFO  : Processor reset is completed for ps7_cortexa9_0
14:04:26 INFO  : Processor reset is completed for ps7_cortexa9_0
14:04:59 INFO  : ps7_cortexa9_0 Processor is in use. Please stop existing Run or Debug sessions before launching.
14:05:01 INFO  : Processor reset is completed for ps7_cortexa9_0
14:07:00 INFO  : ps7_cortexa9_0 Processor is in use. Please stop existing Run or Debug sessions before launching.
14:07:02 INFO  : Processor reset is completed for ps7_cortexa9_0
14:09:22 INFO  : Processor reset is completed for ps7_cortexa9_0
14:24:15 INFO  : Processor reset is completed for ps7_cortexa9_0
14:24:33 INFO  : ps7_cortexa9_0 Processor is in use. Please stop existing Run or Debug sessions before launching.
14:24:37 INFO  : Processor reset is completed for ps7_cortexa9_0
14:24:55 INFO  : ps7_cortexa9_0 Processor is in use. Please stop existing Run or Debug sessions before launching.
14:24:57 INFO  : Processor reset is completed for ps7_cortexa9_0
14:26:56 INFO  : Processor reset is completed for ps7_cortexa9_0
14:27:37 INFO  : Processor reset is completed for ps7_cortexa9_0
14:27:54 INFO  : Processor reset is completed for ps7_cortexa9_0
14:43:48 INFO  : ps7_cortexa9_0 Processor is in use. Please stop existing Run or Debug sessions before launching.
14:43:50 INFO  : Processor reset is completed for ps7_cortexa9_0
14:44:11 INFO  : ps7_cortexa9_0 Processor is in use. Please stop existing Run or Debug sessions before launching.
14:44:12 INFO  : Processor reset is completed for ps7_cortexa9_0
14:45:14 INFO  : ps7_cortexa9_0 Processor is in use. Please stop existing Run or Debug sessions before launching.
14:45:16 INFO  : Processor reset is completed for ps7_cortexa9_0
14:46:59 INFO  : Processor reset is completed for ps7_cortexa9_0
14:58:07 INFO  : ps7_cortexa9_0 Processor is in use. Please stop existing Run or Debug sessions before launching.
14:58:10 INFO  : Processor reset is completed for ps7_cortexa9_0
14:59:04 INFO  : Processor reset is completed for ps7_cortexa9_0
15:14:25 INFO  : ps7_cortexa9_0 Processor is in use. Please stop existing Run or Debug sessions before launching.
15:14:27 INFO  : Processor reset is completed for ps7_cortexa9_0
15:19:26 INFO  : ps7_cortexa9_0 Processor is in use. Please stop existing Run or Debug sessions before launching.
15:19:28 INFO  : Processor reset is completed for ps7_cortexa9_0
15:19:49 INFO  : ps7_cortexa9_0 Processor is in use. Please stop existing Run or Debug sessions before launching.
15:19:51 INFO  : Processor reset is completed for ps7_cortexa9_0
15:21:23 INFO  : Processor reset is completed for ps7_cortexa9_0
15:21:33 INFO  : Processor reset is completed for ps7_cortexa9_0
15:25:21 INFO  : ps7_cortexa9_0 Processor is in use. Please stop existing Run or Debug sessions before launching.
15:25:23 INFO  : Processor reset is completed for ps7_cortexa9_0
15:27:47 WARN  :  [Hsi 55-1458] Memory ps7_ram_0_S_AXI_BASEADDR may not hold all the current Section assignments. Suggest assigning some sections elsewhere.
15:27:47 INFO  : Successfully generated D:\zedboard_projects\CCLabelling_bigDataSet\CCLabelling_bigDataSet.sdk\StarTracking\src\lscript.ld.
15:27:47 INFO  : Applying linker script to all configurations of project StarTracking.
15:27:47 INFO  : Setting rebuild state to true for all configurations of project StarTracking.
15:29:58 INFO  : Successfully generated D:\zedboard_projects\CCLabelling_bigDataSet\CCLabelling_bigDataSet.sdk\StarTracking\src\lscript.ld.
15:29:58 INFO  : Applying linker script to all configurations of project StarTracking.
15:29:58 INFO  : Setting rebuild state to true for all configurations of project StarTracking.
15:32:21 INFO  : Successfully generated D:\zedboard_projects\CCLabelling_bigDataSet\CCLabelling_bigDataSet.sdk\StarTracking\src\lscript.ld.
15:32:21 INFO  : Applying linker script to all configurations of project StarTracking.
15:32:21 INFO  : Setting rebuild state to true for all configurations of project StarTracking.
15:33:13 INFO  : Successfully generated D:\zedboard_projects\CCLabelling_bigDataSet\CCLabelling_bigDataSet.sdk\StarTracking\src\lscript.ld.
15:33:13 INFO  : Applying linker script to all configurations of project StarTracking.
15:33:13 INFO  : Setting rebuild state to true for all configurations of project StarTracking.
15:36:35 INFO  : ps7_cortexa9_0 Processor is in use. Please stop existing Run or Debug sessions before launching.
15:36:44 INFO  : Processor reset is completed for ps7_cortexa9_0
15:39:02 INFO  : ps7_cortexa9_0 Processor is in use. Please stop existing Run or Debug sessions before launching.
15:39:04 INFO  : Processor reset is completed for ps7_cortexa9_0
15:39:30 INFO  : ps7_cortexa9_0 Processor is in use. Please stop existing Run or Debug sessions before launching.
15:39:32 INFO  : Processor reset is completed for ps7_cortexa9_0
15:41:07 INFO  : ps7_cortexa9_0 Processor is in use. Please stop existing Run or Debug sessions before launching.
15:41:09 INFO  : Processor reset is completed for ps7_cortexa9_0
15:41:41 INFO  : ps7_cortexa9_0 Processor is in use. Please stop existing Run or Debug sessions before launching.
15:41:43 INFO  : Processor reset is completed for ps7_cortexa9_0
15:42:08 INFO  : ps7_cortexa9_0 Processor is in use. Please stop existing Run or Debug sessions before launching.
15:42:10 INFO  : Processor reset is completed for ps7_cortexa9_0
15:42:31 INFO  : ps7_cortexa9_0 Processor is in use. Please stop existing Run or Debug sessions before launching.
15:42:33 INFO  : Processor reset is completed for ps7_cortexa9_0
15:44:42 INFO  : Processor reset is completed for ps7_cortexa9_0
15:45:13 INFO  : Processor reset is completed for ps7_cortexa9_0
15:50:13 INFO  : Processor reset is completed for ps7_cortexa9_0
16:08:45 INFO  : Processor reset is completed for ps7_cortexa9_0
16:10:53 INFO  : Processor reset is completed for ps7_cortexa9_0
16:11:59 INFO  : Processor reset is completed for ps7_cortexa9_0
16:12:30 INFO  : Processor reset is completed for ps7_cortexa9_0
16:13:26 INFO  : Processor reset is completed for ps7_cortexa9_0
16:30:05 INFO  : Processor reset is completed for ps7_cortexa9_0
16:30:53 INFO  : Processor reset is completed for ps7_cortexa9_0
16:31:24 INFO  : Processor reset is completed for ps7_cortexa9_0
16:32:32 INFO  : Processor reset is completed for ps7_cortexa9_0
16:35:01 INFO  : Processor reset is completed for ps7_cortexa9_0
16:35:27 INFO  : Processor reset is completed for ps7_cortexa9_0
16:37:13 INFO  : Processor reset is completed for ps7_cortexa9_0
16:37:24 INFO  : ps7_cortexa9_0 Processor is in use. Please stop existing Run or Debug sessions before launching.
16:37:26 INFO  : Processor reset is completed for ps7_cortexa9_0
16:39:28 INFO  : ps7_cortexa9_0 Processor is in use. Please stop existing Run or Debug sessions before launching.
16:39:30 INFO  : Processor reset is completed for ps7_cortexa9_0
16:40:47 INFO  : Processor reset is completed for ps7_cortexa9_0
16:42:28 ERROR : Unexpected error while parsing XMD response ?: com.google.gson.JsonSyntaxException: com.google.gson.stream.MalformedJsonException: invalid number or unquoted string near 
11:27:47 INFO  : Processing command line option -hwspec D:/zedboard_projects/CCLabelling_bigDataSet/CCLabelling_bigDataSet.sdk/design_1_wrapper.hdf.
11:27:50 INFO  : Checking for hwspec changes in the project design_1_wrapper_hw_platform_0.
11:27:51 INFO  : Launching XSDB server: xsdb.bat -s D:/Xilinx/SDK/2014.4/scripts/xsdb/xsdb/xsdb-server.tcl 2450
11:29:25 INFO  : FPGA configured successfully with bitstream "D:/zedboard_projects/CCLabelling_bigDataSet/CCLabelling_bigDataSet.sdk/design_1_wrapper_hw_platform_0/design_1_wrapper.bit"
11:35:44 INFO  : ps7_init is completed.
11:35:44 INFO  : ps7_post_config is completed.
11:35:44 INFO  : Processor reset is completed for ps7_cortexa9_0
11:37:58 INFO  : Processor reset is completed for ps7_cortexa9_0
11:38:29 INFO  : Processor reset is completed for ps7_cortexa9_0
11:40:10 INFO  : Processor reset is completed for ps7_cortexa9_0
11:40:34 INFO  : Processor reset is completed for ps7_cortexa9_0
11:44:14 INFO  : Processor reset is completed for ps7_cortexa9_0
11:48:24 INFO  : Processor reset is completed for ps7_cortexa9_0
11:48:55 INFO  : Processor reset is completed for ps7_cortexa9_0
11:49:45 INFO  : Processor reset is completed for ps7_cortexa9_0
11:50:26 INFO  : Processor reset is completed for ps7_cortexa9_0
12:04:41 ERROR : Unexpected error while parsing XMD response ?: com.google.gson.JsonSyntaxException: com.google.gson.stream.MalformedJsonException: invalid number or unquoted string near 
11:16:49 INFO  : Processing command line option -hwspec D:/zedboard_projects/CCLabelling_bigDataSet/CCLabelling_bigDataSet.sdk/design_1_wrapper.hdf.
11:16:53 INFO  : Checking for hwspec changes in the project design_1_wrapper_hw_platform_0.
11:16:53 INFO  : Launching XSDB server: xsdb.bat -s D:/Xilinx/SDK/2014.4/scripts/xsdb/xsdb/xsdb-server.tcl 2450
11:18:16 INFO  : FPGA configured successfully with bitstream "D:/zedboard_projects/CCLabelling_bigDataSet/CCLabelling_bigDataSet.sdk/design_1_wrapper_hw_platform_0/design_1_wrapper.bit"
11:22:10 INFO  : ps7_init is completed.
11:22:10 INFO  : ps7_post_config is completed.
11:22:11 INFO  : Processor reset is completed for ps7_cortexa9_0
11:22:28 INFO  : Processor reset is completed for ps7_cortexa9_0
11:23:29 INFO  : ps7_cortexa9_0 Processor is in use. Please stop existing Run or Debug sessions before launching.
11:23:40 ERROR : Unexpected error while launching program.
java.lang.RuntimeException: Error in Resetting Target

    Could not stop the processor after reset


	at com.xilinx.sdk.targetmanager.internal.TM.doProcessorReset(TM.java:991)
	at com.xilinx.sdk.debug.core.XilinxAppLaunchConfigurationDelegate.runTargetSetup(XilinxAppLaunchConfigurationDelegate.java:502)
	at com.xilinx.sdk.debug.core.XilinxAppLaunchConfigurationDelegate.runApplication(XilinxAppLaunchConfigurationDelegate.java:584)
	at com.xilinx.sdk.debug.core.XilinxAppLaunchConfigurationDelegate.launch(XilinxAppLaunchConfigurationDelegate.java:293)
	at com.xilinx.sdk.debug.ui.XilinxAppLaunchDelegateWrapper.launch(XilinxAppLaunchDelegateWrapper.java:31)
	at org.eclipse.debug.internal.core.LaunchConfiguration.launch(LaunchConfiguration.java:858)
	at org.eclipse.debug.internal.core.LaunchConfiguration.launch(LaunchConfiguration.java:707)
	at org.eclipse.debug.internal.ui.DebugUIPlugin.buildAndLaunch(DebugUIPlugin.java:1018)
	at org.eclipse.debug.internal.ui.DebugUIPlugin$8.run(DebugUIPlugin.java:1222)
	at org.eclipse.core.internal.jobs.Worker.run(Worker.java:53)
11:24:01 INFO  : FPGA configured successfully with bitstream "D:/zedboard_projects/CCLabelling_bigDataSet/CCLabelling_bigDataSet.sdk/design_1_wrapper_hw_platform_0/design_1_wrapper.bit"
11:24:37 INFO  : ps7_init is completed.
11:24:37 INFO  : ps7_post_config is completed.
11:24:37 INFO  : Processor reset is completed for ps7_cortexa9_0
11:26:44 INFO  : ps7_cortexa9_0 Processor is in use. Please stop existing Run or Debug sessions before launching.
11:26:49 ERROR : Unexpected error while launching program.
java.lang.RuntimeException: Unable to Stop Processor. System could be in unknown state.
                     Please reset the system
Unknown Error Occured
    

	at com.xilinx.sdk.targetmanager.internal.TM.stop(TM.java:753)
	at com.xilinx.sdk.targetmanager.internal.CPURunSession.terminate(CPURunSession.java:27)
	at com.xilinx.sdk.targetmanager.internal.TM.terminateCurrentLaunch(TM.java:801)
	at com.xilinx.sdk.debug.core.XilinxAppLaunchConfigurationDelegate.debugApplication(XilinxAppLaunchConfigurationDelegate.java:653)
	at com.xilinx.sdk.debug.core.XilinxAppLaunchConfigurationDelegate.launch(XilinxAppLaunchConfigurationDelegate.java:295)
	at com.xilinx.sdk.debug.ui.XilinxAppLaunchDelegateWrapper.launch(XilinxAppLaunchDelegateWrapper.java:31)
	at org.eclipse.debug.internal.core.LaunchConfiguration.launch(LaunchConfiguration.java:858)
	at org.eclipse.debug.internal.core.LaunchConfiguration.launch(LaunchConfiguration.java:707)
	at org.eclipse.debug.internal.ui.DebugUIPlugin.buildAndLaunch(DebugUIPlugin.java:1018)
	at org.eclipse.debug.internal.ui.DebugUIPlugin$8.run(DebugUIPlugin.java:1222)
	at org.eclipse.core.internal.jobs.Worker.run(Worker.java:53)
11:27:15 INFO  : ps7_cortexa9_0 Processor is in use. Please stop existing Run or Debug sessions before launching.
11:27:17 ERROR : Unexpected error while launching program.
java.lang.RuntimeException: No Active System

	at com.xilinx.sdk.targetmanager.internal.TM.stop(TM.java:744)
	at com.xilinx.sdk.targetmanager.internal.CPURunSession.terminate(CPURunSession.java:27)
	at com.xilinx.sdk.targetmanager.internal.TM.terminateCurrentLaunch(TM.java:801)
	at com.xilinx.sdk.debug.core.XilinxAppLaunchConfigurationDelegate.runApplication(XilinxAppLaunchConfigurationDelegate.java:564)
	at com.xilinx.sdk.debug.core.XilinxAppLaunchConfigurationDelegate.launch(XilinxAppLaunchConfigurationDelegate.java:293)
	at com.xilinx.sdk.debug.ui.XilinxAppLaunchDelegateWrapper.launch(XilinxAppLaunchDelegateWrapper.java:31)
	at org.eclipse.debug.internal.core.LaunchConfiguration.launch(LaunchConfiguration.java:858)
	at org.eclipse.debug.internal.core.LaunchConfiguration.launch(LaunchConfiguration.java:707)
	at org.eclipse.debug.internal.ui.DebugUIPlugin.buildAndLaunch(DebugUIPlugin.java:1018)
	at org.eclipse.debug.internal.ui.DebugUIPlugin$8.run(DebugUIPlugin.java:1222)
	at org.eclipse.core.internal.jobs.Worker.run(Worker.java:53)
11:27:30 INFO  : FPGA configured successfully with bitstream "D:/zedboard_projects/CCLabelling_bigDataSet/CCLabelling_bigDataSet.sdk/design_1_wrapper_hw_platform_0/design_1_wrapper.bit"
11:27:48 INFO  : ps7_cortexa9_0 Processor is in use. Please stop existing Run or Debug sessions before launching.
11:27:54 ERROR : Unexpected error while launching program.
java.lang.RuntimeException: No Active System

	at com.xilinx.sdk.targetmanager.internal.TM.stop(TM.java:744)
	at com.xilinx.sdk.targetmanager.internal.CPURunSession.terminate(CPURunSession.java:27)
	at com.xilinx.sdk.targetmanager.internal.TM.terminateCurrentLaunch(TM.java:801)
	at com.xilinx.sdk.debug.core.XilinxAppLaunchConfigurationDelegate.runApplication(XilinxAppLaunchConfigurationDelegate.java:564)
	at com.xilinx.sdk.debug.core.XilinxAppLaunchConfigurationDelegate.launch(XilinxAppLaunchConfigurationDelegate.java:293)
	at com.xilinx.sdk.debug.ui.XilinxAppLaunchDelegateWrapper.launch(XilinxAppLaunchDelegateWrapper.java:31)
	at org.eclipse.debug.internal.core.LaunchConfiguration.launch(LaunchConfiguration.java:858)
	at org.eclipse.debug.internal.core.LaunchConfiguration.launch(LaunchConfiguration.java:707)
	at org.eclipse.debug.internal.ui.DebugUIPlugin.buildAndLaunch(DebugUIPlugin.java:1018)
	at org.eclipse.debug.internal.ui.DebugUIPlugin$8.run(DebugUIPlugin.java:1222)
	at org.eclipse.core.internal.jobs.Worker.run(Worker.java:53)
11:28:25 INFO  : FPGA configured successfully with bitstream "D:/zedboard_projects/CCLabelling_bigDataSet/CCLabelling_bigDataSet.sdk/design_1_wrapper_hw_platform_0/design_1_wrapper.bit"
11:28:34 INFO  : ps7_cortexa9_0 Processor is in use. Please stop existing Run or Debug sessions before launching.
11:29:14 INFO  : FPGA configured successfully with bitstream "D:/zedboard_projects/CCLabelling_bigDataSet/CCLabelling_bigDataSet.sdk/design_1_wrapper_hw_platform_0/design_1_wrapper.bit"
11:29:26 INFO  : ps7_cortexa9_0 Processor is in use. Please stop existing Run or Debug sessions before launching.
11:29:29 ERROR : Unexpected error while launching program.
java.lang.RuntimeException: No Active System

	at com.xilinx.sdk.targetmanager.internal.TM.stop(TM.java:744)
	at com.xilinx.sdk.targetmanager.internal.CPURunSession.terminate(CPURunSession.java:27)
	at com.xilinx.sdk.targetmanager.internal.TM.terminateCurrentLaunch(TM.java:801)
	at com.xilinx.sdk.debug.core.XilinxAppLaunchConfigurationDelegate.runApplication(XilinxAppLaunchConfigurationDelegate.java:564)
	at com.xilinx.sdk.debug.core.XilinxAppLaunchConfigurationDelegate.launch(XilinxAppLaunchConfigurationDelegate.java:293)
	at com.xilinx.sdk.debug.ui.XilinxAppLaunchDelegateWrapper.launch(XilinxAppLaunchDelegateWrapper.java:31)
	at org.eclipse.debug.internal.core.LaunchConfiguration.launch(LaunchConfiguration.java:858)
	at org.eclipse.debug.internal.core.LaunchConfiguration.launch(LaunchConfiguration.java:707)
	at org.eclipse.debug.internal.ui.DebugUIPlugin.buildAndLaunch(DebugUIPlugin.java:1018)
	at org.eclipse.debug.internal.ui.DebugUIPlugin$8.run(DebugUIPlugin.java:1222)
	at org.eclipse.core.internal.jobs.Worker.run(Worker.java:53)
11:30:40 INFO  : FPGA configured successfully with bitstream "D:/zedboard_projects/CCLabelling_bigDataSet/CCLabelling_bigDataSet.sdk/design_1_wrapper_hw_platform_0/design_1_wrapper.bit"
11:30:49 INFO  : ps7_cortexa9_0 Processor is in use. Please stop existing Run or Debug sessions before launching.
11:30:59 ERROR : Unexpected error while launching program.
java.lang.RuntimeException: No Active System

	at com.xilinx.sdk.targetmanager.internal.TM.stop(TM.java:744)
	at com.xilinx.sdk.targetmanager.internal.CPURunSession.terminate(CPURunSession.java:27)
	at com.xilinx.sdk.targetmanager.internal.TM.terminateCurrentLaunch(TM.java:801)
	at com.xilinx.sdk.debug.core.XilinxAppLaunchConfigurationDelegate.runApplication(XilinxAppLaunchConfigurationDelegate.java:564)
	at com.xilinx.sdk.debug.core.XilinxAppLaunchConfigurationDelegate.launch(XilinxAppLaunchConfigurationDelegate.java:293)
	at com.xilinx.sdk.debug.ui.XilinxAppLaunchDelegateWrapper.launch(XilinxAppLaunchDelegateWrapper.java:31)
	at org.eclipse.debug.internal.core.LaunchConfiguration.launch(LaunchConfiguration.java:858)
	at org.eclipse.debug.internal.core.LaunchConfiguration.launch(LaunchConfiguration.java:707)
	at org.eclipse.debug.internal.ui.DebugUIPlugin.buildAndLaunch(DebugUIPlugin.java:1018)
	at org.eclipse.debug.internal.ui.DebugUIPlugin$8.run(DebugUIPlugin.java:1222)
	at org.eclipse.core.internal.jobs.Worker.run(Worker.java:53)
11:31:05 ERROR : Unexpected error while parsing XMD response ?: com.google.gson.JsonSyntaxException: com.google.gson.stream.MalformedJsonException: invalid number or unquoted string near 
11:31:54 INFO  : Processing command line option -hwspec D:/zedboard_projects/CCLabelling_bigDataSet/CCLabelling_bigDataSet.sdk/design_1_wrapper.hdf.
11:31:55 INFO  : Checking for hwspec changes in the project design_1_wrapper_hw_platform_0.
11:31:56 INFO  : Launching XSDB server: xsdb.bat -s D:/Xilinx/SDK/2014.4/scripts/xsdb/xsdb/xsdb-server.tcl 2450
11:32:16 INFO  : FPGA configured successfully with bitstream "D:/zedboard_projects/CCLabelling_bigDataSet/CCLabelling_bigDataSet.sdk/design_1_wrapper_hw_platform_0/design_1_wrapper.bit"
11:32:25 INFO  : ps7_init is completed.
11:32:25 INFO  : ps7_post_config is completed.
11:32:25 INFO  : Processor reset is completed for ps7_cortexa9_0
11:33:53 INFO  : Processor reset is completed for ps7_cortexa9_0
11:35:12 INFO  : Processor reset is completed for ps7_cortexa9_0
11:38:13 INFO  : ps7_cortexa9_0 Processor is in use. Please stop existing Run or Debug sessions before launching.
11:38:29 ERROR : Unexpected error while launching program.
java.lang.RuntimeException: Error in Resetting Target

    Could not stop the processor after reset


	at com.xilinx.sdk.targetmanager.internal.TM.doProcessorReset(TM.java:991)
	at com.xilinx.sdk.debug.core.XilinxAppLaunchConfigurationDelegate.runTargetSetup(XilinxAppLaunchConfigurationDelegate.java:502)
	at com.xilinx.sdk.debug.core.XilinxAppLaunchConfigurationDelegate.runApplication(XilinxAppLaunchConfigurationDelegate.java:584)
	at com.xilinx.sdk.debug.core.XilinxAppLaunchConfigurationDelegate.launch(XilinxAppLaunchConfigurationDelegate.java:293)
	at com.xilinx.sdk.debug.ui.XilinxAppLaunchDelegateWrapper.launch(XilinxAppLaunchDelegateWrapper.java:31)
	at org.eclipse.debug.internal.core.LaunchConfiguration.launch(LaunchConfiguration.java:858)
	at org.eclipse.debug.internal.core.LaunchConfiguration.launch(LaunchConfiguration.java:707)
	at org.eclipse.debug.internal.ui.DebugUIPlugin.buildAndLaunch(DebugUIPlugin.java:1018)
	at org.eclipse.debug.internal.ui.DebugUIPlugin$8.run(DebugUIPlugin.java:1222)
	at org.eclipse.core.internal.jobs.Worker.run(Worker.java:53)
11:38:57 INFO  : FPGA configured successfully with bitstream "D:/zedboard_projects/CCLabelling_bigDataSet/CCLabelling_bigDataSet.sdk/design_1_wrapper_hw_platform_0/design_1_wrapper.bit"
11:39:05 INFO  : ps7_init is completed.
11:39:05 INFO  : ps7_post_config is completed.
11:39:05 INFO  : Processor reset is completed for ps7_cortexa9_0
11:39:38 INFO  : Processor reset is completed for ps7_cortexa9_0
11:40:10 INFO  : ps7_cortexa9_0 Processor is in use. Please stop existing Run or Debug sessions before launching.
11:40:19 ERROR : Unexpected error while launching program.
java.lang.RuntimeException: Error in Resetting Target

    Could not stop the processor after reset


	at com.xilinx.sdk.targetmanager.internal.TM.doProcessorReset(TM.java:991)
	at com.xilinx.sdk.debug.core.XilinxAppLaunchConfigurationDelegate.runTargetSetup(XilinxAppLaunchConfigurationDelegate.java:502)
	at com.xilinx.sdk.debug.core.XilinxAppLaunchConfigurationDelegate.runApplication(XilinxAppLaunchConfigurationDelegate.java:584)
	at com.xilinx.sdk.debug.core.XilinxAppLaunchConfigurationDelegate.launch(XilinxAppLaunchConfigurationDelegate.java:293)
	at com.xilinx.sdk.debug.ui.XilinxAppLaunchDelegateWrapper.launch(XilinxAppLaunchDelegateWrapper.java:31)
	at org.eclipse.debug.internal.core.LaunchConfiguration.launch(LaunchConfiguration.java:858)
	at org.eclipse.debug.internal.core.LaunchConfiguration.launch(LaunchConfiguration.java:707)
	at org.eclipse.debug.internal.ui.DebugUIPlugin.buildAndLaunch(DebugUIPlugin.java:1018)
	at org.eclipse.debug.internal.ui.DebugUIPlugin$8.run(DebugUIPlugin.java:1222)
	at org.eclipse.core.internal.jobs.Worker.run(Worker.java:53)
11:41:40 ERROR : Unexpected error while launching program.
java.lang.RuntimeException: Error in Resetting Target

    Could not stop the processor after reset


	at com.xilinx.sdk.targetmanager.internal.TM.doProcessorReset(TM.java:991)
	at com.xilinx.sdk.debug.core.XilinxAppLaunchConfigurationDelegate.runTargetSetup(XilinxAppLaunchConfigurationDelegate.java:502)
	at com.xilinx.sdk.debug.core.XilinxAppLaunchConfigurationDelegate.runApplication(XilinxAppLaunchConfigurationDelegate.java:584)
	at com.xilinx.sdk.debug.core.XilinxAppLaunchConfigurationDelegate.launch(XilinxAppLaunchConfigurationDelegate.java:293)
	at com.xilinx.sdk.debug.ui.XilinxAppLaunchDelegateWrapper.launch(XilinxAppLaunchDelegateWrapper.java:31)
	at org.eclipse.debug.internal.core.LaunchConfiguration.launch(LaunchConfiguration.java:858)
	at org.eclipse.debug.internal.core.LaunchConfiguration.launch(LaunchConfiguration.java:707)
	at org.eclipse.debug.internal.ui.DebugUIPlugin.buildAndLaunch(DebugUIPlugin.java:1018)
	at org.eclipse.debug.internal.ui.DebugUIPlugin$8.run(DebugUIPlugin.java:1222)
	at org.eclipse.core.internal.jobs.Worker.run(Worker.java:53)
11:41:52 INFO  : FPGA configured successfully with bitstream "D:/zedboard_projects/CCLabelling_bigDataSet/CCLabelling_bigDataSet.sdk/design_1_wrapper_hw_platform_0/design_1_wrapper.bit"
11:45:03 INFO  : ps7_init is completed.
11:45:03 INFO  : ps7_post_config is completed.
11:45:03 INFO  : Processor reset is completed for ps7_cortexa9_0
11:49:13 INFO  : FPGA configured successfully with bitstream "D:/zedboard_projects/CCLabelling_bigDataSet/CCLabelling_bigDataSet.sdk/design_1_wrapper_hw_platform_0/design_1_wrapper.bit"
11:49:28 INFO  : FPGA configured successfully with bitstream "D:/zedboard_projects/CCLabelling_bigDataSet/CCLabelling_bigDataSet.sdk/design_1_wrapper_hw_platform_0/design_1_wrapper.bit"
11:50:51 INFO  : ps7_init is completed.
11:50:51 INFO  : ps7_post_config is completed.
11:50:51 INFO  : Processor reset is completed for ps7_cortexa9_0
11:53:17 INFO  : FPGA configured successfully with bitstream "D:/zedboard_projects/CCLabelling_bigDataSet/CCLabelling_bigDataSet.sdk/design_1_wrapper_hw_platform_0/design_1_wrapper.bit"
11:53:28 INFO  : ps7_init is completed.
11:53:28 INFO  : ps7_post_config is completed.
11:53:29 INFO  : Processor reset is completed for ps7_cortexa9_0
11:55:32 INFO  : FPGA configured successfully with bitstream "D:/zedboard_projects/CCLabelling_bigDataSet/CCLabelling_bigDataSet.sdk/design_1_wrapper_hw_platform_0/design_1_wrapper.bit"
11:55:45 INFO  : ps7_init is completed.
11:55:46 INFO  : ps7_post_config is completed.
11:55:46 INFO  : Processor reset is completed for ps7_cortexa9_0
11:57:17 INFO  : FPGA configured successfully with bitstream "D:/zedboard_projects/CCLabelling_bigDataSet/CCLabelling_bigDataSet.sdk/design_1_wrapper_hw_platform_0/design_1_wrapper.bit"
11:57:26 INFO  : ps7_init is completed.
11:57:26 INFO  : ps7_post_config is completed.
11:57:26 INFO  : Processor reset is completed for ps7_cortexa9_0
11:59:01 INFO  : FPGA configured successfully with bitstream "D:/zedboard_projects/CCLabelling_bigDataSet/CCLabelling_bigDataSet.sdk/design_1_wrapper_hw_platform_0/design_1_wrapper.bit"
11:59:20 INFO  : ps7_init is completed.
11:59:20 INFO  : ps7_post_config is completed.
11:59:20 INFO  : Processor reset is completed for ps7_cortexa9_0
12:02:24 INFO  : FPGA configured successfully with bitstream "D:/zedboard_projects/CCLabelling_bigDataSet/CCLabelling_bigDataSet.sdk/design_1_wrapper_hw_platform_0/design_1_wrapper.bit"
12:02:35 INFO  : ps7_init is completed.
12:02:35 INFO  : ps7_post_config is completed.
12:02:35 INFO  : Processor reset is completed for ps7_cortexa9_0
12:15:22 INFO  : Processor reset is completed for ps7_cortexa9_0
12:17:09 INFO  : Processor reset is completed for ps7_cortexa9_0
12:23:44 INFO  : FPGA configured successfully with bitstream "D:/zedboard_projects/CCLabelling_bigDataSet/CCLabelling_bigDataSet.sdk/design_1_wrapper_hw_platform_0/design_1_wrapper.bit"
12:23:57 INFO  : ps7_init is completed.
12:23:57 INFO  : ps7_post_config is completed.
12:23:58 INFO  : Processor reset is completed for ps7_cortexa9_0
12:52:56 INFO  : FPGA configured successfully with bitstream "D:/zedboard_projects/CCLabelling_bigDataSet/CCLabelling_bigDataSet.sdk/design_1_wrapper_hw_platform_0/design_1_wrapper.bit"
12:55:09 INFO  : Processor reset is completed for ps7_cortexa9_0
14:48:03 INFO  : Processor reset is completed for ps7_cortexa9_0
15:15:01 INFO  : Processor reset is completed for ps7_cortexa9_0
15:15:26 INFO  : ps7_cortexa9_0 Processor is in use. Please stop existing Run or Debug sessions before launching.
15:15:32 INFO  : Processor reset is completed for ps7_cortexa9_0
15:16:12 INFO  : FPGA configured successfully with bitstream "D:/zedboard_projects/CCLabelling_bigDataSet/CCLabelling_bigDataSet.sdk/design_1_wrapper_hw_platform_0/design_1_wrapper.bit"
15:17:40 INFO  : ps7_init is completed.
15:17:40 INFO  : ps7_post_config is completed.
15:17:40 INFO  : Processor reset is completed for ps7_cortexa9_0
16:07:37 INFO  : Processor reset is completed for ps7_cortexa9_0
16:10:28 INFO  : Processor reset is completed for ps7_cortexa9_0
16:33:56 INFO  : Processor reset is completed for ps7_cortexa9_0
16:39:00 INFO  : Processor reset is completed for ps7_cortexa9_0
