

================================================================
== Vivado HLS Report for 'CCLabel_firstPass'
================================================================
* Date:           Tue Feb 28 17:30:24 2017

* Version:        2014.4 (Build 1071461 on Tue Nov 18 16:42:57 PM 2014)
* Project:        ConnectedComponentLabeling_HLS
* Solution:       solution1
* Product family: zynq
* Target device:  xc7z020clg484-1


================================================================
== Performance Estimates
================================================================
+ Timing (ns): 
    * Summary: 
    +---------+-------+----------+------------+
    |  Clock  | Target| Estimated| Uncertainty|
    +---------+-------+----------+------------+
    |default  |  10.00|      8.47|        1.25|
    +---------+-------+----------+------------+

+ Latency (clock cycles): 
    * Summary: 
    +-----+-----+-----+-----+---------+
    |  Latency  |  Interval | Pipeline|
    | min | max | min | max |   Type  |
    +-----+-----+-----+-----+---------+
    |    ?|    ?|    ?|    ?|   none  |
    +-----+-----+-----+-----+---------+

    + Detail: 
        * Instance: 
        N/A

        * Loop: 
        +-------------+-----+-----+----------+-----------+-----------+------+----------+
        |             |  Latency  | Iteration|  Initiation Interval  | Trip |          |
        |  Loop Name  | min | max |  Latency |  achieved |   target  | Count| Pipelined|
        +-------------+-----+-----+----------+-----------+-----------+------+----------+
        |- Loop 1     |    ?|    ?|         ?|          -|          -|    64|    no    |
        | + Loop 1.1  |    ?|    ?|         2|          -|          -|     ?|    no    |
        | + Loop 1.2  |    ?|    ?|         2|          -|          -|     ?|    no    |
        +-------------+-----+-----+----------+-----------+-----------+------+----------+



================================================================
== Utilization Estimates
================================================================
* Summary: 
+-----------------+---------+-------+--------+-------+
|       Name      | BRAM_18K| DSP48E|   FF   |  LUT  |
+-----------------+---------+-------+--------+-------+
|Expression       |        -|      -|       0|    728|
|FIFO             |        -|      -|       -|      -|
|Instance         |        -|      4|       0|      0|
|Memory           |        -|      -|       -|      -|
|Multiplexer      |        -|      -|       -|    319|
|Register         |        -|      -|     446|      -|
+-----------------+---------+-------+--------+-------+
|Total            |        0|      4|     446|   1047|
+-----------------+---------+-------+--------+-------+
|Available        |      280|    220|  106400|  53200|
+-----------------+---------+-------+--------+-------+
|Utilization (%)  |        0|      1|   ~0   |      1|
+-----------------+---------+-------+--------+-------+

+ Detail: 
    * Instance: 
    +-----------------------------+--------------------------+---------+-------+---+----+
    |           Instance          |          Module          | BRAM_18K| DSP48E| FF| LUT|
    +-----------------------------+--------------------------+---------+-------+---+----+
    |CCLabel_mul_32s_4ns_32_3_U2  |CCLabel_mul_32s_4ns_32_3  |        0|      2|  0|   0|
    |CCLabel_mul_32s_4ns_32_3_U3  |CCLabel_mul_32s_4ns_32_3  |        0|      2|  0|   0|
    +-----------------------------+--------------------------+---------+-------+---+----+
    |Total                        |                          |        0|      4|  0|   0|
    +-----------------------------+--------------------------+---------+-------+---+----+

    * Memory: 
    N/A

    * FIFO: 
    N/A

    * Expression: 
    +-------------------------------+----------+-------+---+----+------------+------------+
    |         Variable Name         | Operation| DSP48E| FF| LUT| Bitwidth P0| Bitwidth P1|
    +-------------------------------+----------+-------+---+----+------------+------------+
    |i_s_fu_358_p2                  |     +    |      0|  0|   4|           4|           1|
    |indvar_flatten_next_fu_338_p2  |     +    |      0|  0|   7|           7|           1|
    |j_1_fu_595_p2                  |     +    |      0|  0|   4|           4|           1|
    |label_fu_603_p2                |     +    |      0|  0|  32|          32|           1|
    |p_addr1_fu_388_p2              |     +    |      0|  0|   8|           8|           8|
    |p_addr3_fu_430_p2              |     +    |      0|  0|   8|           8|           8|
    |p_addr8_fu_449_p2              |     +    |      0|  0|   9|           9|           9|
    |setCount_fu_620_p2             |     +    |      0|  0|  32|          32|           1|
    |tmp_20_fu_576_p2               |     +    |      0|  0|  32|          32|          32|
    |tmp_22_fu_583_p2               |     +    |      0|  0|  32|          32|          32|
    |tmp_24_fu_589_p2               |     +    |      0|  0|  32|          32|          32|
    |tmp_4_fu_440_p2                |     +    |      0|  0|   4|           4|           2|
    |tmp_7_fu_407_p2                |     +    |      0|  0|   4|           4|           2|
    |i_mid2_fu_364_p3               |  Select  |      0|  0|   4|           1|           4|
    |j_mid2_fu_350_p3               |  Select  |      0|  0|   4|           1|           1|
    |max_fu_528_p3                  |  Select  |      0|  0|  32|           1|          32|
    |prevAbove_fu_465_p3            |  Select  |      0|  0|  32|           1|          10|
    |prevLeft_fu_490_p3             |  Select  |      0|  0|  32|           1|          10|
    |temp_4_fu_518_p3               |  Select  |      0|  0|  32|           1|          32|
    |or_cond_fu_508_p2              |    and   |      0|  0|   1|           1|           1|
    |exitcond_flatten_fu_332_p2     |   icmp   |      0|  0|   8|           7|           8|
    |exitcond_fu_344_p2             |   icmp   |      0|  0|   5|           4|           5|
    |grp_fu_291_p2                  |   icmp   |      0|  0|  40|          32|           1|
    |tmp_10_fu_498_p2               |   icmp   |      0|  0|  40|          32|          10|
    |tmp_11_fu_503_p2               |   icmp   |      0|  0|  40|          32|          10|
    |tmp_13_fu_514_p2               |   icmp   |      0|  0|  40|          32|          32|
    |tmp_14_fu_524_p2               |   icmp   |      0|  0|  40|          32|          32|
    |tmp_15_fu_534_p2               |   icmp   |      0|  0|  40|          32|          10|
    |tmp_1_i1_fu_555_p2             |   icmp   |      0|  0|  40|          32|          32|
    |tmp_1_i_fu_545_p2              |   icmp   |      0|  0|  40|          32|          32|
    |tmp_3_fu_473_p2                |   icmp   |      0|  0|   4|           4|           1|
    |tmp_6_fu_402_p2                |   icmp   |      0|  0|   4|           4|           1|
    |tmp_9_fu_478_p2                |   icmp   |      0|  0|  40|          32|           1|
    |sel_tmp2_fu_484_p2             |    or    |      0|  0|   1|           1|           1|
    |sel_tmp_fu_460_p2              |    or    |      0|  0|   1|           1|           1|
    +-------------------------------+----------+-------+---+----+------------+------------+
    |Total                          |          |      0|  0| 728|         524|         397|
    +-------------------------------+----------+-------+---+----+------------+------------+

    * Multiplexer: 
    +----------------------------------+----+-----------+-----+-----------+
    |               Name               | LUT| Input Size| Bits| Total Bits|
    +----------------------------------+----+-----------+-----+-----------+
    |Image_r_address0                  |   6|          3|    6|         18|
    |ap_NS_fsm                         |  10|         16|    1|         16|
    |i_reg_243                         |   4|          2|    4|          8|
    |indvar_flatten_reg_232            |   7|          2|    7|         14|
    |j_reg_254                         |   4|          2|    4|          8|
    |label_1_fu_62                     |  32|          2|   32|         64|
    |lbImage_address0                  |   6|          4|    6|         24|
    |lbImage_address1                  |   6|          3|    6|         18|
    |setCount_1_fu_58                  |  32|          2|   32|         64|
    |set_address0                      |   5|          6|    5|         30|
    |set_d0                            |  32|          4|   32|        128|
    |starData_totalIntensity_address0  |   5|          4|    5|         20|
    |starData_totalIntensity_d0        |  32|          3|   32|         96|
    |starData_x_address0               |   5|          3|    5|         15|
    |starData_x_d0                     |  32|          3|   32|         96|
    |starData_y_address0               |   5|          3|    5|         15|
    |starData_y_d0                     |  32|          3|   32|         96|
    |temp_i1_reg_276                   |  32|          2|   32|         64|
    |temp_i_reg_265                    |  32|          2|   32|         64|
    +----------------------------------+----+-----------+-----+-----------+
    |Total                             | 319|         69|  310|        858|
    +----------------------------------+----+-----------+-----+-----------+

    * Register: 
    +----------------------------------------+----+----+-----+-----------+
    |                  Name                  | FF | LUT| Bits| Const Bits|
    +----------------------------------------+----+----+-----+-----------+
    |ap_CS_fsm                               |  15|   0|   15|          0|
    |i_cast5_reg_696                         |   4|   0|   32|         28|
    |i_mid2_reg_666                          |   4|   0|    4|          0|
    |i_reg_243                               |   4|   0|    4|          0|
    |indvar_flatten_next_reg_653             |   7|   0|    7|          0|
    |indvar_flatten_reg_232                  |   7|   0|    7|          0|
    |j_cast4_cast_reg_674                    |   4|   0|    8|          4|
    |j_cast4_reg_706                         |   4|   0|   32|         28|
    |j_mid2_reg_658                          |   4|   0|    4|          0|
    |j_reg_254                               |   4|   0|    4|          0|
    |label_1_fu_62                           |  32|   0|   32|          0|
    |lbImage_addr_reg_690                    |   6|   0|    6|          0|
    |max_reg_756                             |  32|   0|   32|          0|
    |or_cond_reg_743                         |   1|   0|    1|          0|
    |prevAbove_reg_725                       |  32|   0|   32|          0|
    |prevLeft_reg_734                        |  32|   0|   32|          0|
    |reg_315                                 |  32|   0|   32|          0|
    |setCount_1_fu_58                        |  32|   0|   32|          0|
    |starData_totalIntensity_addr_3_reg_786  |   5|   0|    5|          0|
    |starData_x_addr_reg_791                 |   5|   0|    5|          0|
    |starData_y_addr_3_reg_796               |   5|   0|    5|          0|
    |temp_4_reg_747                          |  32|   0|   32|          0|
    |temp_i1_reg_276                         |  32|   0|   32|          0|
    |temp_i_reg_265                          |  32|   0|   32|          0|
    |tmp_15_reg_761                          |   1|   0|    1|          0|
    |tmp_1_reg_711                           |   1|   0|    1|          0|
    |tmp_21_reg_806                          |  32|   0|   32|          0|
    |tmp_23_reg_811                          |  32|   0|   32|          0|
    |tmp_5_reg_684                           |   8|   0|   64|         56|
    |tmp_6_reg_701                           |   1|   0|    1|          0|
    |tmp_reg_679                             |   4|   0|    7|          3|
    +----------------------------------------+----+----+-----+-----------+
    |Total                                   | 446|   0|  565|        119|
    +----------------------------------------+----+----+-----+-----------+



================================================================
== Interface
================================================================
* Summary: 
+----------------------------------+-----+-----+------------+-------------------------+--------------+
|             RTL Ports            | Dir | Bits|  Protocol  |      Source Object      |    C Type    |
+----------------------------------+-----+-----+------------+-------------------------+--------------+
|ap_clk                            |  in |    1| ap_ctrl_hs |    CCLabel_firstPass    | return value |
|ap_rst                            |  in |    1| ap_ctrl_hs |    CCLabel_firstPass    | return value |
|ap_start                          |  in |    1| ap_ctrl_hs |    CCLabel_firstPass    | return value |
|ap_done                           | out |    1| ap_ctrl_hs |    CCLabel_firstPass    | return value |
|ap_idle                           | out |    1| ap_ctrl_hs |    CCLabel_firstPass    | return value |
|ap_ready                          | out |    1| ap_ctrl_hs |    CCLabel_firstPass    | return value |
|ap_return                         | out |   32| ap_ctrl_hs |    CCLabel_firstPass    | return value |
|Image_r_address0                  | out |    6|  ap_memory |         Image_r         |     array    |
|Image_r_ce0                       | out |    1|  ap_memory |         Image_r         |     array    |
|Image_r_q0                        |  in |   32|  ap_memory |         Image_r         |     array    |
|lbImage_address0                  | out |    6|  ap_memory |         lbImage         |     array    |
|lbImage_ce0                       | out |    1|  ap_memory |         lbImage         |     array    |
|lbImage_we0                       | out |    1|  ap_memory |         lbImage         |     array    |
|lbImage_d0                        | out |   32|  ap_memory |         lbImage         |     array    |
|lbImage_q0                        |  in |   32|  ap_memory |         lbImage         |     array    |
|lbImage_address1                  | out |    6|  ap_memory |         lbImage         |     array    |
|lbImage_ce1                       | out |    1|  ap_memory |         lbImage         |     array    |
|lbImage_we1                       | out |    1|  ap_memory |         lbImage         |     array    |
|lbImage_d1                        | out |   32|  ap_memory |         lbImage         |     array    |
|lbImage_q1                        |  in |   32|  ap_memory |         lbImage         |     array    |
|starData_status_address0          | out |    5|  ap_memory |     starData_status     |     array    |
|starData_status_ce0               | out |    1|  ap_memory |     starData_status     |     array    |
|starData_status_we0               | out |    1|  ap_memory |     starData_status     |     array    |
|starData_status_d0                | out |    1|  ap_memory |     starData_status     |     array    |
|starData_totalIntensity_address0  | out |    5|  ap_memory | starData_totalIntensity |     array    |
|starData_totalIntensity_ce0       | out |    1|  ap_memory | starData_totalIntensity |     array    |
|starData_totalIntensity_we0       | out |    1|  ap_memory | starData_totalIntensity |     array    |
|starData_totalIntensity_d0        | out |   32|  ap_memory | starData_totalIntensity |     array    |
|starData_totalIntensity_q0        |  in |   32|  ap_memory | starData_totalIntensity |     array    |
|starData_x_address0               | out |    5|  ap_memory |        starData_x       |     array    |
|starData_x_ce0                    | out |    1|  ap_memory |        starData_x       |     array    |
|starData_x_we0                    | out |    1|  ap_memory |        starData_x       |     array    |
|starData_x_d0                     | out |   32|  ap_memory |        starData_x       |     array    |
|starData_x_q0                     |  in |   32|  ap_memory |        starData_x       |     array    |
|starData_y_address0               | out |    5|  ap_memory |        starData_y       |     array    |
|starData_y_ce0                    | out |    1|  ap_memory |        starData_y       |     array    |
|starData_y_we0                    | out |    1|  ap_memory |        starData_y       |     array    |
|starData_y_d0                     | out |   32|  ap_memory |        starData_y       |     array    |
|starData_y_q0                     |  in |   32|  ap_memory |        starData_y       |     array    |
|set_address0                      | out |    5|  ap_memory |           set           |     array    |
|set_ce0                           | out |    1|  ap_memory |           set           |     array    |
|set_we0                           | out |    1|  ap_memory |           set           |     array    |
|set_d0                            | out |   32|  ap_memory |           set           |     array    |
|set_q0                            |  in |   32|  ap_memory |           set           |     array    |
+----------------------------------+-----+-----+------------+-------------------------+--------------+

