

================================================================
== Vivado HLS Report for 'CCLabel_calCentroid'
================================================================
* Date:           Tue Feb 28 17:30:24 2017

* Version:        2014.4 (Build 1071461 on Tue Nov 18 16:42:57 PM 2014)
* Project:        ConnectedComponentLabeling_HLS
* Solution:       solution1
* Product family: zynq
* Target device:  xc7z020clg484-1


================================================================
== Performance Estimates
================================================================
+ Timing (ns): 
    * Summary: 
    +---------+-------+----------+------------+
    |  Clock  | Target| Estimated| Uncertainty|
    +---------+-------+----------+------------+
    |default  |  10.00|      8.46|        1.25|
    +---------+-------+----------+------------+

+ Latency (clock cycles): 
    * Summary: 
    +-----+-----+-----+-----+---------+
    |  Latency  |  Interval | Pipeline|
    | min | max | min | max |   Type  |
    +-----+-----+-----+-----+---------+
    |    ?|    ?|    ?|    ?|   none  |
    +-----+-----+-----+-----+---------+

    + Detail: 
        * Instance: 
        N/A

        * Loop: 
        +-------------+-----+-----+----------+-----------+-----------+------+----------+
        |             |  Latency  | Iteration|  Initiation Interval  | Trip |          |
        |  Loop Name  | min | max |  Latency |  achieved |   target  | Count| Pipelined|
        +-------------+-----+-----+----------+-----------+-----------+------+----------+
        |- Loop 1     |    ?|    ?|         ?|          -|          -|     ?|    no    |
        | + Loop 1.1  |    ?|    ?|         2|          -|          -|     ?|    no    |
        |- Loop 2     |    ?|    ?|        25|          1|          1|     ?|    yes   |
        +-------------+-----+-----+----------+-----------+-----------+------+----------+



================================================================
== Utilization Estimates
================================================================
* Summary: 
+-----------------+---------+-------+--------+-------+
|       Name      | BRAM_18K| DSP48E|   FF   |  LUT  |
+-----------------+---------+-------+--------+-------+
|Expression       |        -|      -|       0|    352|
|FIFO             |        -|      -|       -|      -|
|Instance         |        -|      0|    2542|   3650|
|Memory           |        -|      -|       -|      -|
|Multiplexer      |        -|      -|       -|    205|
|Register         |        -|      -|     531|     33|
+-----------------+---------+-------+--------+-------+
|Total            |        0|      0|    3073|   4240|
+-----------------+---------+-------+--------+-------+
|Available        |      280|    220|  106400|  53200|
+-----------------+---------+-------+--------+-------+
|Utilization (%)  |        0|      0|       2|      7|
+-----------------+---------+-------+--------+-------+

+ Detail: 
    * Instance: 
    +----------------------------------+------------------------------+---------+-------+-----+-----+
    |             Instance             |            Module            | BRAM_18K| DSP48E|  FF | LUT |
    +----------------------------------+------------------------------+---------+-------+-----+-----+
    |CCLabel_fdiv_32ns_32ns_32_16_U11  |CCLabel_fdiv_32ns_32ns_32_16  |        0|      0|  761|  994|
    |CCLabel_fdiv_32ns_32ns_32_16_U12  |CCLabel_fdiv_32ns_32ns_32_16  |        0|      0|  761|  994|
    |CCLabel_uitofp_32ns_32_6_U13      |CCLabel_uitofp_32ns_32_6      |        0|      0|  340|  554|
    |CCLabel_uitofp_32ns_32_6_U14      |CCLabel_uitofp_32ns_32_6      |        0|      0|  340|  554|
    |CCLabel_uitofp_32ns_32_6_U15      |CCLabel_uitofp_32ns_32_6      |        0|      0|  340|  554|
    +----------------------------------+------------------------------+---------+-------+-----+-----+
    |Total                             |                              |        0|      0| 2542| 3650|
    +----------------------------------+------------------------------+---------+-------+-----+-----+

    * Memory: 
    N/A

    * FIFO: 
    N/A

    * Expression: 
    +-------------------------------+----------+-------+---+----+------------+------------+
    |         Variable Name         | Operation| DSP48E| FF| LUT| Bitwidth P0| Bitwidth P1|
    +-------------------------------+----------+-------+---+----+------------+------------+
    |centroidDataCount_1_fu_361_p2  |     +    |      0|  0|  32|          32|           1|
    |i_1_fu_334_p2                  |     +    |      0|  0|  32|          32|           1|
    |i_fu_350_p2                    |     +    |      0|  0|  32|          32|           1|
    |starData_totalIntensity_d0     |     +    |      0|  0|  32|          32|          32|
    |starData_x_d0                  |     +    |      0|  0|  32|          32|          32|
    |starData_y_d0                  |     +    |      0|  0|  32|          32|          32|
    |tmp_1_i_fu_307_p2              |   icmp   |      0|  0|  40|          32|          32|
    |tmp_2_fu_296_p2                |   icmp   |      0|  0|  40|          32|          32|
    |tmp_3_fu_340_p2                |   icmp   |      0|  0|  40|          32|          32|
    |tmp_fu_281_p2                  |   icmp   |      0|  0|  40|          32|          32|
    +-------------------------------+----------+-------+---+----+------------+------------+
    |Total                          |          |      0|  0| 352|         320|         227|
    +-------------------------------+----------+-------+---+----+------------+------------+

    * Multiplexer: 
    +----------------------------------+----+-----------+-----+-----------+
    |               Name               | LUT| Input Size| Bits| Total Bits|
    +----------------------------------+----+-----------+-----+-----------+
    |ap_NS_fsm                         |   4|          9|    1|          9|
    |ap_reg_ppiten_pp0_it24            |   1|          2|    1|          2|
    |centroidDataCount_fu_42           |  32|          2|   32|         64|
    |root_reg_234                      |  32|          2|   32|         64|
    |set_address0                      |   5|          3|    5|         15|
    |starData_status_address0          |   5|          3|    5|         15|
    |starData_totalIntensity_address0  |   5|          3|    5|         15|
    |starData_totalIntensity_address1  |   5|          3|    5|         15|
    |starData_x_address0               |   5|          3|    5|         15|
    |starData_x_address1               |   5|          3|    5|         15|
    |starData_y_address0               |   5|          3|    5|         15|
    |starData_y_address1               |   5|          3|    5|         15|
    |temp_1_reg_222                    |  32|          2|   32|         64|
    |temp_root_phi_fu_250_p4           |  32|          2|   32|         64|
    |temp_root_reg_245                 |  32|          2|   32|         64|
    +----------------------------------+----+-----------+-----+-----------+
    |Total                             | 205|         45|  202|        451|
    +----------------------------------+----+-----------+-----+-----------+

    * Register: 
    +----------------------------------------+----+----+-----+-----------+
    |                  Name                  | FF | LUT| Bits| Const Bits|
    +----------------------------------------+----+----+-----+-----------+
    |ap_CS_fsm                               |   8|   0|    8|          0|
    |ap_reg_ppiten_pp0_it0                   |   1|   0|    1|          0|
    |ap_reg_ppiten_pp0_it1                   |   1|   0|    1|          0|
    |ap_reg_ppiten_pp0_it10                  |   1|   0|    1|          0|
    |ap_reg_ppiten_pp0_it11                  |   1|   0|    1|          0|
    |ap_reg_ppiten_pp0_it12                  |   1|   0|    1|          0|
    |ap_reg_ppiten_pp0_it13                  |   1|   0|    1|          0|
    |ap_reg_ppiten_pp0_it14                  |   1|   0|    1|          0|
    |ap_reg_ppiten_pp0_it15                  |   1|   0|    1|          0|
    |ap_reg_ppiten_pp0_it16                  |   1|   0|    1|          0|
    |ap_reg_ppiten_pp0_it17                  |   1|   0|    1|          0|
    |ap_reg_ppiten_pp0_it18                  |   1|   0|    1|          0|
    |ap_reg_ppiten_pp0_it19                  |   1|   0|    1|          0|
    |ap_reg_ppiten_pp0_it2                   |   1|   0|    1|          0|
    |ap_reg_ppiten_pp0_it20                  |   1|   0|    1|          0|
    |ap_reg_ppiten_pp0_it21                  |   1|   0|    1|          0|
    |ap_reg_ppiten_pp0_it22                  |   1|   0|    1|          0|
    |ap_reg_ppiten_pp0_it23                  |   1|   0|    1|          0|
    |ap_reg_ppiten_pp0_it24                  |   1|   0|    1|          0|
    |ap_reg_ppiten_pp0_it3                   |   1|   0|    1|          0|
    |ap_reg_ppiten_pp0_it4                   |   1|   0|    1|          0|
    |ap_reg_ppiten_pp0_it5                   |   1|   0|    1|          0|
    |ap_reg_ppiten_pp0_it6                   |   1|   0|    1|          0|
    |ap_reg_ppiten_pp0_it7                   |   1|   0|    1|          0|
    |ap_reg_ppiten_pp0_it8                   |   1|   0|    1|          0|
    |ap_reg_ppiten_pp0_it9                   |   1|   0|    1|          0|
    |centroidDataCount_fu_42                 |  32|   0|   32|          0|
    |i_reg_480                               |  32|   0|   32|          0|
    |root_reg_234                            |  32|   0|   32|          0|
    |starData_status_load_reg_485            |   1|   0|    1|          0|
    |starData_totalIntensity_addr_1_reg_431  |   5|   0|    5|          0|
    |starData_totalIntensity_load_2_reg_515  |  32|   0|   32|          0|
    |starData_x_addr_1_reg_442               |   5|   0|    5|          0|
    |starData_x_load_2_reg_510               |  32|   0|   32|          0|
    |starData_y_addr_1_reg_453               |   5|   0|    5|          0|
    |starData_y_load_2_reg_520               |  32|   0|   32|          0|
    |temp_1_reg_222                          |  32|   0|   32|          0|
    |temp_root_reg_245                       |  32|   0|   32|          0|
    |tmp_10_reg_530                          |  32|   0|   32|          0|
    |tmp_11_reg_536                          |  32|   0|   32|          0|
    |tmp_12_reg_504                          |  32|   0|   64|         32|
    |tmp_2_reg_402                           |   1|   0|    1|          0|
    |tmp_3_reg_464                           |   1|   0|    1|          0|
    |tmp_4_reg_525                           |  32|   0|   32|          0|
    |tmp_9_reg_468                           |  32|   0|   64|         32|
    |tmp_i_reg_406                           |  32|   0|   64|         32|
    |tmp_s_reg_382                           |  32|   0|   64|         32|
    |starData_status_load_reg_485            |   0|   1|    1|          0|
    |tmp_12_reg_504                          |   0|  32|   64|         32|
    +----------------------------------------+----+----+-----+-----------+
    |Total                                   | 531|  33|  724|        160|
    +----------------------------------------+----+----+-----+-----------+



================================================================
== Interface
================================================================
* Summary: 
+----------------------------------+-----+-----+------------+-------------------------+--------------+
|             RTL Ports            | Dir | Bits|  Protocol  |      Source Object      |    C Type    |
+----------------------------------+-----+-----+------------+-------------------------+--------------+
|ap_clk                            |  in |    1| ap_ctrl_hs |   CCLabel_calCentroid   | return value |
|ap_rst                            |  in |    1| ap_ctrl_hs |   CCLabel_calCentroid   | return value |
|ap_start                          |  in |    1| ap_ctrl_hs |   CCLabel_calCentroid   | return value |
|ap_done                           | out |    1| ap_ctrl_hs |   CCLabel_calCentroid   | return value |
|ap_idle                           | out |    1| ap_ctrl_hs |   CCLabel_calCentroid   | return value |
|ap_ready                          | out |    1| ap_ctrl_hs |   CCLabel_calCentroid   | return value |
|ap_return                         | out |   32| ap_ctrl_hs |   CCLabel_calCentroid   | return value |
|set_address0                      | out |    5|  ap_memory |           set           |     array    |
|set_ce0                           | out |    1|  ap_memory |           set           |     array    |
|set_q0                            |  in |   32|  ap_memory |           set           |     array    |
|starData_status_address0          | out |    5|  ap_memory |     starData_status     |     array    |
|starData_status_ce0               | out |    1|  ap_memory |     starData_status     |     array    |
|starData_status_we0               | out |    1|  ap_memory |     starData_status     |     array    |
|starData_status_d0                | out |    1|  ap_memory |     starData_status     |     array    |
|starData_status_q0                |  in |    1|  ap_memory |     starData_status     |     array    |
|starData_totalIntensity_address0  | out |    5|  ap_memory | starData_totalIntensity |     array    |
|starData_totalIntensity_ce0       | out |    1|  ap_memory | starData_totalIntensity |     array    |
|starData_totalIntensity_we0       | out |    1|  ap_memory | starData_totalIntensity |     array    |
|starData_totalIntensity_d0        | out |   32|  ap_memory | starData_totalIntensity |     array    |
|starData_totalIntensity_q0        |  in |   32|  ap_memory | starData_totalIntensity |     array    |
|starData_totalIntensity_address1  | out |    5|  ap_memory | starData_totalIntensity |     array    |
|starData_totalIntensity_ce1       | out |    1|  ap_memory | starData_totalIntensity |     array    |
|starData_totalIntensity_q1        |  in |   32|  ap_memory | starData_totalIntensity |     array    |
|starData_x_address0               | out |    5|  ap_memory |        starData_x       |     array    |
|starData_x_ce0                    | out |    1|  ap_memory |        starData_x       |     array    |
|starData_x_we0                    | out |    1|  ap_memory |        starData_x       |     array    |
|starData_x_d0                     | out |   32|  ap_memory |        starData_x       |     array    |
|starData_x_q0                     |  in |   32|  ap_memory |        starData_x       |     array    |
|starData_x_address1               | out |    5|  ap_memory |        starData_x       |     array    |
|starData_x_ce1                    | out |    1|  ap_memory |        starData_x       |     array    |
|starData_x_q1                     |  in |   32|  ap_memory |        starData_x       |     array    |
|starData_y_address0               | out |    5|  ap_memory |        starData_y       |     array    |
|starData_y_ce0                    | out |    1|  ap_memory |        starData_y       |     array    |
|starData_y_we0                    | out |    1|  ap_memory |        starData_y       |     array    |
|starData_y_d0                     | out |   32|  ap_memory |        starData_y       |     array    |
|starData_y_q0                     |  in |   32|  ap_memory |        starData_y       |     array    |
|starData_y_address1               | out |    5|  ap_memory |        starData_y       |     array    |
|starData_y_ce1                    | out |    1|  ap_memory |        starData_y       |     array    |
|starData_y_q1                     |  in |   32|  ap_memory |        starData_y       |     array    |
|centroidData_root_address0        | out |    5|  ap_memory |    centroidData_root    |     array    |
|centroidData_root_ce0             | out |    1|  ap_memory |    centroidData_root    |     array    |
|centroidData_root_we0             | out |    1|  ap_memory |    centroidData_root    |     array    |
|centroidData_root_d0              | out |   32|  ap_memory |    centroidData_root    |     array    |
|centroidData_x_address0           | out |    5|  ap_memory |      centroidData_x     |     array    |
|centroidData_x_ce0                | out |    1|  ap_memory |      centroidData_x     |     array    |
|centroidData_x_we0                | out |    1|  ap_memory |      centroidData_x     |     array    |
|centroidData_x_d0                 | out |   32|  ap_memory |      centroidData_x     |     array    |
|centroidData_y_address0           | out |    5|  ap_memory |      centroidData_y     |     array    |
|centroidData_y_ce0                | out |    1|  ap_memory |      centroidData_y     |     array    |
|centroidData_y_we0                | out |    1|  ap_memory |      centroidData_y     |     array    |
|centroidData_y_d0                 | out |   32|  ap_memory |      centroidData_y     |     array    |
|setCount                          |  in |   32|   ap_none  |         setCount        |    scalar    |
+----------------------------------+-----+-----+------------+-------------------------+--------------+

