

================================================================
== Vivado HLS Report for 'CCLabel_preProcess'
================================================================
* Date:           Mon Feb 27 17:20:28 2017

* Version:        2014.4 (Build 1071461 on Tue Nov 18 16:42:57 PM 2014)
* Project:        ConnectedComponentLabeling_HLS
* Solution:       solution1
* Product family: zynq
* Target device:  xc7z020clg484-1


================================================================
== Performance Estimates
================================================================
+ Timing (ns): 
    * Summary: 
    +---------+-------+----------+------------+
    |  Clock  | Target| Estimated| Uncertainty|
    +---------+-------+----------+------------+
    |default  |  10.00|      8.67|        1.25|
    +---------+-------+----------+------------+

+ Latency (clock cycles): 
    * Summary: 
    +--------+--------+--------+--------+---------+
    |     Latency     |     Interval    | Pipeline|
    |   min  |   max  |   min  |   max  |   Type  |
    +--------+--------+--------+--------+---------+
    |  131585|  131585|  131585|  131585|   none  |
    +--------+--------+--------+--------+---------+

    + Detail: 
        * Instance: 
        N/A

        * Loop: 
        +----------+--------+--------+----------+-----------+-----------+------+----------+
        |          |     Latency     | Iteration|  Initiation Interval  | Trip |          |
        | Loop Name|   min  |   max  |  Latency |  achieved |   target  | Count| Pipelined|
        +----------+--------+--------+----------+-----------+-----------+------+----------+
        |- Loop 1  |  131584|  131584|       257|          -|          -|   512|    no    |
        +----------+--------+--------+----------+-----------+-----------+------+----------+



================================================================
== Utilization Estimates
================================================================
* Summary: 
+-----------------+---------+-------+--------+-------+
|       Name      | BRAM_18K| DSP48E|   FF   |  LUT  |
+-----------------+---------+-------+--------+-------+
|Expression       |        -|      -|       0|  12880|
|FIFO             |        -|      -|       -|      -|
|Instance         |        -|      -|       -|      -|
|Memory           |        -|      -|       -|      -|
|Multiplexer      |        -|      -|       -|   6814|
|Register         |        -|      -|    5408|      -|
+-----------------+---------+-------+--------+-------+
|Total            |        0|      0|    5408|  19694|
+-----------------+---------+-------+--------+-------+
|Available        |      280|    220|  106400|  53200|
+-----------------+---------+-------+--------+-------+
|Utilization (%)  |        0|      0|       5|     37|
+-----------------+---------+-------+--------+-------+

+ Detail: 
    * Instance: 
    N/A

    * Memory: 
    N/A

    * FIFO: 
    N/A

    * Expression: 
    +----------------------+----------+-------+---+-----+------------+------------+
    |     Variable Name    | Operation| DSP48E| FF| LUT | Bitwidth P0| Bitwidth P1|
    +----------------------+----------+-------+---+-----+------------+------------+
    |i_1_fu_9310_p2        |     +    |      0|  0|   10|          10|           1|
    |lbImage_d0            |  Select  |      0|  0|    1|           1|           1|
    |lbImage_d1            |  Select  |      0|  0|    1|           1|           1|
    |exitcond1_fu_9304_p2  |   icmp   |      0|  0|   13|          10|          11|
    |grp_fu_9274_p2        |   icmp   |      0|  0|   40|          32|           7|
    |grp_fu_9289_p2        |   icmp   |      0|  0|   40|          32|           7|
    |tmp_1000_fu_18312_p2  |    or    |      0|  0|   25|          19|           9|
    |tmp_1002_fu_18330_p2  |    or    |      0|  0|   25|          19|           9|
    |tmp_1004_fu_18348_p2  |    or    |      0|  0|   25|          19|           9|
    |tmp_1006_fu_18366_p2  |    or    |      0|  0|   25|          19|           9|
    |tmp_1008_fu_18384_p2  |    or    |      0|  0|   25|          19|           9|
    |tmp_100_fu_10212_p2   |    or    |      0|  0|   25|          19|           6|
    |tmp_1010_fu_18402_p2  |    or    |      0|  0|   25|          19|           9|
    |tmp_1012_fu_18420_p2  |    or    |      0|  0|   25|          19|           9|
    |tmp_1014_fu_18438_p2  |    or    |      0|  0|   25|          19|           9|
    |tmp_1016_fu_18456_p2  |    or    |      0|  0|   25|          19|           9|
    |tmp_1018_fu_18474_p2  |    or    |      0|  0|   25|          19|           9|
    |tmp_1020_fu_18492_p2  |    or    |      0|  0|   25|          19|           9|
    |tmp_1022_fu_18510_p2  |    or    |      0|  0|   25|          19|           9|
    |tmp_102_fu_10230_p2   |    or    |      0|  0|   25|          19|           6|
    |tmp_104_fu_10248_p2   |    or    |      0|  0|   25|          19|           6|
    |tmp_106_fu_10266_p2   |    or    |      0|  0|   25|          19|           6|
    |tmp_108_fu_10284_p2   |    or    |      0|  0|   25|          19|           6|
    |tmp_10_fu_9402_p2     |    or    |      0|  0|   25|          19|           3|
    |tmp_110_fu_10302_p2   |    or    |      0|  0|   25|          19|           6|
    |tmp_112_fu_10320_p2   |    or    |      0|  0|   25|          19|           6|
    |tmp_114_fu_10338_p2   |    or    |      0|  0|   25|          19|           6|
    |tmp_116_fu_10356_p2   |    or    |      0|  0|   25|          19|           6|
    |tmp_118_fu_10374_p2   |    or    |      0|  0|   25|          19|           6|
    |tmp_120_fu_10392_p2   |    or    |      0|  0|   25|          19|           6|
    |tmp_122_fu_10410_p2   |    or    |      0|  0|   25|          19|           6|
    |tmp_124_fu_10428_p2   |    or    |      0|  0|   25|          19|           6|
    |tmp_126_fu_10446_p2   |    or    |      0|  0|   25|          19|           6|
    |tmp_128_fu_10464_p2   |    or    |      0|  0|   25|          19|           7|
    |tmp_12_fu_9420_p2     |    or    |      0|  0|   25|          19|           3|
    |tmp_130_fu_10482_p2   |    or    |      0|  0|   25|          19|           7|
    |tmp_132_fu_10500_p2   |    or    |      0|  0|   25|          19|           7|
    |tmp_134_fu_10518_p2   |    or    |      0|  0|   25|          19|           7|
    |tmp_136_fu_10536_p2   |    or    |      0|  0|   25|          19|           7|
    |tmp_138_fu_10554_p2   |    or    |      0|  0|   25|          19|           7|
    |tmp_140_fu_10572_p2   |    or    |      0|  0|   25|          19|           7|
    |tmp_142_fu_10590_p2   |    or    |      0|  0|   25|          19|           7|
    |tmp_144_fu_10608_p2   |    or    |      0|  0|   25|          19|           7|
    |tmp_146_fu_10626_p2   |    or    |      0|  0|   25|          19|           7|
    |tmp_148_fu_10644_p2   |    or    |      0|  0|   25|          19|           7|
    |tmp_14_fu_9438_p2     |    or    |      0|  0|   25|          19|           3|
    |tmp_150_fu_10662_p2   |    or    |      0|  0|   25|          19|           7|
    |tmp_152_fu_10680_p2   |    or    |      0|  0|   25|          19|           7|
    |tmp_154_fu_10698_p2   |    or    |      0|  0|   25|          19|           7|
    |tmp_156_fu_10716_p2   |    or    |      0|  0|   25|          19|           7|
    |tmp_158_fu_10734_p2   |    or    |      0|  0|   25|          19|           7|
    |tmp_160_fu_10752_p2   |    or    |      0|  0|   25|          19|           7|
    |tmp_162_fu_10770_p2   |    or    |      0|  0|   25|          19|           7|
    |tmp_164_fu_10788_p2   |    or    |      0|  0|   25|          19|           7|
    |tmp_166_fu_10806_p2   |    or    |      0|  0|   25|          19|           7|
    |tmp_168_fu_10824_p2   |    or    |      0|  0|   25|          19|           7|
    |tmp_16_fu_9456_p2     |    or    |      0|  0|   25|          19|           4|
    |tmp_170_fu_10842_p2   |    or    |      0|  0|   25|          19|           7|
    |tmp_172_fu_10860_p2   |    or    |      0|  0|   25|          19|           7|
    |tmp_174_fu_10878_p2   |    or    |      0|  0|   25|          19|           7|
    |tmp_176_fu_10896_p2   |    or    |      0|  0|   25|          19|           7|
    |tmp_178_fu_10914_p2   |    or    |      0|  0|   25|          19|           7|
    |tmp_180_fu_10932_p2   |    or    |      0|  0|   25|          19|           7|
    |tmp_182_fu_10950_p2   |    or    |      0|  0|   25|          19|           7|
    |tmp_184_fu_10968_p2   |    or    |      0|  0|   25|          19|           7|
    |tmp_186_fu_10986_p2   |    or    |      0|  0|   25|          19|           7|
    |tmp_188_fu_11004_p2   |    or    |      0|  0|   25|          19|           7|
    |tmp_18_fu_9474_p2     |    or    |      0|  0|   25|          19|           4|
    |tmp_190_fu_11022_p2   |    or    |      0|  0|   25|          19|           7|
    |tmp_192_fu_11040_p2   |    or    |      0|  0|   25|          19|           7|
    |tmp_194_fu_11058_p2   |    or    |      0|  0|   25|          19|           7|
    |tmp_196_fu_11076_p2   |    or    |      0|  0|   25|          19|           7|
    |tmp_198_fu_11094_p2   |    or    |      0|  0|   25|          19|           7|
    |tmp_200_fu_11112_p2   |    or    |      0|  0|   25|          19|           7|
    |tmp_202_fu_11130_p2   |    or    |      0|  0|   25|          19|           7|
    |tmp_204_fu_11148_p2   |    or    |      0|  0|   25|          19|           7|
    |tmp_206_fu_11166_p2   |    or    |      0|  0|   25|          19|           7|
    |tmp_208_fu_11184_p2   |    or    |      0|  0|   25|          19|           7|
    |tmp_20_fu_9492_p2     |    or    |      0|  0|   25|          19|           4|
    |tmp_210_fu_11202_p2   |    or    |      0|  0|   25|          19|           7|
    |tmp_212_fu_11220_p2   |    or    |      0|  0|   25|          19|           7|
    |tmp_214_fu_11238_p2   |    or    |      0|  0|   25|          19|           7|
    |tmp_216_fu_11256_p2   |    or    |      0|  0|   25|          19|           7|
    |tmp_218_fu_11274_p2   |    or    |      0|  0|   25|          19|           7|
    |tmp_220_fu_11292_p2   |    or    |      0|  0|   25|          19|           7|
    |tmp_222_fu_11310_p2   |    or    |      0|  0|   25|          19|           7|
    |tmp_224_fu_11328_p2   |    or    |      0|  0|   25|          19|           7|
    |tmp_226_fu_11346_p2   |    or    |      0|  0|   25|          19|           7|
    |tmp_228_fu_11364_p2   |    or    |      0|  0|   25|          19|           7|
    |tmp_22_fu_9510_p2     |    or    |      0|  0|   25|          19|           4|
    |tmp_230_fu_11382_p2   |    or    |      0|  0|   25|          19|           7|
    |tmp_232_fu_11400_p2   |    or    |      0|  0|   25|          19|           7|
    |tmp_234_fu_11418_p2   |    or    |      0|  0|   25|          19|           7|
    |tmp_236_fu_11436_p2   |    or    |      0|  0|   25|          19|           7|
    |tmp_238_fu_11454_p2   |    or    |      0|  0|   25|          19|           7|
    |tmp_240_fu_11472_p2   |    or    |      0|  0|   25|          19|           7|
    |tmp_242_fu_11490_p2   |    or    |      0|  0|   25|          19|           7|
    |tmp_244_fu_11508_p2   |    or    |      0|  0|   25|          19|           7|
    |tmp_246_fu_11526_p2   |    or    |      0|  0|   25|          19|           7|
    |tmp_248_fu_11544_p2   |    or    |      0|  0|   25|          19|           7|
    |tmp_24_fu_9528_p2     |    or    |      0|  0|   25|          19|           4|
    |tmp_250_fu_11562_p2   |    or    |      0|  0|   25|          19|           7|
    |tmp_252_fu_11580_p2   |    or    |      0|  0|   25|          19|           7|
    |tmp_254_fu_11598_p2   |    or    |      0|  0|   25|          19|           7|
    |tmp_256_fu_11616_p2   |    or    |      0|  0|   25|          19|           8|
    |tmp_258_fu_11634_p2   |    or    |      0|  0|   25|          19|           8|
    |tmp_260_fu_11652_p2   |    or    |      0|  0|   25|          19|           8|
    |tmp_262_fu_11670_p2   |    or    |      0|  0|   25|          19|           8|
    |tmp_264_fu_11688_p2   |    or    |      0|  0|   25|          19|           8|
    |tmp_266_fu_11706_p2   |    or    |      0|  0|   25|          19|           8|
    |tmp_268_fu_11724_p2   |    or    |      0|  0|   25|          19|           8|
    |tmp_26_fu_9546_p2     |    or    |      0|  0|   25|          19|           4|
    |tmp_270_fu_11742_p2   |    or    |      0|  0|   25|          19|           8|
    |tmp_272_fu_11760_p2   |    or    |      0|  0|   25|          19|           8|
    |tmp_274_fu_11778_p2   |    or    |      0|  0|   25|          19|           8|
    |tmp_276_fu_11796_p2   |    or    |      0|  0|   25|          19|           8|
    |tmp_278_fu_11814_p2   |    or    |      0|  0|   25|          19|           8|
    |tmp_280_fu_11832_p2   |    or    |      0|  0|   25|          19|           8|
    |tmp_282_fu_11850_p2   |    or    |      0|  0|   25|          19|           8|
    |tmp_284_fu_11868_p2   |    or    |      0|  0|   25|          19|           8|
    |tmp_286_fu_11886_p2   |    or    |      0|  0|   25|          19|           8|
    |tmp_288_fu_11904_p2   |    or    |      0|  0|   25|          19|           8|
    |tmp_28_fu_9564_p2     |    or    |      0|  0|   25|          19|           4|
    |tmp_290_fu_11922_p2   |    or    |      0|  0|   25|          19|           8|
    |tmp_292_fu_11940_p2   |    or    |      0|  0|   25|          19|           8|
    |tmp_294_fu_11958_p2   |    or    |      0|  0|   25|          19|           8|
    |tmp_296_fu_11976_p2   |    or    |      0|  0|   25|          19|           8|
    |tmp_298_fu_11994_p2   |    or    |      0|  0|   25|          19|           8|
    |tmp_2_fu_9329_p2      |    or    |      0|  0|   25|          19|           1|
    |tmp_300_fu_12012_p2   |    or    |      0|  0|   25|          19|           8|
    |tmp_302_fu_12030_p2   |    or    |      0|  0|   25|          19|           8|
    |tmp_304_fu_12048_p2   |    or    |      0|  0|   25|          19|           8|
    |tmp_306_fu_12066_p2   |    or    |      0|  0|   25|          19|           8|
    |tmp_308_fu_12084_p2   |    or    |      0|  0|   25|          19|           8|
    |tmp_30_fu_9582_p2     |    or    |      0|  0|   25|          19|           4|
    |tmp_310_fu_12102_p2   |    or    |      0|  0|   25|          19|           8|
    |tmp_312_fu_12120_p2   |    or    |      0|  0|   25|          19|           8|
    |tmp_314_fu_12138_p2   |    or    |      0|  0|   25|          19|           8|
    |tmp_316_fu_12156_p2   |    or    |      0|  0|   25|          19|           8|
    |tmp_318_fu_12174_p2   |    or    |      0|  0|   25|          19|           8|
    |tmp_320_fu_12192_p2   |    or    |      0|  0|   25|          19|           8|
    |tmp_322_fu_12210_p2   |    or    |      0|  0|   25|          19|           8|
    |tmp_324_fu_12228_p2   |    or    |      0|  0|   25|          19|           8|
    |tmp_326_fu_12246_p2   |    or    |      0|  0|   25|          19|           8|
    |tmp_328_fu_12264_p2   |    or    |      0|  0|   25|          19|           8|
    |tmp_32_fu_9600_p2     |    or    |      0|  0|   25|          19|           5|
    |tmp_330_fu_12282_p2   |    or    |      0|  0|   25|          19|           8|
    |tmp_332_fu_12300_p2   |    or    |      0|  0|   25|          19|           8|
    |tmp_334_fu_12318_p2   |    or    |      0|  0|   25|          19|           8|
    |tmp_336_fu_12336_p2   |    or    |      0|  0|   25|          19|           8|
    |tmp_338_fu_12354_p2   |    or    |      0|  0|   25|          19|           8|
    |tmp_340_fu_12372_p2   |    or    |      0|  0|   25|          19|           8|
    |tmp_342_fu_12390_p2   |    or    |      0|  0|   25|          19|           8|
    |tmp_344_fu_12408_p2   |    or    |      0|  0|   25|          19|           8|
    |tmp_346_fu_12426_p2   |    or    |      0|  0|   25|          19|           8|
    |tmp_348_fu_12444_p2   |    or    |      0|  0|   25|          19|           8|
    |tmp_34_fu_9618_p2     |    or    |      0|  0|   25|          19|           5|
    |tmp_350_fu_12462_p2   |    or    |      0|  0|   25|          19|           8|
    |tmp_352_fu_12480_p2   |    or    |      0|  0|   25|          19|           8|
    |tmp_354_fu_12498_p2   |    or    |      0|  0|   25|          19|           8|
    |tmp_356_fu_12516_p2   |    or    |      0|  0|   25|          19|           8|
    |tmp_358_fu_12534_p2   |    or    |      0|  0|   25|          19|           8|
    |tmp_360_fu_12552_p2   |    or    |      0|  0|   25|          19|           8|
    |tmp_362_fu_12570_p2   |    or    |      0|  0|   25|          19|           8|
    |tmp_364_fu_12588_p2   |    or    |      0|  0|   25|          19|           8|
    |tmp_366_fu_12606_p2   |    or    |      0|  0|   25|          19|           8|
    |tmp_368_fu_12624_p2   |    or    |      0|  0|   25|          19|           8|
    |tmp_36_fu_9636_p2     |    or    |      0|  0|   25|          19|           5|
    |tmp_370_fu_12642_p2   |    or    |      0|  0|   25|          19|           8|
    |tmp_372_fu_12660_p2   |    or    |      0|  0|   25|          19|           8|
    |tmp_374_fu_12678_p2   |    or    |      0|  0|   25|          19|           8|
    |tmp_376_fu_12696_p2   |    or    |      0|  0|   25|          19|           8|
    |tmp_378_fu_12714_p2   |    or    |      0|  0|   25|          19|           8|
    |tmp_380_fu_12732_p2   |    or    |      0|  0|   25|          19|           8|
    |tmp_382_fu_12750_p2   |    or    |      0|  0|   25|          19|           8|
    |tmp_384_fu_12768_p2   |    or    |      0|  0|   25|          19|           8|
    |tmp_386_fu_12786_p2   |    or    |      0|  0|   25|          19|           8|
    |tmp_388_fu_12804_p2   |    or    |      0|  0|   25|          19|           8|
    |tmp_38_fu_9654_p2     |    or    |      0|  0|   25|          19|           5|
    |tmp_390_fu_12822_p2   |    or    |      0|  0|   25|          19|           8|
    |tmp_392_fu_12840_p2   |    or    |      0|  0|   25|          19|           8|
    |tmp_394_fu_12858_p2   |    or    |      0|  0|   25|          19|           8|
    |tmp_396_fu_12876_p2   |    or    |      0|  0|   25|          19|           8|
    |tmp_398_fu_12894_p2   |    or    |      0|  0|   25|          19|           8|
    |tmp_400_fu_12912_p2   |    or    |      0|  0|   25|          19|           8|
    |tmp_402_fu_12930_p2   |    or    |      0|  0|   25|          19|           8|
    |tmp_404_fu_12948_p2   |    or    |      0|  0|   25|          19|           8|
    |tmp_406_fu_12966_p2   |    or    |      0|  0|   25|          19|           8|
    |tmp_408_fu_12984_p2   |    or    |      0|  0|   25|          19|           8|
    |tmp_40_fu_9672_p2     |    or    |      0|  0|   25|          19|           5|
    |tmp_410_fu_13002_p2   |    or    |      0|  0|   25|          19|           8|
    |tmp_412_fu_13020_p2   |    or    |      0|  0|   25|          19|           8|
    |tmp_414_fu_13038_p2   |    or    |      0|  0|   25|          19|           8|
    |tmp_416_fu_13056_p2   |    or    |      0|  0|   25|          19|           8|
    |tmp_418_fu_13074_p2   |    or    |      0|  0|   25|          19|           8|
    |tmp_420_fu_13092_p2   |    or    |      0|  0|   25|          19|           8|
    |tmp_422_fu_13110_p2   |    or    |      0|  0|   25|          19|           8|
    |tmp_424_fu_13128_p2   |    or    |      0|  0|   25|          19|           8|
    |tmp_426_fu_13146_p2   |    or    |      0|  0|   25|          19|           8|
    |tmp_428_fu_13164_p2   |    or    |      0|  0|   25|          19|           8|
    |tmp_42_fu_9690_p2     |    or    |      0|  0|   25|          19|           5|
    |tmp_430_fu_13182_p2   |    or    |      0|  0|   25|          19|           8|
    |tmp_432_fu_13200_p2   |    or    |      0|  0|   25|          19|           8|
    |tmp_434_fu_13218_p2   |    or    |      0|  0|   25|          19|           8|
    |tmp_436_fu_13236_p2   |    or    |      0|  0|   25|          19|           8|
    |tmp_438_fu_13254_p2   |    or    |      0|  0|   25|          19|           8|
    |tmp_440_fu_13272_p2   |    or    |      0|  0|   25|          19|           8|
    |tmp_442_fu_13290_p2   |    or    |      0|  0|   25|          19|           8|
    |tmp_444_fu_13308_p2   |    or    |      0|  0|   25|          19|           8|
    |tmp_446_fu_13326_p2   |    or    |      0|  0|   25|          19|           8|
    |tmp_448_fu_13344_p2   |    or    |      0|  0|   25|          19|           8|
    |tmp_44_fu_9708_p2     |    or    |      0|  0|   25|          19|           5|
    |tmp_450_fu_13362_p2   |    or    |      0|  0|   25|          19|           8|
    |tmp_452_fu_13380_p2   |    or    |      0|  0|   25|          19|           8|
    |tmp_454_fu_13398_p2   |    or    |      0|  0|   25|          19|           8|
    |tmp_456_fu_13416_p2   |    or    |      0|  0|   25|          19|           8|
    |tmp_458_fu_13434_p2   |    or    |      0|  0|   25|          19|           8|
    |tmp_460_fu_13452_p2   |    or    |      0|  0|   25|          19|           8|
    |tmp_462_fu_13470_p2   |    or    |      0|  0|   25|          19|           8|
    |tmp_464_fu_13488_p2   |    or    |      0|  0|   25|          19|           8|
    |tmp_466_fu_13506_p2   |    or    |      0|  0|   25|          19|           8|
    |tmp_468_fu_13524_p2   |    or    |      0|  0|   25|          19|           8|
    |tmp_46_fu_9726_p2     |    or    |      0|  0|   25|          19|           5|
    |tmp_470_fu_13542_p2   |    or    |      0|  0|   25|          19|           8|
    |tmp_472_fu_13560_p2   |    or    |      0|  0|   25|          19|           8|
    |tmp_474_fu_13578_p2   |    or    |      0|  0|   25|          19|           8|
    |tmp_476_fu_13596_p2   |    or    |      0|  0|   25|          19|           8|
    |tmp_478_fu_13614_p2   |    or    |      0|  0|   25|          19|           8|
    |tmp_480_fu_13632_p2   |    or    |      0|  0|   25|          19|           8|
    |tmp_482_fu_13650_p2   |    or    |      0|  0|   25|          19|           8|
    |tmp_484_fu_13668_p2   |    or    |      0|  0|   25|          19|           8|
    |tmp_486_fu_13686_p2   |    or    |      0|  0|   25|          19|           8|
    |tmp_488_fu_13704_p2   |    or    |      0|  0|   25|          19|           8|
    |tmp_48_fu_9744_p2     |    or    |      0|  0|   25|          19|           5|
    |tmp_490_fu_13722_p2   |    or    |      0|  0|   25|          19|           8|
    |tmp_492_fu_13740_p2   |    or    |      0|  0|   25|          19|           8|
    |tmp_494_fu_13758_p2   |    or    |      0|  0|   25|          19|           8|
    |tmp_496_fu_13776_p2   |    or    |      0|  0|   25|          19|           8|
    |tmp_498_fu_13794_p2   |    or    |      0|  0|   25|          19|           8|
    |tmp_500_fu_13812_p2   |    or    |      0|  0|   25|          19|           8|
    |tmp_502_fu_13830_p2   |    or    |      0|  0|   25|          19|           8|
    |tmp_504_fu_13848_p2   |    or    |      0|  0|   25|          19|           8|
    |tmp_506_fu_13866_p2   |    or    |      0|  0|   25|          19|           8|
    |tmp_508_fu_13884_p2   |    or    |      0|  0|   25|          19|           8|
    |tmp_50_fu_9762_p2     |    or    |      0|  0|   25|          19|           5|
    |tmp_510_fu_13902_p2   |    or    |      0|  0|   25|          19|           8|
    |tmp_512_fu_13920_p2   |    or    |      0|  0|   25|          19|           9|
    |tmp_514_fu_13938_p2   |    or    |      0|  0|   25|          19|           9|
    |tmp_516_fu_13956_p2   |    or    |      0|  0|   25|          19|           9|
    |tmp_518_fu_13974_p2   |    or    |      0|  0|   25|          19|           9|
    |tmp_520_fu_13992_p2   |    or    |      0|  0|   25|          19|           9|
    |tmp_522_fu_14010_p2   |    or    |      0|  0|   25|          19|           9|
    |tmp_524_fu_14028_p2   |    or    |      0|  0|   25|          19|           9|
    |tmp_526_fu_14046_p2   |    or    |      0|  0|   25|          19|           9|
    |tmp_528_fu_14064_p2   |    or    |      0|  0|   25|          19|           9|
    |tmp_52_fu_9780_p2     |    or    |      0|  0|   25|          19|           5|
    |tmp_530_fu_14082_p2   |    or    |      0|  0|   25|          19|           9|
    |tmp_532_fu_14100_p2   |    or    |      0|  0|   25|          19|           9|
    |tmp_534_fu_14118_p2   |    or    |      0|  0|   25|          19|           9|
    |tmp_536_fu_14136_p2   |    or    |      0|  0|   25|          19|           9|
    |tmp_538_fu_14154_p2   |    or    |      0|  0|   25|          19|           9|
    |tmp_540_fu_14172_p2   |    or    |      0|  0|   25|          19|           9|
    |tmp_542_fu_14190_p2   |    or    |      0|  0|   25|          19|           9|
    |tmp_544_fu_14208_p2   |    or    |      0|  0|   25|          19|           9|
    |tmp_546_fu_14226_p2   |    or    |      0|  0|   25|          19|           9|
    |tmp_548_fu_14244_p2   |    or    |      0|  0|   25|          19|           9|
    |tmp_54_fu_9798_p2     |    or    |      0|  0|   25|          19|           5|
    |tmp_550_fu_14262_p2   |    or    |      0|  0|   25|          19|           9|
    |tmp_552_fu_14280_p2   |    or    |      0|  0|   25|          19|           9|
    |tmp_554_fu_14298_p2   |    or    |      0|  0|   25|          19|           9|
    |tmp_556_fu_14316_p2   |    or    |      0|  0|   25|          19|           9|
    |tmp_558_fu_14334_p2   |    or    |      0|  0|   25|          19|           9|
    |tmp_560_fu_14352_p2   |    or    |      0|  0|   25|          19|           9|
    |tmp_562_fu_14370_p2   |    or    |      0|  0|   25|          19|           9|
    |tmp_564_fu_14388_p2   |    or    |      0|  0|   25|          19|           9|
    |tmp_566_fu_14406_p2   |    or    |      0|  0|   25|          19|           9|
    |tmp_568_fu_14424_p2   |    or    |      0|  0|   25|          19|           9|
    |tmp_56_fu_9816_p2     |    or    |      0|  0|   25|          19|           5|
    |tmp_570_fu_14442_p2   |    or    |      0|  0|   25|          19|           9|
    |tmp_572_fu_14460_p2   |    or    |      0|  0|   25|          19|           9|
    |tmp_574_fu_14478_p2   |    or    |      0|  0|   25|          19|           9|
    |tmp_576_fu_14496_p2   |    or    |      0|  0|   25|          19|           9|
    |tmp_578_fu_14514_p2   |    or    |      0|  0|   25|          19|           9|
    |tmp_580_fu_14532_p2   |    or    |      0|  0|   25|          19|           9|
    |tmp_582_fu_14550_p2   |    or    |      0|  0|   25|          19|           9|
    |tmp_584_fu_14568_p2   |    or    |      0|  0|   25|          19|           9|
    |tmp_586_fu_14586_p2   |    or    |      0|  0|   25|          19|           9|
    |tmp_588_fu_14604_p2   |    or    |      0|  0|   25|          19|           9|
    |tmp_58_fu_9834_p2     |    or    |      0|  0|   25|          19|           5|
    |tmp_590_fu_14622_p2   |    or    |      0|  0|   25|          19|           9|
    |tmp_592_fu_14640_p2   |    or    |      0|  0|   25|          19|           9|
    |tmp_594_fu_14658_p2   |    or    |      0|  0|   25|          19|           9|
    |tmp_596_fu_14676_p2   |    or    |      0|  0|   25|          19|           9|
    |tmp_598_fu_14694_p2   |    or    |      0|  0|   25|          19|           9|
    |tmp_5_fu_9348_p2      |    or    |      0|  0|   25|          19|           2|
    |tmp_600_fu_14712_p2   |    or    |      0|  0|   25|          19|           9|
    |tmp_602_fu_14730_p2   |    or    |      0|  0|   25|          19|           9|
    |tmp_604_fu_14748_p2   |    or    |      0|  0|   25|          19|           9|
    |tmp_606_fu_14766_p2   |    or    |      0|  0|   25|          19|           9|
    |tmp_608_fu_14784_p2   |    or    |      0|  0|   25|          19|           9|
    |tmp_60_fu_9852_p2     |    or    |      0|  0|   25|          19|           5|
    |tmp_610_fu_14802_p2   |    or    |      0|  0|   25|          19|           9|
    |tmp_612_fu_14820_p2   |    or    |      0|  0|   25|          19|           9|
    |tmp_614_fu_14838_p2   |    or    |      0|  0|   25|          19|           9|
    |tmp_616_fu_14856_p2   |    or    |      0|  0|   25|          19|           9|
    |tmp_618_fu_14874_p2   |    or    |      0|  0|   25|          19|           9|
    |tmp_620_fu_14892_p2   |    or    |      0|  0|   25|          19|           9|
    |tmp_622_fu_14910_p2   |    or    |      0|  0|   25|          19|           9|
    |tmp_624_fu_14928_p2   |    or    |      0|  0|   25|          19|           9|
    |tmp_626_fu_14946_p2   |    or    |      0|  0|   25|          19|           9|
    |tmp_628_fu_14964_p2   |    or    |      0|  0|   25|          19|           9|
    |tmp_62_fu_9870_p2     |    or    |      0|  0|   25|          19|           5|
    |tmp_630_fu_14982_p2   |    or    |      0|  0|   25|          19|           9|
    |tmp_632_fu_15000_p2   |    or    |      0|  0|   25|          19|           9|
    |tmp_634_fu_15018_p2   |    or    |      0|  0|   25|          19|           9|
    |tmp_636_fu_15036_p2   |    or    |      0|  0|   25|          19|           9|
    |tmp_638_fu_15054_p2   |    or    |      0|  0|   25|          19|           9|
    |tmp_640_fu_15072_p2   |    or    |      0|  0|   25|          19|           9|
    |tmp_642_fu_15090_p2   |    or    |      0|  0|   25|          19|           9|
    |tmp_644_fu_15108_p2   |    or    |      0|  0|   25|          19|           9|
    |tmp_646_fu_15126_p2   |    or    |      0|  0|   25|          19|           9|
    |tmp_648_fu_15144_p2   |    or    |      0|  0|   25|          19|           9|
    |tmp_64_fu_9888_p2     |    or    |      0|  0|   25|          19|           6|
    |tmp_650_fu_15162_p2   |    or    |      0|  0|   25|          19|           9|
    |tmp_652_fu_15180_p2   |    or    |      0|  0|   25|          19|           9|
    |tmp_654_fu_15198_p2   |    or    |      0|  0|   25|          19|           9|
    |tmp_656_fu_15216_p2   |    or    |      0|  0|   25|          19|           9|
    |tmp_658_fu_15234_p2   |    or    |      0|  0|   25|          19|           9|
    |tmp_660_fu_15252_p2   |    or    |      0|  0|   25|          19|           9|
    |tmp_662_fu_15270_p2   |    or    |      0|  0|   25|          19|           9|
    |tmp_664_fu_15288_p2   |    or    |      0|  0|   25|          19|           9|
    |tmp_666_fu_15306_p2   |    or    |      0|  0|   25|          19|           9|
    |tmp_668_fu_15324_p2   |    or    |      0|  0|   25|          19|           9|
    |tmp_66_fu_9906_p2     |    or    |      0|  0|   25|          19|           6|
    |tmp_670_fu_15342_p2   |    or    |      0|  0|   25|          19|           9|
    |tmp_672_fu_15360_p2   |    or    |      0|  0|   25|          19|           9|
    |tmp_674_fu_15378_p2   |    or    |      0|  0|   25|          19|           9|
    |tmp_676_fu_15396_p2   |    or    |      0|  0|   25|          19|           9|
    |tmp_678_fu_15414_p2   |    or    |      0|  0|   25|          19|           9|
    |tmp_680_fu_15432_p2   |    or    |      0|  0|   25|          19|           9|
    |tmp_682_fu_15450_p2   |    or    |      0|  0|   25|          19|           9|
    |tmp_684_fu_15468_p2   |    or    |      0|  0|   25|          19|           9|
    |tmp_686_fu_15486_p2   |    or    |      0|  0|   25|          19|           9|
    |tmp_688_fu_15504_p2   |    or    |      0|  0|   25|          19|           9|
    |tmp_68_fu_9924_p2     |    or    |      0|  0|   25|          19|           6|
    |tmp_690_fu_15522_p2   |    or    |      0|  0|   25|          19|           9|
    |tmp_692_fu_15540_p2   |    or    |      0|  0|   25|          19|           9|
    |tmp_694_fu_15558_p2   |    or    |      0|  0|   25|          19|           9|
    |tmp_696_fu_15576_p2   |    or    |      0|  0|   25|          19|           9|
    |tmp_698_fu_15594_p2   |    or    |      0|  0|   25|          19|           9|
    |tmp_700_fu_15612_p2   |    or    |      0|  0|   25|          19|           9|
    |tmp_702_fu_15630_p2   |    or    |      0|  0|   25|          19|           9|
    |tmp_704_fu_15648_p2   |    or    |      0|  0|   25|          19|           9|
    |tmp_706_fu_15666_p2   |    or    |      0|  0|   25|          19|           9|
    |tmp_708_fu_15684_p2   |    or    |      0|  0|   25|          19|           9|
    |tmp_70_fu_9942_p2     |    or    |      0|  0|   25|          19|           6|
    |tmp_710_fu_15702_p2   |    or    |      0|  0|   25|          19|           9|
    |tmp_712_fu_15720_p2   |    or    |      0|  0|   25|          19|           9|
    |tmp_714_fu_15738_p2   |    or    |      0|  0|   25|          19|           9|
    |tmp_716_fu_15756_p2   |    or    |      0|  0|   25|          19|           9|
    |tmp_718_fu_15774_p2   |    or    |      0|  0|   25|          19|           9|
    |tmp_720_fu_15792_p2   |    or    |      0|  0|   25|          19|           9|
    |tmp_722_fu_15810_p2   |    or    |      0|  0|   25|          19|           9|
    |tmp_724_fu_15828_p2   |    or    |      0|  0|   25|          19|           9|
    |tmp_726_fu_15846_p2   |    or    |      0|  0|   25|          19|           9|
    |tmp_728_fu_15864_p2   |    or    |      0|  0|   25|          19|           9|
    |tmp_72_fu_9960_p2     |    or    |      0|  0|   25|          19|           6|
    |tmp_730_fu_15882_p2   |    or    |      0|  0|   25|          19|           9|
    |tmp_732_fu_15900_p2   |    or    |      0|  0|   25|          19|           9|
    |tmp_734_fu_15918_p2   |    or    |      0|  0|   25|          19|           9|
    |tmp_736_fu_15936_p2   |    or    |      0|  0|   25|          19|           9|
    |tmp_738_fu_15954_p2   |    or    |      0|  0|   25|          19|           9|
    |tmp_740_fu_15972_p2   |    or    |      0|  0|   25|          19|           9|
    |tmp_742_fu_15990_p2   |    or    |      0|  0|   25|          19|           9|
    |tmp_744_fu_16008_p2   |    or    |      0|  0|   25|          19|           9|
    |tmp_746_fu_16026_p2   |    or    |      0|  0|   25|          19|           9|
    |tmp_748_fu_16044_p2   |    or    |      0|  0|   25|          19|           9|
    |tmp_74_fu_9978_p2     |    or    |      0|  0|   25|          19|           6|
    |tmp_750_fu_16062_p2   |    or    |      0|  0|   25|          19|           9|
    |tmp_752_fu_16080_p2   |    or    |      0|  0|   25|          19|           9|
    |tmp_754_fu_16098_p2   |    or    |      0|  0|   25|          19|           9|
    |tmp_756_fu_16116_p2   |    or    |      0|  0|   25|          19|           9|
    |tmp_758_fu_16134_p2   |    or    |      0|  0|   25|          19|           9|
    |tmp_760_fu_16152_p2   |    or    |      0|  0|   25|          19|           9|
    |tmp_762_fu_16170_p2   |    or    |      0|  0|   25|          19|           9|
    |tmp_764_fu_16188_p2   |    or    |      0|  0|   25|          19|           9|
    |tmp_766_fu_16206_p2   |    or    |      0|  0|   25|          19|           9|
    |tmp_768_fu_16224_p2   |    or    |      0|  0|   25|          19|           9|
    |tmp_76_fu_9996_p2     |    or    |      0|  0|   25|          19|           6|
    |tmp_770_fu_16242_p2   |    or    |      0|  0|   25|          19|           9|
    |tmp_772_fu_16260_p2   |    or    |      0|  0|   25|          19|           9|
    |tmp_774_fu_16278_p2   |    or    |      0|  0|   25|          19|           9|
    |tmp_776_fu_16296_p2   |    or    |      0|  0|   25|          19|           9|
    |tmp_778_fu_16314_p2   |    or    |      0|  0|   25|          19|           9|
    |tmp_780_fu_16332_p2   |    or    |      0|  0|   25|          19|           9|
    |tmp_782_fu_16350_p2   |    or    |      0|  0|   25|          19|           9|
    |tmp_784_fu_16368_p2   |    or    |      0|  0|   25|          19|           9|
    |tmp_786_fu_16386_p2   |    or    |      0|  0|   25|          19|           9|
    |tmp_788_fu_16404_p2   |    or    |      0|  0|   25|          19|           9|
    |tmp_78_fu_10014_p2    |    or    |      0|  0|   25|          19|           6|
    |tmp_790_fu_16422_p2   |    or    |      0|  0|   25|          19|           9|
    |tmp_792_fu_16440_p2   |    or    |      0|  0|   25|          19|           9|
    |tmp_794_fu_16458_p2   |    or    |      0|  0|   25|          19|           9|
    |tmp_796_fu_16476_p2   |    or    |      0|  0|   25|          19|           9|
    |tmp_798_fu_16494_p2   |    or    |      0|  0|   25|          19|           9|
    |tmp_7_fu_9366_p2      |    or    |      0|  0|   25|          19|           2|
    |tmp_800_fu_16512_p2   |    or    |      0|  0|   25|          19|           9|
    |tmp_802_fu_16530_p2   |    or    |      0|  0|   25|          19|           9|
    |tmp_804_fu_16548_p2   |    or    |      0|  0|   25|          19|           9|
    |tmp_806_fu_16566_p2   |    or    |      0|  0|   25|          19|           9|
    |tmp_808_fu_16584_p2   |    or    |      0|  0|   25|          19|           9|
    |tmp_80_fu_10032_p2    |    or    |      0|  0|   25|          19|           6|
    |tmp_810_fu_16602_p2   |    or    |      0|  0|   25|          19|           9|
    |tmp_812_fu_16620_p2   |    or    |      0|  0|   25|          19|           9|
    |tmp_814_fu_16638_p2   |    or    |      0|  0|   25|          19|           9|
    |tmp_816_fu_16656_p2   |    or    |      0|  0|   25|          19|           9|
    |tmp_818_fu_16674_p2   |    or    |      0|  0|   25|          19|           9|
    |tmp_820_fu_16692_p2   |    or    |      0|  0|   25|          19|           9|
    |tmp_822_fu_16710_p2   |    or    |      0|  0|   25|          19|           9|
    |tmp_824_fu_16728_p2   |    or    |      0|  0|   25|          19|           9|
    |tmp_826_fu_16746_p2   |    or    |      0|  0|   25|          19|           9|
    |tmp_828_fu_16764_p2   |    or    |      0|  0|   25|          19|           9|
    |tmp_82_fu_10050_p2    |    or    |      0|  0|   25|          19|           6|
    |tmp_830_fu_16782_p2   |    or    |      0|  0|   25|          19|           9|
    |tmp_832_fu_16800_p2   |    or    |      0|  0|   25|          19|           9|
    |tmp_834_fu_16818_p2   |    or    |      0|  0|   25|          19|           9|
    |tmp_836_fu_16836_p2   |    or    |      0|  0|   25|          19|           9|
    |tmp_838_fu_16854_p2   |    or    |      0|  0|   25|          19|           9|
    |tmp_840_fu_16872_p2   |    or    |      0|  0|   25|          19|           9|
    |tmp_842_fu_16890_p2   |    or    |      0|  0|   25|          19|           9|
    |tmp_844_fu_16908_p2   |    or    |      0|  0|   25|          19|           9|
    |tmp_846_fu_16926_p2   |    or    |      0|  0|   25|          19|           9|
    |tmp_848_fu_16944_p2   |    or    |      0|  0|   25|          19|           9|
    |tmp_84_fu_10068_p2    |    or    |      0|  0|   25|          19|           6|
    |tmp_850_fu_16962_p2   |    or    |      0|  0|   25|          19|           9|
    |tmp_852_fu_16980_p2   |    or    |      0|  0|   25|          19|           9|
    |tmp_854_fu_16998_p2   |    or    |      0|  0|   25|          19|           9|
    |tmp_856_fu_17016_p2   |    or    |      0|  0|   25|          19|           9|
    |tmp_858_fu_17034_p2   |    or    |      0|  0|   25|          19|           9|
    |tmp_860_fu_17052_p2   |    or    |      0|  0|   25|          19|           9|
    |tmp_862_fu_17070_p2   |    or    |      0|  0|   25|          19|           9|
    |tmp_864_fu_17088_p2   |    or    |      0|  0|   25|          19|           9|
    |tmp_866_fu_17106_p2   |    or    |      0|  0|   25|          19|           9|
    |tmp_868_fu_17124_p2   |    or    |      0|  0|   25|          19|           9|
    |tmp_86_fu_10086_p2    |    or    |      0|  0|   25|          19|           6|
    |tmp_870_fu_17142_p2   |    or    |      0|  0|   25|          19|           9|
    |tmp_872_fu_17160_p2   |    or    |      0|  0|   25|          19|           9|
    |tmp_874_fu_17178_p2   |    or    |      0|  0|   25|          19|           9|
    |tmp_876_fu_17196_p2   |    or    |      0|  0|   25|          19|           9|
    |tmp_878_fu_17214_p2   |    or    |      0|  0|   25|          19|           9|
    |tmp_880_fu_17232_p2   |    or    |      0|  0|   25|          19|           9|
    |tmp_882_fu_17250_p2   |    or    |      0|  0|   25|          19|           9|
    |tmp_884_fu_17268_p2   |    or    |      0|  0|   25|          19|           9|
    |tmp_886_fu_17286_p2   |    or    |      0|  0|   25|          19|           9|
    |tmp_888_fu_17304_p2   |    or    |      0|  0|   25|          19|           9|
    |tmp_88_fu_10104_p2    |    or    |      0|  0|   25|          19|           6|
    |tmp_890_fu_17322_p2   |    or    |      0|  0|   25|          19|           9|
    |tmp_892_fu_17340_p2   |    or    |      0|  0|   25|          19|           9|
    |tmp_894_fu_17358_p2   |    or    |      0|  0|   25|          19|           9|
    |tmp_896_fu_17376_p2   |    or    |      0|  0|   25|          19|           9|
    |tmp_898_fu_17394_p2   |    or    |      0|  0|   25|          19|           9|
    |tmp_900_fu_17412_p2   |    or    |      0|  0|   25|          19|           9|
    |tmp_902_fu_17430_p2   |    or    |      0|  0|   25|          19|           9|
    |tmp_904_fu_17448_p2   |    or    |      0|  0|   25|          19|           9|
    |tmp_906_fu_17466_p2   |    or    |      0|  0|   25|          19|           9|
    |tmp_908_fu_17484_p2   |    or    |      0|  0|   25|          19|           9|
    |tmp_90_fu_10122_p2    |    or    |      0|  0|   25|          19|           6|
    |tmp_910_fu_17502_p2   |    or    |      0|  0|   25|          19|           9|
    |tmp_912_fu_17520_p2   |    or    |      0|  0|   25|          19|           9|
    |tmp_914_fu_17538_p2   |    or    |      0|  0|   25|          19|           9|
    |tmp_916_fu_17556_p2   |    or    |      0|  0|   25|          19|           9|
    |tmp_918_fu_17574_p2   |    or    |      0|  0|   25|          19|           9|
    |tmp_920_fu_17592_p2   |    or    |      0|  0|   25|          19|           9|
    |tmp_922_fu_17610_p2   |    or    |      0|  0|   25|          19|           9|
    |tmp_924_fu_17628_p2   |    or    |      0|  0|   25|          19|           9|
    |tmp_926_fu_17646_p2   |    or    |      0|  0|   25|          19|           9|
    |tmp_928_fu_17664_p2   |    or    |      0|  0|   25|          19|           9|
    |tmp_92_fu_10140_p2    |    or    |      0|  0|   25|          19|           6|
    |tmp_930_fu_17682_p2   |    or    |      0|  0|   25|          19|           9|
    |tmp_932_fu_17700_p2   |    or    |      0|  0|   25|          19|           9|
    |tmp_934_fu_17718_p2   |    or    |      0|  0|   25|          19|           9|
    |tmp_936_fu_17736_p2   |    or    |      0|  0|   25|          19|           9|
    |tmp_938_fu_17754_p2   |    or    |      0|  0|   25|          19|           9|
    |tmp_940_fu_17772_p2   |    or    |      0|  0|   25|          19|           9|
    |tmp_942_fu_17790_p2   |    or    |      0|  0|   25|          19|           9|
    |tmp_944_fu_17808_p2   |    or    |      0|  0|   25|          19|           9|
    |tmp_946_fu_17826_p2   |    or    |      0|  0|   25|          19|           9|
    |tmp_948_fu_17844_p2   |    or    |      0|  0|   25|          19|           9|
    |tmp_94_fu_10158_p2    |    or    |      0|  0|   25|          19|           6|
    |tmp_950_fu_17862_p2   |    or    |      0|  0|   25|          19|           9|
    |tmp_952_fu_17880_p2   |    or    |      0|  0|   25|          19|           9|
    |tmp_954_fu_17898_p2   |    or    |      0|  0|   25|          19|           9|
    |tmp_956_fu_17916_p2   |    or    |      0|  0|   25|          19|           9|
    |tmp_958_fu_17934_p2   |    or    |      0|  0|   25|          19|           9|
    |tmp_960_fu_17952_p2   |    or    |      0|  0|   25|          19|           9|
    |tmp_962_fu_17970_p2   |    or    |      0|  0|   25|          19|           9|
    |tmp_964_fu_17988_p2   |    or    |      0|  0|   25|          19|           9|
    |tmp_966_fu_18006_p2   |    or    |      0|  0|   25|          19|           9|
    |tmp_968_fu_18024_p2   |    or    |      0|  0|   25|          19|           9|
    |tmp_96_fu_10176_p2    |    or    |      0|  0|   25|          19|           6|
    |tmp_970_fu_18042_p2   |    or    |      0|  0|   25|          19|           9|
    |tmp_972_fu_18060_p2   |    or    |      0|  0|   25|          19|           9|
    |tmp_974_fu_18078_p2   |    or    |      0|  0|   25|          19|           9|
    |tmp_976_fu_18096_p2   |    or    |      0|  0|   25|          19|           9|
    |tmp_978_fu_18114_p2   |    or    |      0|  0|   25|          19|           9|
    |tmp_980_fu_18132_p2   |    or    |      0|  0|   25|          19|           9|
    |tmp_982_fu_18150_p2   |    or    |      0|  0|   25|          19|           9|
    |tmp_984_fu_18168_p2   |    or    |      0|  0|   25|          19|           9|
    |tmp_986_fu_18186_p2   |    or    |      0|  0|   25|          19|           9|
    |tmp_988_fu_18204_p2   |    or    |      0|  0|   25|          19|           9|
    |tmp_98_fu_10194_p2    |    or    |      0|  0|   25|          19|           6|
    |tmp_990_fu_18222_p2   |    or    |      0|  0|   25|          19|           9|
    |tmp_992_fu_18240_p2   |    or    |      0|  0|   25|          19|           9|
    |tmp_994_fu_18258_p2   |    or    |      0|  0|   25|          19|           9|
    |tmp_996_fu_18276_p2   |    or    |      0|  0|   25|          19|           9|
    |tmp_998_fu_18294_p2   |    or    |      0|  0|   25|          19|           9|
    |tmp_9_fu_9384_p2      |    or    |      0|  0|   25|          19|           3|
    +----------------------+----------+-------+---+-----+------------+------------+
    |Total                 |          |      0|  0|12880|        9795|        4125|
    +----------------------+----------+-------+---+-----+------------+------------+

    * Multiplexer: 
    +------------------+------+-----------+-----+-----------+
    |       Name       |  LUT | Input Size| Bits| Total Bits|
    +------------------+------+-----------+-----+-----------+
    |Image_r_address0  |  1512|        257|   18|       4626|
    |Image_r_address1  |  1512|        257|   18|       4626|
    |ap_NS_fsm         |   756|        259|    1|        259|
    |i_reg_9262        |    10|          2|   10|         20|
    |lbImage_address0  |  1512|        257|   18|       4626|
    |lbImage_address1  |  1512|        257|   18|       4626|
    +------------------+------+-----------+-----+-----------+
    |Total             |  6814|       1289|   83|      18783|
    +------------------+------+-----------+-----+-----------+

    * Register: 
    +--------------------+-----+----+-----+-----------+
    |        Name        |  FF | LUT| Bits| Const Bits|
    +--------------------+-----+----+-----+-----------+
    |ap_CS_fsm           |  258|   0|  258|          0|
    |i_1_reg_18531       |   10|   0|   10|          0|
    |i_reg_9262          |   10|   0|   10|          0|
    |tmp_1001_reg_24050  |   10|   0|   64|         54|
    |tmp_1003_reg_24060  |   10|   0|   64|         54|
    |tmp_1005_reg_24070  |   10|   0|   64|         54|
    |tmp_1007_reg_24080  |   10|   0|   64|         54|
    |tmp_1009_reg_24090  |   10|   0|   64|         54|
    |tmp_1011_reg_24100  |   10|   0|   64|         54|
    |tmp_1013_reg_24110  |   10|   0|   64|         54|
    |tmp_1015_reg_24120  |   10|   0|   64|         54|
    |tmp_1017_reg_24130  |   10|   0|   64|         54|
    |tmp_1019_reg_24140  |   10|   0|   64|         54|
    |tmp_101_reg_19550   |   10|   0|   64|         54|
    |tmp_1021_reg_24150  |   10|   0|   64|         54|
    |tmp_1023_reg_24160  |   10|   0|   64|         54|
    |tmp_103_reg_19560   |   10|   0|   64|         54|
    |tmp_105_reg_19570   |   10|   0|   64|         54|
    |tmp_107_reg_19580   |   10|   0|   64|         54|
    |tmp_109_reg_19590   |   10|   0|   64|         54|
    |tmp_111_reg_19600   |   10|   0|   64|         54|
    |tmp_113_reg_19610   |   10|   0|   64|         54|
    |tmp_115_reg_19620   |   10|   0|   64|         54|
    |tmp_117_reg_19630   |   10|   0|   64|         54|
    |tmp_119_reg_19640   |   10|   0|   64|         54|
    |tmp_11_reg_19100    |   10|   0|   64|         54|
    |tmp_121_reg_19650   |   10|   0|   64|         54|
    |tmp_123_reg_19660   |   10|   0|   64|         54|
    |tmp_125_reg_19670   |   10|   0|   64|         54|
    |tmp_127_reg_19680   |   10|   0|   64|         54|
    |tmp_129_reg_19690   |   10|   0|   64|         54|
    |tmp_131_reg_19700   |   10|   0|   64|         54|
    |tmp_133_reg_19710   |   10|   0|   64|         54|
    |tmp_135_reg_19720   |   10|   0|   64|         54|
    |tmp_137_reg_19730   |   10|   0|   64|         54|
    |tmp_139_reg_19740   |   10|   0|   64|         54|
    |tmp_13_reg_19110    |   10|   0|   64|         54|
    |tmp_141_reg_19750   |   10|   0|   64|         54|
    |tmp_143_reg_19760   |   10|   0|   64|         54|
    |tmp_145_reg_19770   |   10|   0|   64|         54|
    |tmp_147_reg_19780   |   10|   0|   64|         54|
    |tmp_149_reg_19790   |   10|   0|   64|         54|
    |tmp_151_reg_19800   |   10|   0|   64|         54|
    |tmp_153_reg_19810   |   10|   0|   64|         54|
    |tmp_155_reg_19820   |   10|   0|   64|         54|
    |tmp_157_reg_19830   |   10|   0|   64|         54|
    |tmp_159_reg_19840   |   10|   0|   64|         54|
    |tmp_15_reg_19120    |   10|   0|   64|         54|
    |tmp_161_reg_19850   |   10|   0|   64|         54|
    |tmp_163_reg_19860   |   10|   0|   64|         54|
    |tmp_165_reg_19870   |   10|   0|   64|         54|
    |tmp_167_reg_19880   |   10|   0|   64|         54|
    |tmp_169_reg_19890   |   10|   0|   64|         54|
    |tmp_171_reg_19900   |   10|   0|   64|         54|
    |tmp_173_reg_19910   |   10|   0|   64|         54|
    |tmp_175_reg_19920   |   10|   0|   64|         54|
    |tmp_177_reg_19930   |   10|   0|   64|         54|
    |tmp_179_reg_19940   |   10|   0|   64|         54|
    |tmp_17_reg_19130    |   10|   0|   64|         54|
    |tmp_181_reg_19950   |   10|   0|   64|         54|
    |tmp_183_reg_19960   |   10|   0|   64|         54|
    |tmp_185_reg_19970   |   10|   0|   64|         54|
    |tmp_187_reg_19980   |   10|   0|   64|         54|
    |tmp_189_reg_19990   |   10|   0|   64|         54|
    |tmp_191_reg_20000   |   10|   0|   64|         54|
    |tmp_193_reg_20010   |   10|   0|   64|         54|
    |tmp_195_reg_20020   |   10|   0|   64|         54|
    |tmp_197_reg_20030   |   10|   0|   64|         54|
    |tmp_199_reg_20040   |   10|   0|   64|         54|
    |tmp_19_reg_19140    |   10|   0|   64|         54|
    |tmp_1_reg_19050     |   10|   0|   64|         54|
    |tmp_201_reg_20050   |   10|   0|   64|         54|
    |tmp_203_reg_20060   |   10|   0|   64|         54|
    |tmp_205_reg_20070   |   10|   0|   64|         54|
    |tmp_207_reg_20080   |   10|   0|   64|         54|
    |tmp_209_reg_20090   |   10|   0|   64|         54|
    |tmp_211_reg_20100   |   10|   0|   64|         54|
    |tmp_213_reg_20110   |   10|   0|   64|         54|
    |tmp_215_reg_20120   |   10|   0|   64|         54|
    |tmp_217_reg_20130   |   10|   0|   64|         54|
    |tmp_219_reg_20140   |   10|   0|   64|         54|
    |tmp_21_reg_19150    |   10|   0|   64|         54|
    |tmp_221_reg_20150   |   10|   0|   64|         54|
    |tmp_223_reg_20160   |   10|   0|   64|         54|
    |tmp_225_reg_20170   |   10|   0|   64|         54|
    |tmp_227_reg_20180   |   10|   0|   64|         54|
    |tmp_229_reg_20190   |   10|   0|   64|         54|
    |tmp_231_reg_20200   |   10|   0|   64|         54|
    |tmp_233_reg_20210   |   10|   0|   64|         54|
    |tmp_235_reg_20220   |   10|   0|   64|         54|
    |tmp_237_reg_20230   |   10|   0|   64|         54|
    |tmp_239_reg_20240   |   10|   0|   64|         54|
    |tmp_23_reg_19160    |   10|   0|   64|         54|
    |tmp_241_reg_20250   |   10|   0|   64|         54|
    |tmp_243_reg_20260   |   10|   0|   64|         54|
    |tmp_245_reg_20270   |   10|   0|   64|         54|
    |tmp_247_reg_20280   |   10|   0|   64|         54|
    |tmp_249_reg_20290   |   10|   0|   64|         54|
    |tmp_251_reg_20300   |   10|   0|   64|         54|
    |tmp_253_reg_20310   |   10|   0|   64|         54|
    |tmp_255_reg_20320   |   10|   0|   64|         54|
    |tmp_257_reg_20330   |   10|   0|   64|         54|
    |tmp_259_reg_20340   |   10|   0|   64|         54|
    |tmp_25_reg_19170    |   10|   0|   64|         54|
    |tmp_261_reg_20350   |   10|   0|   64|         54|
    |tmp_263_reg_20360   |   10|   0|   64|         54|
    |tmp_265_reg_20370   |   10|   0|   64|         54|
    |tmp_267_reg_20380   |   10|   0|   64|         54|
    |tmp_269_reg_20390   |   10|   0|   64|         54|
    |tmp_271_reg_20400   |   10|   0|   64|         54|
    |tmp_273_reg_20410   |   10|   0|   64|         54|
    |tmp_275_reg_20420   |   10|   0|   64|         54|
    |tmp_277_reg_20430   |   10|   0|   64|         54|
    |tmp_279_reg_20440   |   10|   0|   64|         54|
    |tmp_27_reg_19180    |   10|   0|   64|         54|
    |tmp_281_reg_20450   |   10|   0|   64|         54|
    |tmp_283_reg_20460   |   10|   0|   64|         54|
    |tmp_285_reg_20470   |   10|   0|   64|         54|
    |tmp_287_reg_20480   |   10|   0|   64|         54|
    |tmp_289_reg_20490   |   10|   0|   64|         54|
    |tmp_291_reg_20500   |   10|   0|   64|         54|
    |tmp_293_reg_20510   |   10|   0|   64|         54|
    |tmp_295_reg_20520   |   10|   0|   64|         54|
    |tmp_297_reg_20530   |   10|   0|   64|         54|
    |tmp_299_reg_20540   |   10|   0|   64|         54|
    |tmp_29_reg_19190    |   10|   0|   64|         54|
    |tmp_301_reg_20550   |   10|   0|   64|         54|
    |tmp_303_reg_20560   |   10|   0|   64|         54|
    |tmp_305_reg_20570   |   10|   0|   64|         54|
    |tmp_307_reg_20580   |   10|   0|   64|         54|
    |tmp_309_reg_20590   |   10|   0|   64|         54|
    |tmp_311_reg_20600   |   10|   0|   64|         54|
    |tmp_313_reg_20610   |   10|   0|   64|         54|
    |tmp_315_reg_20620   |   10|   0|   64|         54|
    |tmp_317_reg_20630   |   10|   0|   64|         54|
    |tmp_319_reg_20640   |   10|   0|   64|         54|
    |tmp_31_reg_19200    |   10|   0|   64|         54|
    |tmp_321_reg_20650   |   10|   0|   64|         54|
    |tmp_323_reg_20660   |   10|   0|   64|         54|
    |tmp_325_reg_20670   |   10|   0|   64|         54|
    |tmp_327_reg_20680   |   10|   0|   64|         54|
    |tmp_329_reg_20690   |   10|   0|   64|         54|
    |tmp_331_reg_20700   |   10|   0|   64|         54|
    |tmp_333_reg_20710   |   10|   0|   64|         54|
    |tmp_335_reg_20720   |   10|   0|   64|         54|
    |tmp_337_reg_20730   |   10|   0|   64|         54|
    |tmp_339_reg_20740   |   10|   0|   64|         54|
    |tmp_33_reg_19210    |   10|   0|   64|         54|
    |tmp_341_reg_20750   |   10|   0|   64|         54|
    |tmp_343_reg_20760   |   10|   0|   64|         54|
    |tmp_345_reg_20770   |   10|   0|   64|         54|
    |tmp_347_reg_20780   |   10|   0|   64|         54|
    |tmp_349_reg_20790   |   10|   0|   64|         54|
    |tmp_351_reg_20800   |   10|   0|   64|         54|
    |tmp_353_reg_20810   |   10|   0|   64|         54|
    |tmp_355_reg_20820   |   10|   0|   64|         54|
    |tmp_357_reg_20830   |   10|   0|   64|         54|
    |tmp_359_reg_20840   |   10|   0|   64|         54|
    |tmp_35_reg_19220    |   10|   0|   64|         54|
    |tmp_361_reg_20850   |   10|   0|   64|         54|
    |tmp_363_reg_20860   |   10|   0|   64|         54|
    |tmp_365_reg_20870   |   10|   0|   64|         54|
    |tmp_367_reg_20880   |   10|   0|   64|         54|
    |tmp_369_reg_20890   |   10|   0|   64|         54|
    |tmp_371_reg_20900   |   10|   0|   64|         54|
    |tmp_373_reg_20910   |   10|   0|   64|         54|
    |tmp_375_reg_20920   |   10|   0|   64|         54|
    |tmp_377_reg_20930   |   10|   0|   64|         54|
    |tmp_379_reg_20940   |   10|   0|   64|         54|
    |tmp_37_reg_19230    |   10|   0|   64|         54|
    |tmp_381_reg_20950   |   10|   0|   64|         54|
    |tmp_383_reg_20960   |   10|   0|   64|         54|
    |tmp_385_reg_20970   |   10|   0|   64|         54|
    |tmp_387_reg_20980   |   10|   0|   64|         54|
    |tmp_389_reg_20990   |   10|   0|   64|         54|
    |tmp_391_reg_21000   |   10|   0|   64|         54|
    |tmp_393_reg_21010   |   10|   0|   64|         54|
    |tmp_395_reg_21020   |   10|   0|   64|         54|
    |tmp_397_reg_21030   |   10|   0|   64|         54|
    |tmp_399_reg_21040   |   10|   0|   64|         54|
    |tmp_39_reg_19240    |   10|   0|   64|         54|
    |tmp_401_reg_21050   |   10|   0|   64|         54|
    |tmp_403_reg_21060   |   10|   0|   64|         54|
    |tmp_405_reg_21070   |   10|   0|   64|         54|
    |tmp_407_reg_21080   |   10|   0|   64|         54|
    |tmp_409_reg_21090   |   10|   0|   64|         54|
    |tmp_411_reg_21100   |   10|   0|   64|         54|
    |tmp_413_reg_21110   |   10|   0|   64|         54|
    |tmp_415_reg_21120   |   10|   0|   64|         54|
    |tmp_417_reg_21130   |   10|   0|   64|         54|
    |tmp_419_reg_21140   |   10|   0|   64|         54|
    |tmp_41_reg_19250    |   10|   0|   64|         54|
    |tmp_421_reg_21150   |   10|   0|   64|         54|
    |tmp_423_reg_21160   |   10|   0|   64|         54|
    |tmp_425_reg_21170   |   10|   0|   64|         54|
    |tmp_427_reg_21180   |   10|   0|   64|         54|
    |tmp_429_reg_21190   |   10|   0|   64|         54|
    |tmp_431_reg_21200   |   10|   0|   64|         54|
    |tmp_433_reg_21210   |   10|   0|   64|         54|
    |tmp_435_reg_21220   |   10|   0|   64|         54|
    |tmp_437_reg_21230   |   10|   0|   64|         54|
    |tmp_439_reg_21240   |   10|   0|   64|         54|
    |tmp_43_reg_19260    |   10|   0|   64|         54|
    |tmp_441_reg_21250   |   10|   0|   64|         54|
    |tmp_443_reg_21260   |   10|   0|   64|         54|
    |tmp_445_reg_21270   |   10|   0|   64|         54|
    |tmp_447_reg_21280   |   10|   0|   64|         54|
    |tmp_449_reg_21290   |   10|   0|   64|         54|
    |tmp_451_reg_21300   |   10|   0|   64|         54|
    |tmp_453_reg_21310   |   10|   0|   64|         54|
    |tmp_455_reg_21320   |   10|   0|   64|         54|
    |tmp_457_reg_21330   |   10|   0|   64|         54|
    |tmp_459_reg_21340   |   10|   0|   64|         54|
    |tmp_45_reg_19270    |   10|   0|   64|         54|
    |tmp_461_reg_21350   |   10|   0|   64|         54|
    |tmp_463_reg_21360   |   10|   0|   64|         54|
    |tmp_465_reg_21370   |   10|   0|   64|         54|
    |tmp_467_reg_21380   |   10|   0|   64|         54|
    |tmp_469_reg_21390   |   10|   0|   64|         54|
    |tmp_471_reg_21400   |   10|   0|   64|         54|
    |tmp_473_reg_21410   |   10|   0|   64|         54|
    |tmp_475_reg_21420   |   10|   0|   64|         54|
    |tmp_477_reg_21430   |   10|   0|   64|         54|
    |tmp_479_reg_21440   |   10|   0|   64|         54|
    |tmp_47_reg_19280    |   10|   0|   64|         54|
    |tmp_481_reg_21450   |   10|   0|   64|         54|
    |tmp_483_reg_21460   |   10|   0|   64|         54|
    |tmp_485_reg_21470   |   10|   0|   64|         54|
    |tmp_487_reg_21480   |   10|   0|   64|         54|
    |tmp_489_reg_21490   |   10|   0|   64|         54|
    |tmp_491_reg_21500   |   10|   0|   64|         54|
    |tmp_493_reg_21510   |   10|   0|   64|         54|
    |tmp_495_reg_21520   |   10|   0|   64|         54|
    |tmp_497_reg_21530   |   10|   0|   64|         54|
    |tmp_499_reg_21540   |   10|   0|   64|         54|
    |tmp_49_reg_19290    |   10|   0|   64|         54|
    |tmp_4_reg_19060     |   10|   0|   64|         54|
    |tmp_501_reg_21550   |   10|   0|   64|         54|
    |tmp_503_reg_21560   |   10|   0|   64|         54|
    |tmp_505_reg_21570   |   10|   0|   64|         54|
    |tmp_507_reg_21580   |   10|   0|   64|         54|
    |tmp_509_reg_21590   |   10|   0|   64|         54|
    |tmp_511_reg_21600   |   10|   0|   64|         54|
    |tmp_513_reg_21610   |   10|   0|   64|         54|
    |tmp_515_reg_21620   |   10|   0|   64|         54|
    |tmp_517_reg_21630   |   10|   0|   64|         54|
    |tmp_519_reg_21640   |   10|   0|   64|         54|
    |tmp_51_reg_19300    |   10|   0|   64|         54|
    |tmp_521_reg_21650   |   10|   0|   64|         54|
    |tmp_523_reg_21660   |   10|   0|   64|         54|
    |tmp_525_reg_21670   |   10|   0|   64|         54|
    |tmp_527_reg_21680   |   10|   0|   64|         54|
    |tmp_529_reg_21690   |   10|   0|   64|         54|
    |tmp_531_reg_21700   |   10|   0|   64|         54|
    |tmp_533_reg_21710   |   10|   0|   64|         54|
    |tmp_535_reg_21720   |   10|   0|   64|         54|
    |tmp_537_reg_21730   |   10|   0|   64|         54|
    |tmp_539_reg_21740   |   10|   0|   64|         54|
    |tmp_53_reg_19310    |   10|   0|   64|         54|
    |tmp_541_reg_21750   |   10|   0|   64|         54|
    |tmp_543_reg_21760   |   10|   0|   64|         54|
    |tmp_545_reg_21770   |   10|   0|   64|         54|
    |tmp_547_reg_21780   |   10|   0|   64|         54|
    |tmp_549_reg_21790   |   10|   0|   64|         54|
    |tmp_551_reg_21800   |   10|   0|   64|         54|
    |tmp_553_reg_21810   |   10|   0|   64|         54|
    |tmp_555_reg_21820   |   10|   0|   64|         54|
    |tmp_557_reg_21830   |   10|   0|   64|         54|
    |tmp_559_reg_21840   |   10|   0|   64|         54|
    |tmp_55_reg_19320    |   10|   0|   64|         54|
    |tmp_561_reg_21850   |   10|   0|   64|         54|
    |tmp_563_reg_21860   |   10|   0|   64|         54|
    |tmp_565_reg_21870   |   10|   0|   64|         54|
    |tmp_567_reg_21880   |   10|   0|   64|         54|
    |tmp_569_reg_21890   |   10|   0|   64|         54|
    |tmp_571_reg_21900   |   10|   0|   64|         54|
    |tmp_573_reg_21910   |   10|   0|   64|         54|
    |tmp_575_reg_21920   |   10|   0|   64|         54|
    |tmp_577_reg_21930   |   10|   0|   64|         54|
    |tmp_579_reg_21940   |   10|   0|   64|         54|
    |tmp_57_reg_19330    |   10|   0|   64|         54|
    |tmp_581_reg_21950   |   10|   0|   64|         54|
    |tmp_583_reg_21960   |   10|   0|   64|         54|
    |tmp_585_reg_21970   |   10|   0|   64|         54|
    |tmp_587_reg_21980   |   10|   0|   64|         54|
    |tmp_589_reg_21990   |   10|   0|   64|         54|
    |tmp_591_reg_22000   |   10|   0|   64|         54|
    |tmp_593_reg_22010   |   10|   0|   64|         54|
    |tmp_595_reg_22020   |   10|   0|   64|         54|
    |tmp_597_reg_22030   |   10|   0|   64|         54|
    |tmp_599_reg_22040   |   10|   0|   64|         54|
    |tmp_59_reg_19340    |   10|   0|   64|         54|
    |tmp_601_reg_22050   |   10|   0|   64|         54|
    |tmp_603_reg_22060   |   10|   0|   64|         54|
    |tmp_605_reg_22070   |   10|   0|   64|         54|
    |tmp_607_reg_22080   |   10|   0|   64|         54|
    |tmp_609_reg_22090   |   10|   0|   64|         54|
    |tmp_611_reg_22100   |   10|   0|   64|         54|
    |tmp_613_reg_22110   |   10|   0|   64|         54|
    |tmp_615_reg_22120   |   10|   0|   64|         54|
    |tmp_617_reg_22130   |   10|   0|   64|         54|
    |tmp_619_reg_22140   |   10|   0|   64|         54|
    |tmp_61_reg_19350    |   10|   0|   64|         54|
    |tmp_621_reg_22150   |   10|   0|   64|         54|
    |tmp_623_reg_22160   |   10|   0|   64|         54|
    |tmp_625_reg_22170   |   10|   0|   64|         54|
    |tmp_627_reg_22180   |   10|   0|   64|         54|
    |tmp_629_reg_22190   |   10|   0|   64|         54|
    |tmp_631_reg_22200   |   10|   0|   64|         54|
    |tmp_633_reg_22210   |   10|   0|   64|         54|
    |tmp_635_reg_22220   |   10|   0|   64|         54|
    |tmp_637_reg_22230   |   10|   0|   64|         54|
    |tmp_639_reg_22240   |   10|   0|   64|         54|
    |tmp_63_reg_19360    |   10|   0|   64|         54|
    |tmp_641_reg_22250   |   10|   0|   64|         54|
    |tmp_643_reg_22260   |   10|   0|   64|         54|
    |tmp_645_reg_22270   |   10|   0|   64|         54|
    |tmp_647_reg_22280   |   10|   0|   64|         54|
    |tmp_649_reg_22290   |   10|   0|   64|         54|
    |tmp_651_reg_22300   |   10|   0|   64|         54|
    |tmp_653_reg_22310   |   10|   0|   64|         54|
    |tmp_655_reg_22320   |   10|   0|   64|         54|
    |tmp_657_reg_22330   |   10|   0|   64|         54|
    |tmp_659_reg_22340   |   10|   0|   64|         54|
    |tmp_65_reg_19370    |   10|   0|   64|         54|
    |tmp_661_reg_22350   |   10|   0|   64|         54|
    |tmp_663_reg_22360   |   10|   0|   64|         54|
    |tmp_665_reg_22370   |   10|   0|   64|         54|
    |tmp_667_reg_22380   |   10|   0|   64|         54|
    |tmp_669_reg_22390   |   10|   0|   64|         54|
    |tmp_671_reg_22400   |   10|   0|   64|         54|
    |tmp_673_reg_22410   |   10|   0|   64|         54|
    |tmp_675_reg_22420   |   10|   0|   64|         54|
    |tmp_677_reg_22430   |   10|   0|   64|         54|
    |tmp_679_reg_22440   |   10|   0|   64|         54|
    |tmp_67_reg_19380    |   10|   0|   64|         54|
    |tmp_681_reg_22450   |   10|   0|   64|         54|
    |tmp_683_reg_22460   |   10|   0|   64|         54|
    |tmp_685_reg_22470   |   10|   0|   64|         54|
    |tmp_687_reg_22480   |   10|   0|   64|         54|
    |tmp_689_reg_22490   |   10|   0|   64|         54|
    |tmp_691_reg_22500   |   10|   0|   64|         54|
    |tmp_693_reg_22510   |   10|   0|   64|         54|
    |tmp_695_reg_22520   |   10|   0|   64|         54|
    |tmp_697_reg_22530   |   10|   0|   64|         54|
    |tmp_699_reg_22540   |   10|   0|   64|         54|
    |tmp_69_reg_19390    |   10|   0|   64|         54|
    |tmp_6_reg_19070     |   10|   0|   64|         54|
    |tmp_701_reg_22550   |   10|   0|   64|         54|
    |tmp_703_reg_22560   |   10|   0|   64|         54|
    |tmp_705_reg_22570   |   10|   0|   64|         54|
    |tmp_707_reg_22580   |   10|   0|   64|         54|
    |tmp_709_reg_22590   |   10|   0|   64|         54|
    |tmp_711_reg_22600   |   10|   0|   64|         54|
    |tmp_713_reg_22610   |   10|   0|   64|         54|
    |tmp_715_reg_22620   |   10|   0|   64|         54|
    |tmp_717_reg_22630   |   10|   0|   64|         54|
    |tmp_719_reg_22640   |   10|   0|   64|         54|
    |tmp_71_reg_19400    |   10|   0|   64|         54|
    |tmp_721_reg_22650   |   10|   0|   64|         54|
    |tmp_723_reg_22660   |   10|   0|   64|         54|
    |tmp_725_reg_22670   |   10|   0|   64|         54|
    |tmp_727_reg_22680   |   10|   0|   64|         54|
    |tmp_729_reg_22690   |   10|   0|   64|         54|
    |tmp_731_reg_22700   |   10|   0|   64|         54|
    |tmp_733_reg_22710   |   10|   0|   64|         54|
    |tmp_735_reg_22720   |   10|   0|   64|         54|
    |tmp_737_reg_22730   |   10|   0|   64|         54|
    |tmp_739_reg_22740   |   10|   0|   64|         54|
    |tmp_73_reg_19410    |   10|   0|   64|         54|
    |tmp_741_reg_22750   |   10|   0|   64|         54|
    |tmp_743_reg_22760   |   10|   0|   64|         54|
    |tmp_745_reg_22770   |   10|   0|   64|         54|
    |tmp_747_reg_22780   |   10|   0|   64|         54|
    |tmp_749_reg_22790   |   10|   0|   64|         54|
    |tmp_751_reg_22800   |   10|   0|   64|         54|
    |tmp_753_reg_22810   |   10|   0|   64|         54|
    |tmp_755_reg_22820   |   10|   0|   64|         54|
    |tmp_757_reg_22830   |   10|   0|   64|         54|
    |tmp_759_reg_22840   |   10|   0|   64|         54|
    |tmp_75_reg_19420    |   10|   0|   64|         54|
    |tmp_761_reg_22850   |   10|   0|   64|         54|
    |tmp_763_reg_22860   |   10|   0|   64|         54|
    |tmp_765_reg_22870   |   10|   0|   64|         54|
    |tmp_767_reg_22880   |   10|   0|   64|         54|
    |tmp_769_reg_22890   |   10|   0|   64|         54|
    |tmp_771_reg_22900   |   10|   0|   64|         54|
    |tmp_773_reg_22910   |   10|   0|   64|         54|
    |tmp_775_reg_22920   |   10|   0|   64|         54|
    |tmp_777_reg_22930   |   10|   0|   64|         54|
    |tmp_779_reg_22940   |   10|   0|   64|         54|
    |tmp_77_reg_19430    |   10|   0|   64|         54|
    |tmp_781_reg_22950   |   10|   0|   64|         54|
    |tmp_783_reg_22960   |   10|   0|   64|         54|
    |tmp_785_reg_22970   |   10|   0|   64|         54|
    |tmp_787_reg_22980   |   10|   0|   64|         54|
    |tmp_789_reg_22990   |   10|   0|   64|         54|
    |tmp_791_reg_23000   |   10|   0|   64|         54|
    |tmp_793_reg_23010   |   10|   0|   64|         54|
    |tmp_795_reg_23020   |   10|   0|   64|         54|
    |tmp_797_reg_23030   |   10|   0|   64|         54|
    |tmp_799_reg_23040   |   10|   0|   64|         54|
    |tmp_79_reg_19440    |   10|   0|   64|         54|
    |tmp_801_reg_23050   |   10|   0|   64|         54|
    |tmp_803_reg_23060   |   10|   0|   64|         54|
    |tmp_805_reg_23070   |   10|   0|   64|         54|
    |tmp_807_reg_23080   |   10|   0|   64|         54|
    |tmp_809_reg_23090   |   10|   0|   64|         54|
    |tmp_811_reg_23100   |   10|   0|   64|         54|
    |tmp_813_reg_23110   |   10|   0|   64|         54|
    |tmp_815_reg_23120   |   10|   0|   64|         54|
    |tmp_817_reg_23130   |   10|   0|   64|         54|
    |tmp_819_reg_23140   |   10|   0|   64|         54|
    |tmp_81_reg_19450    |   10|   0|   64|         54|
    |tmp_821_reg_23150   |   10|   0|   64|         54|
    |tmp_823_reg_23160   |   10|   0|   64|         54|
    |tmp_825_reg_23170   |   10|   0|   64|         54|
    |tmp_827_reg_23180   |   10|   0|   64|         54|
    |tmp_829_reg_23190   |   10|   0|   64|         54|
    |tmp_831_reg_23200   |   10|   0|   64|         54|
    |tmp_833_reg_23210   |   10|   0|   64|         54|
    |tmp_835_reg_23220   |   10|   0|   64|         54|
    |tmp_837_reg_23230   |   10|   0|   64|         54|
    |tmp_839_reg_23240   |   10|   0|   64|         54|
    |tmp_83_reg_19460    |   10|   0|   64|         54|
    |tmp_841_reg_23250   |   10|   0|   64|         54|
    |tmp_843_reg_23260   |   10|   0|   64|         54|
    |tmp_845_reg_23270   |   10|   0|   64|         54|
    |tmp_847_reg_23280   |   10|   0|   64|         54|
    |tmp_849_reg_23290   |   10|   0|   64|         54|
    |tmp_851_reg_23300   |   10|   0|   64|         54|
    |tmp_853_reg_23310   |   10|   0|   64|         54|
    |tmp_855_reg_23320   |   10|   0|   64|         54|
    |tmp_857_reg_23330   |   10|   0|   64|         54|
    |tmp_859_reg_23340   |   10|   0|   64|         54|
    |tmp_85_reg_19470    |   10|   0|   64|         54|
    |tmp_861_reg_23350   |   10|   0|   64|         54|
    |tmp_863_reg_23360   |   10|   0|   64|         54|
    |tmp_865_reg_23370   |   10|   0|   64|         54|
    |tmp_867_reg_23380   |   10|   0|   64|         54|
    |tmp_869_reg_23390   |   10|   0|   64|         54|
    |tmp_871_reg_23400   |   10|   0|   64|         54|
    |tmp_873_reg_23410   |   10|   0|   64|         54|
    |tmp_875_reg_23420   |   10|   0|   64|         54|
    |tmp_877_reg_23430   |   10|   0|   64|         54|
    |tmp_879_reg_23440   |   10|   0|   64|         54|
    |tmp_87_reg_19480    |   10|   0|   64|         54|
    |tmp_881_reg_23450   |   10|   0|   64|         54|
    |tmp_883_reg_23460   |   10|   0|   64|         54|
    |tmp_885_reg_23470   |   10|   0|   64|         54|
    |tmp_887_reg_23480   |   10|   0|   64|         54|
    |tmp_889_reg_23490   |   10|   0|   64|         54|
    |tmp_891_reg_23500   |   10|   0|   64|         54|
    |tmp_893_reg_23510   |   10|   0|   64|         54|
    |tmp_895_reg_23520   |   10|   0|   64|         54|
    |tmp_897_reg_23530   |   10|   0|   64|         54|
    |tmp_899_reg_23540   |   10|   0|   64|         54|
    |tmp_89_reg_19490    |   10|   0|   64|         54|
    |tmp_8_reg_19080     |   10|   0|   64|         54|
    |tmp_901_reg_23550   |   10|   0|   64|         54|
    |tmp_903_reg_23560   |   10|   0|   64|         54|
    |tmp_905_reg_23570   |   10|   0|   64|         54|
    |tmp_907_reg_23580   |   10|   0|   64|         54|
    |tmp_909_reg_23590   |   10|   0|   64|         54|
    |tmp_911_reg_23600   |   10|   0|   64|         54|
    |tmp_913_reg_23610   |   10|   0|   64|         54|
    |tmp_915_reg_23620   |   10|   0|   64|         54|
    |tmp_917_reg_23630   |   10|   0|   64|         54|
    |tmp_919_reg_23640   |   10|   0|   64|         54|
    |tmp_91_reg_19500    |   10|   0|   64|         54|
    |tmp_921_reg_23650   |   10|   0|   64|         54|
    |tmp_923_reg_23660   |   10|   0|   64|         54|
    |tmp_925_reg_23670   |   10|   0|   64|         54|
    |tmp_927_reg_23680   |   10|   0|   64|         54|
    |tmp_929_reg_23690   |   10|   0|   64|         54|
    |tmp_931_reg_23700   |   10|   0|   64|         54|
    |tmp_933_reg_23710   |   10|   0|   64|         54|
    |tmp_935_reg_23720   |   10|   0|   64|         54|
    |tmp_937_reg_23730   |   10|   0|   64|         54|
    |tmp_939_reg_23740   |   10|   0|   64|         54|
    |tmp_93_reg_19510    |   10|   0|   64|         54|
    |tmp_941_reg_23750   |   10|   0|   64|         54|
    |tmp_943_reg_23760   |   10|   0|   64|         54|
    |tmp_945_reg_23770   |   10|   0|   64|         54|
    |tmp_947_reg_23780   |   10|   0|   64|         54|
    |tmp_949_reg_23790   |   10|   0|   64|         54|
    |tmp_951_reg_23800   |   10|   0|   64|         54|
    |tmp_953_reg_23810   |   10|   0|   64|         54|
    |tmp_955_reg_23820   |   10|   0|   64|         54|
    |tmp_957_reg_23830   |   10|   0|   64|         54|
    |tmp_959_reg_23840   |   10|   0|   64|         54|
    |tmp_95_reg_19520    |   10|   0|   64|         54|
    |tmp_961_reg_23850   |   10|   0|   64|         54|
    |tmp_963_reg_23860   |   10|   0|   64|         54|
    |tmp_965_reg_23870   |   10|   0|   64|         54|
    |tmp_967_reg_23880   |   10|   0|   64|         54|
    |tmp_969_reg_23890   |   10|   0|   64|         54|
    |tmp_971_reg_23900   |   10|   0|   64|         54|
    |tmp_973_reg_23910   |   10|   0|   64|         54|
    |tmp_975_reg_23920   |   10|   0|   64|         54|
    |tmp_977_reg_23930   |   10|   0|   64|         54|
    |tmp_979_reg_23940   |   10|   0|   64|         54|
    |tmp_97_reg_19530    |   10|   0|   64|         54|
    |tmp_981_reg_23950   |   10|   0|   64|         54|
    |tmp_983_reg_23960   |   10|   0|   64|         54|
    |tmp_985_reg_23970   |   10|   0|   64|         54|
    |tmp_987_reg_23980   |   10|   0|   64|         54|
    |tmp_989_reg_23990   |   10|   0|   64|         54|
    |tmp_991_reg_24000   |   10|   0|   64|         54|
    |tmp_993_reg_24010   |   10|   0|   64|         54|
    |tmp_995_reg_24020   |   10|   0|   64|         54|
    |tmp_997_reg_24030   |   10|   0|   64|         54|
    |tmp_999_reg_24040   |   10|   0|   64|         54|
    |tmp_99_reg_19540    |   10|   0|   64|         54|
    |tmp_reg_18536       |   10|   0|   19|          9|
    |tmp_s_reg_19090     |   10|   0|   64|         54|
    +--------------------+-----+----+-----+-----------+
    |Total               | 5408|   0|33065|      27657|
    +--------------------+-----+----+-----+-----------+



================================================================
== Interface
================================================================
* Summary: 
+------------------+-----+-----+------------+--------------------+--------------+
|     RTL Ports    | Dir | Bits|  Protocol  |    Source Object   |    C Type    |
+------------------+-----+-----+------------+--------------------+--------------+
|ap_clk            |  in |    1| ap_ctrl_hs | CCLabel_preProcess | return value |
|ap_rst            |  in |    1| ap_ctrl_hs | CCLabel_preProcess | return value |
|ap_start          |  in |    1| ap_ctrl_hs | CCLabel_preProcess | return value |
|ap_done           | out |    1| ap_ctrl_hs | CCLabel_preProcess | return value |
|ap_idle           | out |    1| ap_ctrl_hs | CCLabel_preProcess | return value |
|ap_ready          | out |    1| ap_ctrl_hs | CCLabel_preProcess | return value |
|Image_r_address0  | out |   18|  ap_memory |       Image_r      |     array    |
|Image_r_ce0       | out |    1|  ap_memory |       Image_r      |     array    |
|Image_r_q0        |  in |   32|  ap_memory |       Image_r      |     array    |
|Image_r_address1  | out |   18|  ap_memory |       Image_r      |     array    |
|Image_r_ce1       | out |    1|  ap_memory |       Image_r      |     array    |
|Image_r_q1        |  in |   32|  ap_memory |       Image_r      |     array    |
|lbImage_address0  | out |   18|  ap_memory |       lbImage      |     array    |
|lbImage_ce0       | out |    1|  ap_memory |       lbImage      |     array    |
|lbImage_we0       | out |    1|  ap_memory |       lbImage      |     array    |
|lbImage_d0        | out |   32|  ap_memory |       lbImage      |     array    |
|lbImage_address1  | out |   18|  ap_memory |       lbImage      |     array    |
|lbImage_ce1       | out |    1|  ap_memory |       lbImage      |     array    |
|lbImage_we1       | out |    1|  ap_memory |       lbImage      |     array    |
|lbImage_d1        | out |   32|  ap_memory |       lbImage      |     array    |
+------------------+-----+-----+------------+--------------------+--------------+

