15:38:15 INFO  : Processing command line option -hwspec D:/zedboard_projects/CCLabelling_Vivado/CCLabelling_Vivado.sdk/design_1_wrapper.hdf.
15:38:23 INFO  : Launching XSDB server: xsdb.bat -s D:/Xilinx/SDK/2014.4/scripts/xsdb/xsdb/xsdb-server.tcl 2450
16:12:57 ERROR : FPGA Configuration failed.Connection to Board Failed


    Unknown Error Occured
    Cable is not connected to the host

16:13:12 ERROR : FPGA Configuration failed.Connection to Board Failed


    Unknown Error Occured
    Cable is not connected to the host

16:13:56 INFO  : FPGA configured successfully with bitstream "D:/zedboard_projects/CCLabelling_Vivado/CCLabelling_Vivado.sdk/design_1_wrapper_hw_platform_0/design_1_wrapper.bit"
16:15:06 INFO  : ps7_init is completed.
16:15:06 INFO  : ps7_post_config is completed.
16:15:07 INFO  : Processor reset is completed for ps7_cortexa9_0
16:16:15 INFO  : Processor reset is completed for ps7_cortexa9_0
16:17:19 INFO  : Processor reset is completed for ps7_cortexa9_0
16:19:09 INFO  : Processor reset is completed for ps7_cortexa9_0
16:19:47 INFO  : Processor reset is completed for ps7_cortexa9_0
16:23:35 INFO  : Processor reset is completed for ps7_cortexa9_0
16:24:05 INFO  : Processor reset is completed for ps7_cortexa9_0
16:29:59 INFO  : Processor reset is completed for ps7_cortexa9_0
16:30:26 INFO  : Processor reset is completed for ps7_cortexa9_0
16:30:55 INFO  : Processor reset is completed for ps7_cortexa9_0
16:32:25 INFO  : Processor reset is completed for ps7_cortexa9_0
16:34:15 INFO  : Processor reset is completed for ps7_cortexa9_0
16:34:34 INFO  : Processor reset is completed for ps7_cortexa9_0
16:35:45 INFO  : Processor reset is completed for ps7_cortexa9_0
16:37:17 INFO  : Processor reset is completed for ps7_cortexa9_0
16:38:19 INFO  : Processor reset is completed for ps7_cortexa9_0
16:40:23 INFO  : Processor reset is completed for ps7_cortexa9_0
16:40:45 INFO  : Processor reset is completed for ps7_cortexa9_0
16:43:08 INFO  : Processor reset is completed for ps7_cortexa9_0
