\BOOKMARK [0][-]{Doc-Start}{Abstract}{}% 1
\BOOKMARK [0][-]{Doc-Start}{Acknowledgements}{}% 2
\BOOKMARK [0][-]{chapter*.1}{List\040of\040Tables}{}% 3
\BOOKMARK [0][-]{chapter*.2}{List\040of\040Figures}{}% 4
\BOOKMARK [0][-]{chapter.1}{Introduction}{}% 5
\BOOKMARK [1][-]{section.1.1}{Overview\040and\040Motivations}{chapter.1}% 6
\BOOKMARK [2][-]{subsection.1.1.1}{Overview\040and\040Motivations}{section.1.1}% 7
\BOOKMARK [2][-]{subsection.1.1.2}{Star\040Tracker\040for\040attitude\040determination\040approach}{section.1.1}% 8
\BOOKMARK [1][-]{section.1.2}{Objectives}{chapter.1}% 9
\BOOKMARK [1][-]{section.1.3}{Major\040contributions}{chapter.1}% 10
\BOOKMARK [1][-]{section.1.4}{Organization\040of\040the\040thesis}{chapter.1}% 11
\BOOKMARK [0][-]{chapter.2}{Literature\040preview}{}% 12
\BOOKMARK [1][-]{section.2.1}{Star\040Tracker\040Operations}{chapter.2}% 13
\BOOKMARK [1][-]{section.2.2}{Centroiding\040Algorithm}{chapter.2}% 14
\BOOKMARK [1][-]{section.2.3}{Liebe\040Star\040Recognition\040algorithm}{chapter.2}% 15
\BOOKMARK [1][-]{section.2.4}{Pyramid\040star\040recognition\040algorithm}{chapter.2}% 16
\BOOKMARK [1][-]{section.2.5}{Geometric\040Voting\040algorithm}{chapter.2}% 17
\BOOKMARK [1][-]{section.2.6}{Star\040Identification\040Algorithm\040with\040Optimized\040database}{chapter.2}% 18
\BOOKMARK [0][-]{chapter.3}{Hardware and Software Co-processing – Implementation of the Algorithm}{}% 19
\BOOKMARK [1][-]{section.3.1}{Overview}{chapter.3}% 20
\BOOKMARK [2][-]{subsection.3.1.1}{FPGA\040-\040Programmable\040Logic\040-\040IP\040Block}{section.3.1}% 21
\BOOKMARK [2][-]{subsection.3.1.2}{System-on-a-chip}{section.3.1}% 22
\BOOKMARK [1][-]{section.3.2}{Partition\040and\040Profiling}{chapter.3}% 23
\BOOKMARK [2][-]{subsection.3.2.1}{Partition}{section.3.2}% 24
\BOOKMARK [2][-]{subsection.3.2.2}{Profiling}{section.3.2}% 25
\BOOKMARK [2][-]{subsection.3.2.3}{Partitioning\040and\040profiling\040results}{section.3.2}% 26
\BOOKMARK [1][-]{section.3.3}{Module\040implementation}{chapter.3}% 27
\BOOKMARK [2][-]{subsection.3.3.1}{Centroiding}{section.3.3}% 28
\BOOKMARK [3][-]{subsubsection.3.3.1.1}{Thresholding}{subsection.3.3.1}% 29
\BOOKMARK [3][-]{subsubsection.3.3.1.2}{The\040connected-components\040problem\040in\040centroiding}{subsection.3.3.1}% 30
\BOOKMARK [3][-]{subsubsection.3.3.1.3}{The\040one-pass\040scan\040algorithm}{subsection.3.3.1}% 31
\BOOKMARK [3][-]{subsubsection.3.3.1.4}{The\040one-pass\040scan\040algorithm\040implemented\040in\040the\040programmable\040logic}{subsection.3.3.1}% 32
\BOOKMARK [2][-]{subsection.3.3.2}{Choose\040the\040reference\040star}{section.3.3}% 33
\BOOKMARK [2][-]{subsection.3.3.3}{Find\040the\040star\040pattern}{section.3.3}% 34
\BOOKMARK [2][-]{subsection.3.3.4}{Pattern\040searching}{section.3.3}% 35
\BOOKMARK [0][-]{chapter.4}{Experimental\040Results}{}% 36
\BOOKMARK [1][-]{section.4.1}{Hardware\040design}{chapter.4}% 37
\BOOKMARK [1][-]{section.4.2}{Runtime\040experiments}{chapter.4}% 38
\BOOKMARK [2][-]{subsection.4.2.1}{Experiment\040setup}{section.4.2}% 39
\BOOKMARK [2][-]{subsection.4.2.2}{Experiment\040with\040simulated\040images}{section.4.2}% 40
\BOOKMARK [3][-]{subsubsection.4.2.2.1}{512x512\040dataset}{subsection.4.2.2}% 41
\BOOKMARK [3][-]{subsubsection.4.2.2.2}{1024x1024\040dataset}{subsection.4.2.2}% 42
\BOOKMARK [2][-]{subsection.4.2.3}{Experiment\040with\040captured\040images}{section.4.2}% 43
\BOOKMARK [0][-]{chapter.5}{Conclusion\040and\040Future\040Works}{}% 44
\BOOKMARK [1][-]{section.5.1}{Summary\040and\040Conclusion}{chapter.5}% 45
\BOOKMARK [0][-]{section.5.1}{Bibliography}{}% 46
