This is XeTeX, Version 3.14159265-2.6-0.99999 (MiKTeX 2.9.6670 64-bit) (preloaded format=xelatex 2018.4.27)  26 JUL 2018 12:22
entering extended mode
**./thesis.tex
(thesis.tex
LaTeX2e <2018-04-01> patch level 3
Babel <3.19> and hyphenation patterns for 73 language(s) loaded.
("C:\Program Files\MiKTeX 2.9\tex\latex\base\report.cls"
Document Class: report 2014/09/29 v1.4h Standard LaTeX document class
("C:\Program Files\MiKTeX 2.9\tex\latex\base\size12.clo"
File: size12.clo 2014/09/29 v1.4h Standard LaTeX file (size option)
)
\c@part=\count80
\c@chapter=\count81
\c@section=\count82
\c@subsection=\count83
\c@subsubsection=\count84
\c@paragraph=\count85
\c@subparagraph=\count86
\c@figure=\count87
\c@table=\count88
\abovecaptionskip=\skip41
\belowcaptionskip=\skip42
\bibindent=\dimen102
) (thesis.sty
("C:\Program Files\MiKTeX 2.9\tex\latex\graphics\graphicx.sty"
Package: graphicx 2017/06/01 v1.1a Enhanced LaTeX Graphics (DPC,SPQR)

("C:\Program Files\MiKTeX 2.9\tex\latex\graphics\keyval.sty"
Package: keyval 2014/10/28 v1.15 key=value parser (DPC)
\KV@toks@=\toks14
)
("C:\Program Files\MiKTeX 2.9\tex\latex\graphics\graphics.sty"
Package: graphics 2017/06/25 v1.2c Standard LaTeX Graphics (DPC,SPQR)

("C:\Program Files\MiKTeX 2.9\tex\latex\graphics\trig.sty"
Package: trig 2016/01/03 v1.10 sin cos tan (DPC)
)
(C:\Users\e150003\AppData\Roaming\MiKTeX\2.9\tex\latex\graphics-cfg\graphics.cf
g
File: graphics.cfg 2016/06/04 v1.11 sample graphics configuration
)
Package graphics Info: Driver file: dvips.def on input line 99.
 ("C:\Program Files\MiKTeX 2.9\tex\latex\graphics-def\dvips.def"
File: dvips.def 2017/06/20 v3.1d Graphics/color driver for dvips
))
\Gin@req@height=\dimen103
\Gin@req@width=\dimen104
)
("C:\Program Files\MiKTeX 2.9\tex\latex\geometry\geometry.sty"
Package: geometry 2018/03/24 v5.7 Page Geometry

("C:\Program Files\MiKTeX 2.9\tex\generic\oberdiek\ifpdf.sty"
Package: ifpdf 2017/03/15 v3.2 Provides the ifpdf switch
)
("C:\Program Files\MiKTeX 2.9\tex\generic\oberdiek\ifvtex.sty"
Package: ifvtex 2016/05/16 v1.6 Detect VTeX and its facilities (HO)
Package ifvtex Info: VTeX not detected.
)
("C:\Program Files\MiKTeX 2.9\tex\generic\ifxetex\ifxetex.sty"
Package: ifxetex 2010/09/12 v0.6 Provides ifxetex conditional
)
\Gm@cnth=\count89
\Gm@cntv=\count90
\c@Gm@tempcnt=\count91
\Gm@bindingoffset=\dimen105
\Gm@wd@mp=\dimen106
\Gm@odd@mp=\dimen107
\Gm@even@mp=\dimen108
\Gm@layoutwidth=\dimen109
\Gm@layoutheight=\dimen110
\Gm@layouthoffset=\dimen111
\Gm@layoutvoffset=\dimen112
\Gm@dimlist=\toks15

(C:\Users\e150003\AppData\Roaming\MiKTeX\2.9\tex\xelatex\xetexconfig\geometry.c
fg)) ("C:\Program Files\MiKTeX 2.9\tex\latex\base\latexsym.sty"
Package: latexsym 1998/08/17 v2.2e Standard LaTeX package (lasy symbols)
\symlasy=\mathgroup4
LaTeX Font Info:    Overwriting symbol font `lasy' in version `bold'
(Font)                  U/lasy/m/n --> U/lasy/b/n on input line 52.
)
("C:\Program Files\MiKTeX 2.9\tex\latex\graphics\rotating.sty"
Package: rotating 2016/08/11 v2.16d rotated objects in LaTeX

("C:\Program Files\MiKTeX 2.9\tex\latex\base\ifthen.sty"
Package: ifthen 2014/09/29 v1.1c Standard LaTeX ifthen package (DPC)
)
\c@r@tfl@t=\count92
\rotFPtop=\skip43
\rotFPbot=\skip44
\rot@float@box=\box26
\rot@mess@toks=\toks16
)
("C:\Program Files\MiKTeX 2.9\tex\latex\amsmath\amsmath.sty"
Package: amsmath 2017/09/02 v2.17a AMS math features
\@mathmargin=\skip45

For additional information on amsmath, use the `?' option.
("C:\Program Files\MiKTeX 2.9\tex\latex\amsmath\amstext.sty"
Package: amstext 2000/06/29 v2.01 AMS text

("C:\Program Files\MiKTeX 2.9\tex\latex\amsmath\amsgen.sty"
File: amsgen.sty 1999/11/30 v2.0 generic functions
\@emptytoks=\toks17
\ex@=\dimen113
))
("C:\Program Files\MiKTeX 2.9\tex\latex\amsmath\amsbsy.sty"
Package: amsbsy 1999/11/29 v1.2d Bold Symbols
\pmbraise@=\dimen114
)
("C:\Program Files\MiKTeX 2.9\tex\latex\amsmath\amsopn.sty"
Package: amsopn 2016/03/08 v2.02 operator names
)
\inf@bad=\count93
LaTeX Info: Redefining \frac on input line 213.
\uproot@=\count94
\leftroot@=\count95
LaTeX Info: Redefining \overline on input line 375.
\classnum@=\count96
\DOTSCASE@=\count97
LaTeX Info: Redefining \ldots on input line 472.
LaTeX Info: Redefining \dots on input line 475.
LaTeX Info: Redefining \cdots on input line 596.
\Mathstrutbox@=\box27
\strutbox@=\box28
\big@size=\dimen115
LaTeX Font Info:    Redeclaring font encoding OML on input line 712.
LaTeX Font Info:    Redeclaring font encoding OMS on input line 713.
\macc@depth=\count98
\c@MaxMatrixCols=\count99
\dotsspace@=\muskip10
\c@parentequation=\count100
\dspbrk@lvl=\count101
\tag@help=\toks18
\row@=\count102
\column@=\count103
\maxfields@=\count104
\andhelp@=\toks19
\eqnshift@=\dimen116
\alignsep@=\dimen117
\tagshift@=\dimen118
\tagwidth@=\dimen119
\totwidth@=\dimen120
\lineht@=\dimen121
\@envbody=\toks20
\multlinegap=\skip46
\multlinetaggap=\skip47
\mathdisplay@stack=\toks21
LaTeX Info: Redefining \[ on input line 2817.
LaTeX Info: Redefining \] on input line 2818.
)
(C:\Users\e150003\AppData\Roaming\MiKTeX\2.9\tex\latex\cite\cite.sty
LaTeX Info: Redefining \cite on input line 302.
LaTeX Info: Redefining \nocite on input line 332.
Package: cite 2015/02/27  v 5.5
)
(C:\Users\e150003\AppData\Roaming\MiKTeX\2.9\tex\latex\filecontents\filecontent
s.sty
Package: filecontents 2018/05/30 v1.4 Create an external file from within a LaT
eX document
) ("C:\Program Files\MiKTeX 2.9\tex\latex\tools\multicol.sty"
Package: multicol 2018/04/20 v1.8s multicolumn formatting (FMi)
\c@tracingmulticols=\count105
\mult@box=\box29
\multicol@leftmargin=\dimen122
\c@unbalance=\count106
\c@collectmore=\count107
\doublecol@number=\count108
\multicoltolerance=\count109
\multicolpretolerance=\count110
\full@width=\dimen123
\page@free=\dimen124
\premulticols=\dimen125
\postmulticols=\dimen126
\multicolsep=\skip48
\multicolbaselineskip=\skip49
\partial@page=\box30
\last@line=\box31
\maxbalancingoverflow=\dimen127
\mult@rightbox=\box32
\mult@grightbox=\box33
\mult@gfirstbox=\box34
\mult@firstbox=\box35
\@tempa=\box36
\@tempa=\box37
\@tempa=\box38
\@tempa=\box39
\@tempa=\box40
\@tempa=\box41
\@tempa=\box42
\@tempa=\box43
\@tempa=\box44
\@tempa=\box45
\@tempa=\box46
\@tempa=\box47
\@tempa=\box48
\@tempa=\box49
\@tempa=\box50
\@tempa=\box51
\@tempa=\box52
\c@columnbadness=\count111
\c@finalcolumnbadness=\count112
\last@try=\dimen128
\multicolovershoot=\dimen129
\multicolundershoot=\dimen130
\mult@nat@firstbox=\box53
\colbreak@box=\box54
\mc@col@check@num=\count113
)
("C:\Program Files\MiKTeX 2.9\tex\latex\base\inputenc.sty"
Package: inputenc 2018/04/06 v1.3b Input encoding file
\inpenc@prehook=\toks22
\inpenc@posthook=\toks23


Package inputenc Warning: inputenc package ignored with utf8 based engines.

) (C:\Users\e150003\AppData\Roaming\MiKTeX\2.9\tex\latex\listings\listings.sty
\lst@mode=\count114
\lst@gtempboxa=\box55
\lst@token=\toks24
\lst@length=\count115
\lst@currlwidth=\dimen131
\lst@column=\count116
\lst@pos=\count117
\lst@lostspace=\dimen132
\lst@width=\dimen133
\lst@newlines=\count118
\lst@lineno=\count119
\lst@maxwidth=\dimen134

(C:\Users\e150003\AppData\Roaming\MiKTeX\2.9\tex\latex\listings\lstmisc.sty
File: lstmisc.sty 2015/06/04 1.6 (Carsten Heinz)
\c@lstnumber=\count120
\lst@skipnumbers=\count121
\lst@framebox=\box56
)
(C:\Users\e150003\AppData\Roaming\MiKTeX\2.9\tex\latex\listings\listings.cfg
File: listings.cfg 2015/06/04 1.6 listings configuration
))
Package: listings 2015/06/04 1.6 (Carsten Heinz)

("C:\Program Files\MiKTeX 2.9\tex\latex\graphics\color.sty"
Package: color 2016/07/10 v1.1e Standard LaTeX Color (DPC)

(C:\Users\e150003\AppData\Roaming\MiKTeX\2.9\tex\latex\graphics-cfg\color.cfg
File: color.cfg 2016/01/02 v1.6 sample color configuration
)
Package color Info: Driver file: dvips.def on input line 147.

("C:\Program Files\MiKTeX 2.9\tex\latex\graphics\dvipsnam.def"
File: dvipsnam.def 2016/06/17 v3.0m Driver-dependent file (DPC,SPQR)
))
\c@cor=\count122
)
\c@thm=\count123
 (thesis.aux
(1_foreword/abstract.aux) (1_foreword/ack.aux) (1_foreword/contents.aux)
(1_foreword/tables.aux) (1_foreword/figures.aux) (2_chapters/chap1.aux)
(2_chapters/chap2.aux) (2_chapters/chap3.aux) (2_chapters/chap4.aux

LaTeX Warning: Label `tab:4_7' multiply defined.

) (2_chapters/chap5.aux) (3_bibliography/bib.aux))
\openout1 = `thesis.aux'.

LaTeX Font Info:    Checking defaults for OML/cmm/m/it on input line 5.
LaTeX Font Info:    ... okay on input line 5.
LaTeX Font Info:    Checking defaults for T1/cmr/m/n on input line 5.
LaTeX Font Info:    ... okay on input line 5.
LaTeX Font Info:    Checking defaults for OT1/cmr/m/n on input line 5.
LaTeX Font Info:    ... okay on input line 5.
LaTeX Font Info:    Checking defaults for OMS/cmsy/m/n on input line 5.
LaTeX Font Info:    ... okay on input line 5.
LaTeX Font Info:    Checking defaults for TU/lmr/m/n on input line 5.
LaTeX Font Info:    ... okay on input line 5.
LaTeX Font Info:    Checking defaults for OMX/cmex/m/n on input line 5.
LaTeX Font Info:    ... okay on input line 5.
LaTeX Font Info:    Checking defaults for U/cmr/m/n on input line 5.
LaTeX Font Info:    ... okay on input line 5.

*geometry* detected driver: dvips
*geometry* verbose mode - [ preamble ] result:
* driver: dvips
* paper: a4paper
* layout: <same size as paper>
* layoutoffset:(h,v)=(0.0pt,0.0pt)
* modes: 
* h-part:(L,W,R)=(72.26999pt, 452.9679pt, 72.26999pt)
* v-part:(T,H,B)=(72.26999pt, 700.50687pt, 72.26999pt)
* \paperwidth=597.50787pt
* \paperheight=845.04684pt
* \textwidth=426.79134pt
* \textheight=674.3303pt
* \oddsidemargin=28.45274pt
* \evensidemargin=28.45274pt
* \topmargin=0.0pt
* \headheight=0.0pt
* \headsep=0.0pt
* \topskip=12.0pt
* \footskip=30.0pt
* \marginparwidth=35.0pt
* \marginparsep=10.0pt
* \columnsep=10.0pt
* \skip\footins=10.8pt plus 4.0pt minus 2.0pt
* \hoffset=0.0pt
* \voffset=0.0pt
* \mag=1000
* \@twocolumnfalse
* \@twosidefalse
* \@mparswitchfalse
* \@reversemarginfalse
* (1in=72.27pt=25.4mm, 1cm=28.453pt)

\c@lstlisting=\count124
File: images/NTU_logo.eps Graphic file (type eps)
<images/NTU_logo.eps> [1

] [1

]
\openout2 = `1_foreword/abstract.aux'.

 (1_foreword/abstract.tex
Underfull \hbox (badness 10000) in paragraph at lines 11--12

 []


Underfull \hbox (badness 10000) in paragraph at lines 13--14

 []


Underfull \hbox (badness 10000) in paragraph at lines 15--16

 []

) [2

]
\openout2 = `1_foreword/ack.aux'.

 (1_foreword/ack.tex
Underfull \hbox (badness 10000) in paragraph at lines 7--8

 []


Underfull \hbox (badness 10000) in paragraph at lines 9--10

 []


Underfull \hbox (badness 10000) in paragraph at lines 11--12

 []

) [3


]
\openout2 = `1_foreword/contents.aux'.

 (1_foreword/contents.tex (thesis.toc
LaTeX Font Info:    Try loading font information for U+lasy on input line 6.

("C:\Program Files\MiKTeX 2.9\tex\latex\base\ulasy.fd"
File: ulasy.fd 1998/08/17 v2.2e LaTeX symbol font definitions
) [4



])
\tf@toc=\write3
\openout3 = `thesis.toc'.

) [5]
\openout2 = `1_foreword/tables.aux'.


(1_foreword/tables.tex (thesis.lot)
\tf@lot=\write4
\openout4 = `thesis.lot'.

) [6



]
\openout2 = `1_foreword/figures.aux'.

 (1_foreword/figures.tex (thesis.lof
[7



])
\tf@lof=\write5
\openout5 = `thesis.lof'.

) [8]
\openout2 = `2_chapters/chap1.aux'.

 (2_chapters/chap1.tex
Chapter 1.

Underfull \hbox (badness 10000) in paragraph at lines 9--10

 []


Underfull \hbox (badness 10000) in paragraph at lines 11--12

 []


Underfull \hbox (badness 10000) in paragraph at lines 13--14

 []

[1



]
Underfull \hbox (badness 10000) in paragraph at lines 25--26

 []

File: figures/1_1.eps Graphic file (type eps)
<figures/1_1.eps>
File: figures/1_2.eps Graphic file (type eps)
 <figures/1_2.eps>
Underfull \hbox (badness 10000) in paragraph at lines 30--31

 []

[2] [3]
Overfull \hbox (9.56873pt too wide) in paragraph at lines 63--64
[]\TU/lmr/m/n/12 Implements the proposed method in term of hardware and softwar
e co-processing
 []

) [4]
\openout2 = `2_chapters/chap2.aux'.

 (2_chapters/chap2.tex
Chapter 2.
[5



]
File: figures/2_1.eps Graphic file (type eps)
 <figures/2_1.eps> [6]
File: figures/2_2.eps Graphic file (type eps)
 <figures/2_2.eps>
File: figures/2_4.eps Graphic file (type eps)
 <figures/2_4.eps>
Underfull \hbox (badness 10000) in paragraph at lines 42--43

 []

File: figures/2_3.eps Graphic file (type eps)
<figures/2_3.eps> [7] [8]
Underfull \hbox (badness 10000) in paragraph at lines 75--76

 []


Underfull \hbox (badness 10000) in paragraph at lines 88--89

 []

File: figures/2_5.eps Graphic file (type eps)
<figures/2_5.eps>
Underfull \hbox (badness 10000) in paragraph at lines 94--95

 []


Underfull \hbox (badness 10000) in paragraph at lines 130--131

 []

[9] [10]
File: figures/2_6.eps Graphic file (type eps)
 <figures/2_6.eps>
Underfull \hbox (badness 10000) in paragraph at lines 165--166

 []

[11]
Underfull \hbox (badness 10000) in paragraph at lines 167--168

 []


Underfull \hbox (badness 10000) in paragraph at lines 169--170

 []

File: figures/2_7.eps Graphic file (type eps)
<figures/2_7.eps> [12]
Missing character: There is no … in font cmr12!

Underfull \hbox (badness 10000) in paragraph at lines 187--188

 []


Underfull \hbox (badness 10000) in paragraph at lines 189--190

 []

[13]
Underfull \hbox (badness 10000) in paragraph at lines 197--198

 []


Underfull \hbox (badness 10000) in paragraph at lines 199--200

 []


Underfull \hbox (badness 10000) in paragraph at lines 201--202

 []


Underfull \hbox (badness 10000) in paragraph at lines 203--204

 []


Underfull \hbox (badness 10000) in paragraph at lines 205--206

 []

[14]
File: figures/2_8.eps Graphic file (type eps)
 <figures/2_8.eps>
Missing character: There is no … in font cmr12!

Underfull \hbox (badness 10000) in paragraph at lines 218--219

 []

[15]
File: figures/2_9.eps Graphic file (type eps)
 <figures/2_9.eps>) [16]
\openout2 = `2_chapters/chap3.aux'.

 (2_chapters/chap3.tex
Chapter 3.

Underfull \hbox (badness 10000) in paragraph at lines 12--13

 []


Underfull \hbox (badness 10000) in paragraph at lines 14--15

 []

File: figures/3_LUT.eps Graphic file (type eps)
<figures/3_LUT.eps>
Underfull \hbox (badness 10000) in paragraph at lines 18--19

 []

[17



]
File: figures/3_Routing.eps Graphic file (type eps)
 <figures/3_Routing.eps>
Underfull \hbox (badness 10000) in paragraph at lines 22--23

 []

File: figures/3_DesignFlow.eps Graphic file (type eps)
<figures/3_DesignFlow.eps>
Overfull \hbox (2.87671pt too wide) in paragraph at lines 28--29
[]\TU/lmr/bx/n/12 Configurable Logic Blocks (CLBs) \TU/lmr/m/n/12 contain flexi
ble Look-Up Tables (LUTs)
 []

[18] [19]
Underfull \hbox (badness 10000) in paragraph at lines 35--36

 []


Underfull \hbox (badness 10000) in paragraph at lines 37--38

 []

File: figures/3_spartan.eps Graphic file (type eps)
<figures/3_spartan.eps> [20] [21]
Underfull \hbox (badness 10000) in paragraph at lines 46--47

 []


Underfull \hbox (badness 10000) in paragraph at lines 48--49

 []

File: figures/3_1.eps Graphic file (type eps)
<figures/3_1.eps>
Underfull \hbox (badness 10000) in paragraph at lines 53--54

 []

[22]
File: figures/3_2.eps Graphic file (type eps)
 <figures/3_2.eps>
Underfull \hbox (badness 10000) in paragraph at lines 58--59

 []

File: figures/3_3.eps Graphic file (type eps)
<figures/3_3.eps>
Underfull \hbox (badness 10000) in paragraph at lines 63--64

 []

[23]
File: figures/3_4.eps Graphic file (type eps)
 <figures/3_4.eps>
Underfull \hbox (badness 10000) in paragraph at lines 76--77

 []

File: figures/3_5.eps Graphic file (type eps)
<figures/3_5.eps>
Underfull \hbox (badness 10000) in paragraph at lines 85--86

 []

[24] [25]
Underfull \hbox (badness 10000) in paragraph at lines 87--88

 []

File: figures/3_6.eps Graphic file (type eps)
<figures/3_6.eps> [26]
File: figures/3_7.eps Graphic file (type eps)
 <figures/3_7.eps>
Underfull \hbox (badness 10000) in paragraph at lines 107--108

 []

File: figures/3_8.eps Graphic file (type eps)
<figures/3_8.eps> [27] [28]
File: figures/3_10.eps Graphic file (type eps)
 <figures/3_10.eps>
Underfull \hbox (badness 10000) in paragraph at lines 152--153

 []

[29]
Underfull \hbox (badness 10000) in paragraph at lines 154--155

 []


Underfull \hbox (badness 10000) in paragraph at lines 156--157

 []

File: figures/3_9.eps Graphic file (type eps)
<figures/3_9.eps>
Underfull \hbox (badness 10000) in paragraph at lines 161--162

 []


Underfull \hbox (badness 10000) in paragraph at lines 167--168

 []

[30]
File: figures/3_11.eps Graphic file (type eps)
 <figures/3_11.eps>
File: figures/3_12_2.eps Graphic file (type eps)
 <figures/3_12_2.eps> [31] [32]
File: figures/3_12_3.eps Graphic file (type eps)
 <figures/3_12_3.eps>
File: figures/3_12_4.eps Graphic file (type eps)

<figures/3_12_4.eps> [33]
File: figures/3_12_5.eps Graphic file (type eps)
 <figures/3_12_5.eps>
File: figures/3_12_26.eps Graphic file (type eps)
 <figures/3_12_26.eps> [34]
File: figures/3_18.eps Graphic file (type eps)

<figures/3_18.eps>
Underfull \hbox (badness 10000) in paragraph at lines 220--221

 []

File: figures/3_17.eps Graphic file (type eps)
<figures/3_17.eps>
Underfull \hbox (badness 10000) in paragraph at lines 229--230

 []

[35]
File: figures/3_19.eps Graphic file (type eps)
 <figures/3_19.eps> [36]
File: figures/3_20.eps Graphic file (type eps)
 <figures/3_20.eps>
File: figures/3_21.eps Graphic file (type eps)
 <figures/3_21.eps>
File: figures/3_22.eps Graphic file (type eps)

<figures/3_22.eps>
File: figures/3_23.eps Graphic file (type eps)
 <figures/3_23.eps> [37] [38]
File: figures/3_13.eps Graphic file (type eps)
 <figures/3_13.eps>
Missing character: There is no … in font cmr12!
File: figures/3_14.eps Graphic file (type eps)

<figures/3_14.eps>
Underfull \hbox (badness 10000) in paragraph at lines 283--284

 []

[39]
File: figures/3_15.eps Graphic file (type eps)
 <figures/3_15.eps>
File: figures/3_16.eps Graphic file (type eps)
 <figures/3_16.eps>) [40] [41]
\openout2 = `2_chapters/chap4.aux'.

 (2_chapters/chap4.tex
Chapter 4.
File: figures/4_1.eps Graphic file (type eps)
<figures/4_1.eps>
Underfull \hbox (badness 10000) in paragraph at lines 24--26

 []


Underfull \hbox (badness 10000) in paragraph at lines 27--29

 []

[42



]
File: figures/4_2.eps Graphic file (type eps)
 <figures/4_2.eps> [43]
File: figures/4_3.eps Graphic file (type eps)
 <figures/4_3.eps> [44]
File: figures/power_sum.eps Graphic file (type eps)
 <figures/power_sum.eps>
File: figures/power.eps Graphic file (type eps)

<figures/power.eps> [45]
Underfull \hbox (badness 10000) in paragraph at lines 96--97

 []

File: figures/4_4.eps Graphic file (type eps)
<figures/4_4.eps>
File: figures/4_5.eps Graphic file (type eps)
 <figures/4_5.eps> [46] [47]
File: figures/4_6.eps Graphic file (type eps)
 <figures/4_6.eps> [48]
File: figures/4_7.eps Graphic file (type eps)

<figures/4_7.eps> [49]
File: figures/4_8.eps Graphic file (type eps)
 <figures/4_8.eps> [50] [51]
File: figures/4_9.eps Graphic file (type eps)
 <figures/4_9.eps> [52]
Overfull \hbox (11.82066pt too wide) in paragraph at lines 260--274
 [][] 
 []

File: figures/4_10.eps Graphic file (type eps)
<figures/4_10.eps>) [53]
\openout2 = `2_chapters/chap5.aux'.

 (2_chapters/chap5.tex
Chapter 5.

Underfull \hbox (badness 10000) in paragraph at lines 7--8

 []


Underfull \hbox (badness 10000) in paragraph at lines 13--14

 []

[54



]) [55]
\openout2 = `3_bibliography/bib.aux'.

 (3_bibliography/bib.tex (thesis.bbl [56



] [57] [58])) [59]
(thesis.aux (1_foreword/abstract.aux) (1_foreword/ack.aux)
(1_foreword/contents.aux) (1_foreword/tables.aux) (1_foreword/figures.aux)
(2_chapters/chap1.aux) (2_chapters/chap2.aux) (2_chapters/chap3.aux)
(2_chapters/chap4.aux) (2_chapters/chap5.aux) (3_bibliography/bib.aux))

LaTeX Warning: There were multiply-defined labels.

 ) 
Here is how much of TeX's memory you used:
 3804 strings out of 427809
 51342 string characters out of 3151970
 138083 words of memory out of 3000000
 7612 multiletter control sequences out of 15000+200000
 7456 words of font info for 40 fonts, out of 3000000 for 9000
 1328 hyphenation exceptions out of 8191
 34i,9n,34p,1116b,327s stack positions out of 5000i,500n,10000p,200000b,50000s

Output written on thesis.pdf (68 pages).
